#
# There is insufficient memory for the Java Runtime Environment to continue.
# Native memory allocation (malloc) failed to allocate 2097152 bytes. Error detail: AllocateHeap
# Possible reasons:
#   The system is out of physical RAM or swap space
#   This process is running with CompressedOops enabled, and the Java Heap may be blocking the growth of the native heap
# Possible solutions:
#   Reduce memory load on the system
#   Increase physical memory or swap space
#   Check if swap backing store is full
#   Decrease Java heap size (-Xmx/-Xms)
#   Decrease number of Java threads
#   Decrease Java thread stack sizes (-Xss)
#   Set larger code cache with -XX:ReservedCodeCacheSize=
#   JVM is running with Unscaled Compressed Oops mode in which the Java heap is
#     placed in the first 4GB address space. The Java Heap base address is the
#     maximum limit for the native heap growth. Please use -XX:HeapBaseMinAddress
#     to set the Java Heap base and to place the Java Heap above 4GB virtual address.
# This output file may be truncated or incomplete.
#
#  Out of Memory Error (allocation.cpp:44), pid=11344, tid=11164
#
# JRE version: OpenJDK Runtime Environment Microsoft-12574459 (21.0.9+10) (build 21.0.9+10-LTS)
# Java VM: OpenJDK 64-Bit Server VM Microsoft-12574459 (21.0.9+10-LTS, mixed mode, emulated-client, sharing, tiered, compressed oops, compressed class ptrs, g1 gc, windows-amd64)
# No core dump will be written. Minidumps are not enabled by default on client versions of Windows
#

---------------  S U M M A R Y ------------

Command Line: -XX:TieredStopAtLevel=1 -Dspring.output.ansi.enabled=always -Dcom.sun.management.jmxremote -Dspring.jmx.enabled=true -Dspring.liveBeansView.mbeanDomain -Dspring.application.admin.enabled=true -Dmanagement.endpoints.jmx.exposure.include=* -javaagent:C:\Program Files\JetBrains\IntelliJ IDEA 2025.1.3\lib\idea_rt.jar=65518 -Dfile.encoding=UTF-8 -Dsun.stdout.encoding=UTF-8 -Dsun.stderr.encoding=UTF-8 be.BeApplication

Host: 11th Gen Intel(R) Core(TM) i5-11260H @ 2.60GHz, 12 cores, 7G,  Windows 11 , 64 bit Build 22621 (10.0.22621.3672)
Time: Wed Apr 15 15:05:36 2026 SE Asia Standard Time elapsed time: 935.453982 seconds (0d 0h 15m 35s)

---------------  T H R E A D  ---------------

Current thread (0x0000025aa1d822e0):  VMThread "VM Thread"          [id=11164, stack(0x000000aa1c700000,0x000000aa1c800000) (1024K)]

Stack: [0x000000aa1c700000,0x000000aa1c800000]
Native frames: (J=compiled Java code, j=interpreted, Vv=VM code, C=native code)
V  [jvm.dll+0x6df259]  (no source info available)
V  [jvm.dll+0x8bfe4b]  (no source info available)
V  [jvm.dll+0x8c23da]  (no source info available)
V  [jvm.dll+0x8c2ab3]  (no source info available)
V  [jvm.dll+0x28a416]  (no source info available)
V  [jvm.dll+0xc3c07]  (no source info available)
V  [jvm.dll+0x3575ce]  (no source info available)
V  [jvm.dll+0x35227e]  (no source info available)
V  [jvm.dll+0x33a797]  (no source info available)
V  [jvm.dll+0x37da54]  (no source info available)
V  [jvm.dll+0x8c881f]  (no source info available)
V  [jvm.dll+0x8c9d2c]  (no source info available)
V  [jvm.dll+0x8ca2a4]  (no source info available)
V  [jvm.dll+0x8ca3a3]  (no source info available)
V  [jvm.dll+0x869f7d]  (no source info available)
V  [jvm.dll+0x6e080d]  (no source info available)
C  [ucrtbase.dll+0x29333]  (no source info available)
C  [KERNEL32.DLL+0x1257d]  (no source info available)
C  [ntdll.dll+0x5af28]  (no source info available)

VM_Operation (0x000000aa1bdfedd0): G1CollectFull, mode: safepoint, requested by thread 0x0000025ae8459070


---------------  P R O C E S S  ---------------

Threads class SMR info:
_java_thread_list=0x0000025aa2a1d7d0, length=18, elements={
0x0000025aa1d9b4f0, 0x0000025aa1d9c2f0, 0x0000025aa1d9f100, 0x0000025aa1da0db0,
0x0000025aa1da3900, 0x0000025aa1dae1d0, 0x0000025aa1db2bd0, 0x0000025aa1dafc10,
0x0000025aa1dadb40, 0x0000025aa1daf580, 0x0000025aa1dae860, 0x0000025aa1dad4b0,
0x0000025ae8456fa0, 0x0000025ae8457cc0, 0x0000025aeb3988b0, 0x0000025aeb3dee70,
0x0000025aeb3df500, 0x0000025ae8459070
}

Java Threads: ( => current thread )
  0x0000025aa1d9b4f0 JavaThread "Reference Handler"          daemon [_thread_blocked, id=5616, stack(0x000000aa1c800000,0x000000aa1c900000) (1024K)]
  0x0000025aa1d9c2f0 JavaThread "Finalizer"                  daemon [_thread_blocked, id=9100, stack(0x000000aa1c900000,0x000000aa1ca00000) (1024K)]
  0x0000025aa1d9f100 JavaThread "Signal Dispatcher"          daemon [_thread_blocked, id=15320, stack(0x000000aa1ca00000,0x000000aa1cb00000) (1024K)]
  0x0000025aa1da0db0 JavaThread "Attach Listener"            daemon [_thread_blocked, id=11236, stack(0x000000aa1cb00000,0x000000aa1cc00000) (1024K)]
  0x0000025aa1da3900 JavaThread "Service Thread"             daemon [_thread_blocked, id=14144, stack(0x000000aa1cc00000,0x000000aa1cd00000) (1024K)]
  0x0000025aa1dae1d0 JavaThread "Monitor Deflation Thread"   daemon [_thread_blocked, id=5108, stack(0x000000aa1cd00000,0x000000aa1ce00000) (1024K)]
  0x0000025aa1db2bd0 JavaThread "C1 CompilerThread0"         daemon [_thread_blocked, id=12500, stack(0x000000aa1ce00000,0x000000aa1cf00000) (1024K)]
  0x0000025aa1dafc10 JavaThread "Common-Cleaner"             daemon [_thread_blocked, id=2784, stack(0x000000aa1d000000,0x000000aa1d100000) (1024K)]
  0x0000025aa1dadb40 JavaThread "Monitor Ctrl-Break"         daemon [_thread_in_native, id=8496, stack(0x000000aa1d100000,0x000000aa1d200000) (1024K)]
  0x0000025aa1daf580 JavaThread "Notification Thread"        daemon [_thread_blocked, id=1336, stack(0x000000aa1d200000,0x000000aa1d300000) (1024K)]
  0x0000025aa1dae860 JavaThread "RMI TCP Accept-0"           daemon [_thread_in_native, id=1764, stack(0x000000aa1d300000,0x000000aa1d400000) (1024K)]
  0x0000025aa1dad4b0 JavaThread "RMI Scheduler(0)"           daemon [_thread_blocked, id=8784, stack(0x000000aa1dd00000,0x000000aa1de00000) (1024K)]
  0x0000025ae8456fa0 JavaThread "JMX server connection timeout 35" daemon [_thread_blocked, id=15616, stack(0x000000aa1de00000,0x000000aa1df00000) (1024K)]
  0x0000025ae8457cc0 JavaThread "mysql-cj-abandoned-connection-cleanup" daemon [_thread_blocked, id=17220, stack(0x000000aa1e800000,0x000000aa1e900000) (1024K)]
  0x0000025aeb3988b0 JavaThread "Live Reload Server"         daemon [_thread_in_native, id=7244, stack(0x000000aa1ee00000,0x000000aa1ef00000) (1024K)]
  0x0000025aeb3dee70 JavaThread "DestroyJavaVM"                     [_thread_blocked, id=10784, stack(0x000000aa1c000000,0x000000aa1c100000) (1024K)]
  0x0000025aeb3df500 JavaThread "RMI TCP Connection(2)-192.168.1.16" daemon [_thread_in_native, id=2684, stack(0x000000aa1fa00000,0x000000aa1fb00000) (1024K)]
  0x0000025ae8459070 JavaThread "Thread-11"                         [_thread_blocked, id=8016, stack(0x000000aa1bd00000,0x000000aa1be00000) (1024K)]
Total: 18

Other Threads:
=>0x0000025aa1d822e0 VMThread "VM Thread"                           [id=11164, stack(0x000000aa1c700000,0x000000aa1c800000) (1024K)]
  0x0000025aa1d70bf0 WatcherThread "VM Periodic Task Thread"        [id=6828, stack(0x000000aa1c600000,0x000000aa1c700000) (1024K)]
  0x0000025a9133c230 WorkerThread "GC Thread#0"                     [id=3516, stack(0x000000aa1c100000,0x000000aa1c200000) (1024K)]
  0x0000025aa2c30570 WorkerThread "GC Thread#1"                     [id=14768, stack(0x000000aa1d400000,0x000000aa1d500000) (1024K)]
  0x0000025aa2c4fdf0 WorkerThread "GC Thread#2"                     [id=1824, stack(0x000000aa1d500000,0x000000aa1d600000) (1024K)]
  0x0000025aa2c91a50 WorkerThread "GC Thread#3"                     [id=1936, stack(0x000000aa1d600000,0x000000aa1d700000) (1024K)]
  0x0000025aa2c96200 WorkerThread "GC Thread#4"                     [id=2060, stack(0x000000aa1d700000,0x000000aa1d800000) (1024K)]
  0x0000025aa2c965a0 WorkerThread "GC Thread#5"                     [id=1340, stack(0x000000aa1d800000,0x000000aa1d900000) (1024K)]
  0x0000025aa2c97150 WorkerThread "GC Thread#6"                     [id=2424, stack(0x000000aa1d900000,0x000000aa1da00000) (1024K)]
  0x0000025ae85d32b0 WorkerThread "GC Thread#7"                     [id=16736, stack(0x000000aa1df00000,0x000000aa1e000000) (1024K)]
  0x0000025ae87d1050 WorkerThread "GC Thread#8"                     [id=17948, stack(0x000000aa1e000000,0x000000aa1e100000) (1024K)]
  0x0000025ae87d13f0 WorkerThread "GC Thread#9"                     [id=9636, stack(0x000000aa1e100000,0x000000aa1e200000) (1024K)]
  0x0000025a91368d60 ConcurrentGCThread "G1 Main Marker"            [id=1508, stack(0x000000aa1c200000,0x000000aa1c300000) (1024K)]
  0x0000025a91369860 WorkerThread "G1 Conc#0"                       [id=5152, stack(0x000000aa1c300000,0x000000aa1c400000) (1024K)]
  0x0000025ae86ed5f0 WorkerThread "G1 Conc#1"                       [id=13116, stack(0x000000aa1e400000,0x000000aa1e500000) (1024K)]
  0x0000025ae86ed990 WorkerThread "G1 Conc#2"                       [id=18392, stack(0x000000aa1e500000,0x000000aa1e600000) (1024K)]
  0x0000025aa1c413f0 ConcurrentGCThread "G1 Refine#0"               [id=12416, stack(0x000000aa1c400000,0x000000aa1c500000) (1024K)]
  0x0000025aa1c41f60 ConcurrentGCThread "G1 Service"                [id=1732, stack(0x000000aa1c500000,0x000000aa1c600000) (1024K)]
Total: 18

Threads with active compile tasks:
Total: 0

VM state: at safepoint (normal execution)

VM Mutex/Monitor currently owned by a thread:  ([mutex/lock_event])
[0x00007fff8c57b8b0] Threads_lock - owner thread: 0x0000025aa1d822e0
[0x00007fff8c57b9b0] Heap_lock - owner thread: 0x0000025ae8459070

Heap address: 0x0000000084400000, size: 1980 MB, Compressed Oops mode: 32-bit

CDS archive(s) mapped at: [0x0000025aa3000000-0x0000025aa3c80000-0x0000025aa3c80000), size 13107200, SharedBaseAddress: 0x0000025aa3000000, ArchiveRelocationMode: 1.
Compressed class space mapped at: 0x0000025aa4000000-0x0000025ae4000000, reserved size: 1073741824
Narrow klass base: 0x0000025aa3000000, Narrow klass shift: 0, Narrow klass range: 0x100000000

GC Precious Log:
 CardTable entry size: 512
 Card Set container configuration: InlinePtr #cards 5 size 8 Array Of Cards #cards 12 size 40 Howl #buckets 4 coarsen threshold 1843 Howl Bitmap #cards 512 size 80 coarsen threshold 460 Card regions per heap region 1 cards per card region 2048
 CPUs: 12 total, 12 available
 Memory: 7913M
 Large Page Support: Disabled
 NUMA Support: Disabled
 Compressed Oops: Enabled (32-bit)
 Heap Region Size: 1M
 Heap Min Capacity: 8M
 Heap Initial Capacity: 124M
 Heap Max Capacity: 1980M
 Pre-touch: Disabled
 Parallel Workers: 10
 Concurrent Workers: 3
 Concurrent Refinement Workers: 10
 Periodic GC: Disabled

Heap:
 garbage-first heap   total 153600K, used 91267K [0x0000000084400000, 0x0000000100000000)
  region size 1024K, 53 young (54272K), 8 survivors (8192K)
 Metaspace       used 92546K, committed 93504K, reserved 1179648K
  class space    used 13501K, committed 13888K, reserved 1048576K

Heap Regions: E=young(eden), S=young(survivor), O=old, HS=humongous(starts), HC=humongous(continues), CS=collection set, F=free, TAMS=top-at-mark-start, PB=parsable bottom
|   0|0x0000000084400000, 0x0000000084500000, 0x0000000084500000|100%|HS|  |TAMS 0x0000000084400000| PB 0x0000000084400000| Complete 
|   1|0x0000000084500000, 0x0000000084600000, 0x0000000084600000|100%|HS|  |TAMS 0x0000000084500000| PB 0x0000000084500000| Complete 
|   2|0x0000000084600000, 0x0000000084700000, 0x0000000084700000|100%| O|  |TAMS 0x0000000084600000| PB 0x0000000084600000| Untracked 
|   3|0x0000000084700000, 0x0000000084800000, 0x0000000084800000|100%| O|  |TAMS 0x0000000084700000| PB 0x0000000084700000| Untracked 
|   4|0x0000000084800000, 0x0000000084900000, 0x0000000084900000|100%| O|  |TAMS 0x0000000084800000| PB 0x0000000084800000| Untracked 
|   5|0x0000000084900000, 0x0000000084a00000, 0x0000000084a00000|100%| O|  |TAMS 0x0000000084900000| PB 0x0000000084900000| Untracked 
|   6|0x0000000084a00000, 0x0000000084b00000, 0x0000000084b00000|100%| O|  |TAMS 0x0000000084a00000| PB 0x0000000084a00000| Untracked 
|   7|0x0000000084b00000, 0x0000000084c00000, 0x0000000084c00000|100%| O|  |TAMS 0x0000000084b00000| PB 0x0000000084b00000| Untracked 
|   8|0x0000000084c00000, 0x0000000084cffff8, 0x0000000084d00000| 99%| O|  |TAMS 0x0000000084c00000| PB 0x0000000084c00000| Untracked 
|   9|0x0000000084d00000, 0x0000000084dfffe8, 0x0000000084e00000| 99%| O|  |TAMS 0x0000000084d00000| PB 0x0000000084d00000| Untracked 
|  10|0x0000000084e00000, 0x0000000084efffb8, 0x0000000084f00000| 99%| O|  |TAMS 0x0000000084e00000| PB 0x0000000084e00000| Untracked 
|  11|0x0000000084f00000, 0x0000000084ffffd8, 0x0000000085000000| 99%| O|  |TAMS 0x0000000084f00000| PB 0x0000000084f00000| Untracked 
|  12|0x0000000085000000, 0x00000000850fffe8, 0x0000000085100000| 99%| O|  |TAMS 0x0000000085000000| PB 0x0000000085000000| Untracked 
|  13|0x0000000085100000, 0x00000000851ffff8, 0x0000000085200000| 99%| O|  |TAMS 0x0000000085100000| PB 0x0000000085100000| Untracked 
|  14|0x0000000085200000, 0x00000000852fffe0, 0x0000000085300000| 99%| O|  |TAMS 0x0000000085200000| PB 0x0000000085200000| Untracked 
|  15|0x0000000085300000, 0x00000000853ffff8, 0x0000000085400000| 99%| O|  |TAMS 0x0000000085300000| PB 0x0000000085300000| Untracked 
|  16|0x0000000085400000, 0x00000000854ffff8, 0x0000000085500000| 99%| O|  |TAMS 0x0000000085400000| PB 0x0000000085400000| Untracked 
|  17|0x0000000085500000, 0x00000000855fffb0, 0x0000000085600000| 99%| O|  |TAMS 0x0000000085500000| PB 0x0000000085500000| Untracked 
|  18|0x0000000085600000, 0x00000000856ffff0, 0x0000000085700000| 99%| O|  |TAMS 0x0000000085600000| PB 0x0000000085600000| Untracked 
|  19|0x0000000085700000, 0x00000000857fffe8, 0x0000000085800000| 99%| O|  |TAMS 0x0000000085700000| PB 0x0000000085700000| Untracked 
|  20|0x0000000085800000, 0x00000000858ffff0, 0x0000000085900000| 99%| O|  |TAMS 0x0000000085800000| PB 0x0000000085800000| Untracked 
|  21|0x0000000085900000, 0x0000000085a00000, 0x0000000085a00000|100%| O|  |TAMS 0x0000000085900000| PB 0x0000000085900000| Untracked 
|  22|0x0000000085a00000, 0x0000000085afffa0, 0x0000000085b00000| 99%| O|  |TAMS 0x0000000085a00000| PB 0x0000000085a00000| Untracked 
|  23|0x0000000085b00000, 0x0000000085bffff0, 0x0000000085c00000| 99%| O|  |TAMS 0x0000000085b00000| PB 0x0000000085b00000| Untracked 
|  24|0x0000000085c00000, 0x0000000085d00000, 0x0000000085d00000|100%| O|  |TAMS 0x0000000085c00000| PB 0x0000000085c00000| Untracked 
|  25|0x0000000085d00000, 0x0000000085e00000, 0x0000000085e00000|100%| O|  |TAMS 0x0000000085d00000| PB 0x0000000085d00000| Untracked 
|  26|0x0000000085e00000, 0x0000000085f00000, 0x0000000085f00000|100%| O|  |TAMS 0x0000000085e00000| PB 0x0000000085e00000| Untracked 
|  27|0x0000000085f00000, 0x0000000085fffaf0, 0x0000000086000000| 99%| O|  |TAMS 0x0000000085f00000| PB 0x0000000085f00000| Untracked 
|  28|0x0000000086000000, 0x00000000860fffe0, 0x0000000086100000| 99%| O|  |TAMS 0x0000000086000000| PB 0x0000000086000000| Untracked 
|  29|0x0000000086100000, 0x00000000861ffff8, 0x0000000086200000| 99%| O|  |TAMS 0x0000000086100000| PB 0x0000000086100000| Untracked 
|  30|0x0000000086200000, 0x00000000862ffff0, 0x0000000086300000| 99%| O|  |TAMS 0x0000000086200000| PB 0x0000000086200000| Untracked 
|  31|0x0000000086300000, 0x0000000086383a38, 0x0000000086400000| 51%| O|  |TAMS 0x0000000086300000| PB 0x0000000086300000| Untracked 
|  32|0x0000000086400000, 0x00000000864ffff0, 0x0000000086500000| 99%| O|  |TAMS 0x0000000086400000| PB 0x0000000086400000| Untracked 
|  33|0x0000000086500000, 0x00000000865b0798, 0x0000000086600000| 68%| O|  |TAMS 0x0000000086500000| PB 0x0000000086500000| Untracked 
|  34|0x0000000086600000, 0x00000000866bad88, 0x0000000086700000| 72%| O|  |TAMS 0x0000000086600000| PB 0x0000000086600000| Untracked 
|  35|0x0000000086700000, 0x0000000086800000, 0x0000000086800000|100%| O|  |TAMS 0x0000000086700000| PB 0x0000000086700000| Untracked 
|  36|0x0000000086800000, 0x0000000086834988, 0x0000000086900000| 20%| O|  |TAMS 0x0000000086800000| PB 0x0000000086800000| Untracked 
|  37|0x0000000086900000, 0x0000000086900000, 0x0000000086a00000|  0%| F|  |TAMS 0x0000000086900000| PB 0x0000000086900000| Untracked 
|  38|0x0000000086a00000, 0x0000000086b00000, 0x0000000086b00000|100%| O|  |TAMS 0x0000000086a00000| PB 0x0000000086a00000| Untracked 
|  39|0x0000000086b00000, 0x0000000086c00000, 0x0000000086c00000|100%| O|  |TAMS 0x0000000086b00000| PB 0x0000000086b00000| Untracked 
|  40|0x0000000086c00000, 0x0000000086d00000, 0x0000000086d00000|100%| O|  |TAMS 0x0000000086c00000| PB 0x0000000086c00000| Untracked 
|  41|0x0000000086d00000, 0x0000000086d0d758, 0x0000000086e00000|  5%| O|  |TAMS 0x0000000086d00000| PB 0x0000000086d00000| Untracked 
|  42|0x0000000086e00000, 0x0000000086ec6170, 0x0000000086f00000| 77%| O|  |TAMS 0x0000000086e00000| PB 0x0000000086e00000| Untracked 
|  43|0x0000000086f00000, 0x0000000086f00000, 0x0000000087000000|  0%| F|  |TAMS 0x0000000086f00000| PB 0x0000000086f00000| Untracked 
|  44|0x0000000087000000, 0x0000000087000000, 0x0000000087100000|  0%| F|  |TAMS 0x0000000087000000| PB 0x0000000087000000| Untracked 
|  45|0x0000000087100000, 0x0000000087100000, 0x0000000087200000|  0%| F|  |TAMS 0x0000000087100000| PB 0x0000000087100000| Untracked 
|  46|0x0000000087200000, 0x0000000087200000, 0x0000000087300000|  0%| F|  |TAMS 0x0000000087200000| PB 0x0000000087200000| Untracked 
|  47|0x0000000087300000, 0x0000000087300000, 0x0000000087400000|  0%| F|  |TAMS 0x0000000087300000| PB 0x0000000087300000| Untracked 
|  48|0x0000000087400000, 0x0000000087400000, 0x0000000087500000|  0%| F|  |TAMS 0x0000000087400000| PB 0x0000000087400000| Untracked 
|  49|0x0000000087500000, 0x0000000087500000, 0x0000000087600000|  0%| F|  |TAMS 0x0000000087500000| PB 0x0000000087500000| Untracked 
|  50|0x0000000087600000, 0x0000000087600000, 0x0000000087700000|  0%| F|  |TAMS 0x0000000087600000| PB 0x0000000087600000| Untracked 
|  51|0x0000000087700000, 0x0000000087700000, 0x0000000087800000|  0%| F|  |TAMS 0x0000000087700000| PB 0x0000000087700000| Untracked 
|  52|0x0000000087800000, 0x0000000087800000, 0x0000000087900000|  0%| F|  |TAMS 0x0000000087800000| PB 0x0000000087800000| Untracked 
|  53|0x0000000087900000, 0x0000000087900000, 0x0000000087a00000|  0%| F|  |TAMS 0x0000000087900000| PB 0x0000000087900000| Untracked 
|  54|0x0000000087a00000, 0x0000000087a00000, 0x0000000087b00000|  0%| F|  |TAMS 0x0000000087a00000| PB 0x0000000087a00000| Untracked 
|  55|0x0000000087b00000, 0x0000000087b00000, 0x0000000087c00000|  0%| F|  |TAMS 0x0000000087b00000| PB 0x0000000087b00000| Untracked 
|  56|0x0000000087c00000, 0x0000000087c00000, 0x0000000087d00000|  0%| F|  |TAMS 0x0000000087c00000| PB 0x0000000087c00000| Untracked 
|  57|0x0000000087d00000, 0x0000000087d00000, 0x0000000087e00000|  0%| F|  |TAMS 0x0000000087d00000| PB 0x0000000087d00000| Untracked 
|  58|0x0000000087e00000, 0x0000000087e2a280, 0x0000000087f00000| 16%| S|CS|TAMS 0x0000000087e00000| PB 0x0000000087e00000| Complete 
|  59|0x0000000087f00000, 0x0000000088000000, 0x0000000088000000|100%| S|CS|TAMS 0x0000000087f00000| PB 0x0000000087f00000| Complete 
|  60|0x0000000088000000, 0x0000000088100000, 0x0000000088100000|100%| S|CS|TAMS 0x0000000088000000| PB 0x0000000088000000| Complete 
|  61|0x0000000088100000, 0x0000000088200000, 0x0000000088200000|100%| S|CS|TAMS 0x0000000088100000| PB 0x0000000088100000| Complete 
|  62|0x0000000088200000, 0x0000000088200000, 0x0000000088300000|  0%| F|  |TAMS 0x0000000088200000| PB 0x0000000088200000| Untracked 
|  63|0x0000000088300000, 0x0000000088300000, 0x0000000088400000|  0%| F|  |TAMS 0x0000000088300000| PB 0x0000000088300000| Untracked 
|  64|0x0000000088400000, 0x0000000088400000, 0x0000000088500000|  0%| F|  |TAMS 0x0000000088400000| PB 0x0000000088400000| Untracked 
|  65|0x0000000088500000, 0x0000000088500000, 0x0000000088600000|  0%| F|  |TAMS 0x0000000088500000| PB 0x0000000088500000| Untracked 
|  66|0x0000000088600000, 0x0000000088700000, 0x0000000088700000|100%| S|CS|TAMS 0x0000000088600000| PB 0x0000000088600000| Complete 
|  67|0x0000000088700000, 0x0000000088800000, 0x0000000088800000|100%| S|CS|TAMS 0x0000000088700000| PB 0x0000000088700000| Complete 
|  68|0x0000000088800000, 0x0000000088900000, 0x0000000088900000|100%| S|CS|TAMS 0x0000000088800000| PB 0x0000000088800000| Complete 
|  69|0x0000000088900000, 0x0000000088a00000, 0x0000000088a00000|100%| S|CS|TAMS 0x0000000088900000| PB 0x0000000088900000| Complete 
|  70|0x0000000088a00000, 0x0000000088a00000, 0x0000000088b00000|  0%| F|  |TAMS 0x0000000088a00000| PB 0x0000000088a00000| Untracked 
|  71|0x0000000088b00000, 0x0000000088b00000, 0x0000000088c00000|  0%| F|  |TAMS 0x0000000088b00000| PB 0x0000000088b00000| Untracked 
|  72|0x0000000088c00000, 0x0000000088c00000, 0x0000000088d00000|  0%| F|  |TAMS 0x0000000088c00000| PB 0x0000000088c00000| Untracked 
|  73|0x0000000088d00000, 0x0000000088d00000, 0x0000000088e00000|  0%| F|  |TAMS 0x0000000088d00000| PB 0x0000000088d00000| Untracked 
|  74|0x0000000088e00000, 0x0000000088e00000, 0x0000000088f00000|  0%| F|  |TAMS 0x0000000088e00000| PB 0x0000000088e00000| Untracked 
|  75|0x0000000088f00000, 0x0000000088f00000, 0x0000000089000000|  0%| F|  |TAMS 0x0000000088f00000| PB 0x0000000088f00000| Untracked 
|  76|0x0000000089000000, 0x0000000089000000, 0x0000000089100000|  0%| F|  |TAMS 0x0000000089000000| PB 0x0000000089000000| Untracked 
|  77|0x0000000089100000, 0x0000000089100000, 0x0000000089200000|  0%| F|  |TAMS 0x0000000089100000| PB 0x0000000089100000| Untracked 
|  78|0x0000000089200000, 0x0000000089200000, 0x0000000089300000|  0%| F|  |TAMS 0x0000000089200000| PB 0x0000000089200000| Untracked 
|  79|0x0000000089300000, 0x0000000089300000, 0x0000000089400000|  0%| F|  |TAMS 0x0000000089300000| PB 0x0000000089300000| Untracked 
|  80|0x0000000089400000, 0x0000000089400000, 0x0000000089500000|  0%| F|  |TAMS 0x0000000089400000| PB 0x0000000089400000| Untracked 
|  81|0x0000000089500000, 0x0000000089500000, 0x0000000089600000|  0%| F|  |TAMS 0x0000000089500000| PB 0x0000000089500000| Untracked 
|  82|0x0000000089600000, 0x0000000089600000, 0x0000000089700000|  0%| F|  |TAMS 0x0000000089600000| PB 0x0000000089600000| Untracked 
|  83|0x0000000089700000, 0x0000000089700000, 0x0000000089800000|  0%| F|  |TAMS 0x0000000089700000| PB 0x0000000089700000| Untracked 
|  84|0x0000000089800000, 0x0000000089800000, 0x0000000089900000|  0%| F|  |TAMS 0x0000000089800000| PB 0x0000000089800000| Untracked 
|  85|0x0000000089900000, 0x0000000089900000, 0x0000000089a00000|  0%| F|  |TAMS 0x0000000089900000| PB 0x0000000089900000| Untracked 
|  86|0x0000000089a00000, 0x0000000089a00000, 0x0000000089b00000|  0%| F|  |TAMS 0x0000000089a00000| PB 0x0000000089a00000| Untracked 
|  87|0x0000000089b00000, 0x0000000089b00000, 0x0000000089c00000|  0%| F|  |TAMS 0x0000000089b00000| PB 0x0000000089b00000| Untracked 
|  88|0x0000000089c00000, 0x0000000089c00000, 0x0000000089d00000|  0%| F|  |TAMS 0x0000000089c00000| PB 0x0000000089c00000| Untracked 
|  89|0x0000000089d00000, 0x0000000089d00000, 0x0000000089e00000|  0%| F|  |TAMS 0x0000000089d00000| PB 0x0000000089d00000| Untracked 
|  90|0x0000000089e00000, 0x0000000089e00000, 0x0000000089f00000|  0%| F|  |TAMS 0x0000000089e00000| PB 0x0000000089e00000| Untracked 
|  91|0x0000000089f00000, 0x0000000089f00000, 0x000000008a000000|  0%| F|  |TAMS 0x0000000089f00000| PB 0x0000000089f00000| Untracked 
|  92|0x000000008a000000, 0x000000008a000000, 0x000000008a100000|  0%| F|  |TAMS 0x000000008a000000| PB 0x000000008a000000| Untracked 
|  93|0x000000008a100000, 0x000000008a100000, 0x000000008a200000|  0%| F|  |TAMS 0x000000008a100000| PB 0x000000008a100000| Untracked 
|  94|0x000000008a200000, 0x000000008a200000, 0x000000008a300000|  0%| F|  |TAMS 0x000000008a200000| PB 0x000000008a200000| Untracked 
|  95|0x000000008a300000, 0x000000008a300000, 0x000000008a400000|  0%| F|  |TAMS 0x000000008a300000| PB 0x000000008a300000| Untracked 
|  96|0x000000008a400000, 0x000000008a400000, 0x000000008a500000|  0%| F|  |TAMS 0x000000008a400000| PB 0x000000008a400000| Untracked 
|  97|0x000000008a500000, 0x000000008a500000, 0x000000008a600000|  0%| F|  |TAMS 0x000000008a500000| PB 0x000000008a500000| Untracked 
|  98|0x000000008a600000, 0x000000008a600000, 0x000000008a700000|  0%| F|  |TAMS 0x000000008a600000| PB 0x000000008a600000| Untracked 
|  99|0x000000008a700000, 0x000000008a700000, 0x000000008a800000|  0%| F|  |TAMS 0x000000008a700000| PB 0x000000008a700000| Untracked 
| 100|0x000000008a800000, 0x000000008a800000, 0x000000008a900000|  0%| F|  |TAMS 0x000000008a800000| PB 0x000000008a800000| Untracked 
| 101|0x000000008a900000, 0x000000008a900000, 0x000000008aa00000|  0%| F|  |TAMS 0x000000008a900000| PB 0x000000008a900000| Untracked 
| 102|0x000000008aa00000, 0x000000008aa00000, 0x000000008ab00000|  0%| F|  |TAMS 0x000000008aa00000| PB 0x000000008aa00000| Untracked 
| 103|0x000000008ab00000, 0x000000008ab00000, 0x000000008ac00000|  0%| F|  |TAMS 0x000000008ab00000| PB 0x000000008ab00000| Untracked 
| 104|0x000000008ac00000, 0x000000008ac00000, 0x000000008ad00000|  0%| F|  |TAMS 0x000000008ac00000| PB 0x000000008ac00000| Untracked 
| 105|0x000000008ad00000, 0x000000008ae00000, 0x000000008ae00000|100%| E|  |TAMS 0x000000008ad00000| PB 0x000000008ad00000| Complete 
| 106|0x000000008ae00000, 0x000000008af00000, 0x000000008af00000|100%| E|CS|TAMS 0x000000008ae00000| PB 0x000000008ae00000| Complete 
| 107|0x000000008af00000, 0x000000008b000000, 0x000000008b000000|100%| E|CS|TAMS 0x000000008af00000| PB 0x000000008af00000| Complete 
| 108|0x000000008b000000, 0x000000008b100000, 0x000000008b100000|100%| E|CS|TAMS 0x000000008b000000| PB 0x000000008b000000| Complete 
| 109|0x000000008b100000, 0x000000008b200000, 0x000000008b200000|100%| E|CS|TAMS 0x000000008b100000| PB 0x000000008b100000| Complete 
| 110|0x000000008b200000, 0x000000008b300000, 0x000000008b300000|100%| E|CS|TAMS 0x000000008b200000| PB 0x000000008b200000| Complete 
| 111|0x000000008b300000, 0x000000008b400000, 0x000000008b400000|100%| E|CS|TAMS 0x000000008b300000| PB 0x000000008b300000| Complete 
| 112|0x000000008b400000, 0x000000008b500000, 0x000000008b500000|100%| E|CS|TAMS 0x000000008b400000| PB 0x000000008b400000| Complete 
| 113|0x000000008b500000, 0x000000008b600000, 0x000000008b600000|100%| E|CS|TAMS 0x000000008b500000| PB 0x000000008b500000| Complete 
| 114|0x000000008b600000, 0x000000008b700000, 0x000000008b700000|100%| E|CS|TAMS 0x000000008b600000| PB 0x000000008b600000| Complete 
| 115|0x000000008b700000, 0x000000008b800000, 0x000000008b800000|100%| E|CS|TAMS 0x000000008b700000| PB 0x000000008b700000| Complete 
| 116|0x000000008b800000, 0x000000008b900000, 0x000000008b900000|100%| E|  |TAMS 0x000000008b800000| PB 0x000000008b800000| Complete 
| 117|0x000000008b900000, 0x000000008ba00000, 0x000000008ba00000|100%| E|CS|TAMS 0x000000008b900000| PB 0x000000008b900000| Complete 
| 118|0x000000008ba00000, 0x000000008bb00000, 0x000000008bb00000|100%| E|CS|TAMS 0x000000008ba00000| PB 0x000000008ba00000| Complete 
| 119|0x000000008bb00000, 0x000000008bc00000, 0x000000008bc00000|100%| E|CS|TAMS 0x000000008bb00000| PB 0x000000008bb00000| Complete 
| 120|0x000000008bc00000, 0x000000008bd00000, 0x000000008bd00000|100%| E|CS|TAMS 0x000000008bc00000| PB 0x000000008bc00000| Complete 
| 121|0x000000008bd00000, 0x000000008be00000, 0x000000008be00000|100%| E|CS|TAMS 0x000000008bd00000| PB 0x000000008bd00000| Complete 
| 122|0x000000008be00000, 0x000000008bf00000, 0x000000008bf00000|100%| E|CS|TAMS 0x000000008be00000| PB 0x000000008be00000| Complete 
| 123|0x000000008bf00000, 0x000000008c000000, 0x000000008c000000|100%| E|CS|TAMS 0x000000008bf00000| PB 0x000000008bf00000| Complete 
| 124|0x000000008c000000, 0x000000008c100000, 0x000000008c100000|100%| E|CS|TAMS 0x000000008c000000| PB 0x000000008c000000| Complete 
| 125|0x000000008c100000, 0x000000008c200000, 0x000000008c200000|100%| E|CS|TAMS 0x000000008c100000| PB 0x000000008c100000| Complete 
| 126|0x000000008c200000, 0x000000008c300000, 0x000000008c300000|100%| E|CS|TAMS 0x000000008c200000| PB 0x000000008c200000| Complete 
| 127|0x000000008c300000, 0x000000008c400000, 0x000000008c400000|100%| E|CS|TAMS 0x000000008c300000| PB 0x000000008c300000| Complete 
| 128|0x000000008c400000, 0x000000008c500000, 0x000000008c500000|100%| E|CS|TAMS 0x000000008c400000| PB 0x000000008c400000| Complete 
| 129|0x000000008c500000, 0x000000008c600000, 0x000000008c600000|100%| E|CS|TAMS 0x000000008c500000| PB 0x000000008c500000| Complete 
| 130|0x000000008c600000, 0x000000008c700000, 0x000000008c700000|100%| E|CS|TAMS 0x000000008c600000| PB 0x000000008c600000| Complete 
| 131|0x000000008c700000, 0x000000008c800000, 0x000000008c800000|100%| E|CS|TAMS 0x000000008c700000| PB 0x000000008c700000| Complete 
| 132|0x000000008c800000, 0x000000008c900000, 0x000000008c900000|100%| E|CS|TAMS 0x000000008c800000| PB 0x000000008c800000| Complete 
| 133|0x000000008c900000, 0x000000008ca00000, 0x000000008ca00000|100%| E|CS|TAMS 0x000000008c900000| PB 0x000000008c900000| Complete 
| 134|0x000000008ca00000, 0x000000008cb00000, 0x000000008cb00000|100%| E|CS|TAMS 0x000000008ca00000| PB 0x000000008ca00000| Complete 
| 135|0x000000008cb00000, 0x000000008cc00000, 0x000000008cc00000|100%| E|CS|TAMS 0x000000008cb00000| PB 0x000000008cb00000| Complete 
| 136|0x000000008cc00000, 0x000000008cd00000, 0x000000008cd00000|100%| E|CS|TAMS 0x000000008cc00000| PB 0x000000008cc00000| Complete 
| 137|0x000000008cd00000, 0x000000008ce00000, 0x000000008ce00000|100%| E|CS|TAMS 0x000000008cd00000| PB 0x000000008cd00000| Complete 
| 138|0x000000008ce00000, 0x000000008cf00000, 0x000000008cf00000|100%| E|CS|TAMS 0x000000008ce00000| PB 0x000000008ce00000| Complete 
| 139|0x000000008cf00000, 0x000000008d000000, 0x000000008d000000|100%| E|CS|TAMS 0x000000008cf00000| PB 0x000000008cf00000| Complete 
| 140|0x000000008d000000, 0x000000008d100000, 0x000000008d100000|100%| E|CS|TAMS 0x000000008d000000| PB 0x000000008d000000| Complete 
| 141|0x000000008d100000, 0x000000008d200000, 0x000000008d200000|100%| E|CS|TAMS 0x000000008d100000| PB 0x000000008d100000| Complete 
| 142|0x000000008d200000, 0x000000008d300000, 0x000000008d300000|100%| E|CS|TAMS 0x000000008d200000| PB 0x000000008d200000| Complete 
| 143|0x000000008d300000, 0x000000008d400000, 0x000000008d400000|100%| E|CS|TAMS 0x000000008d300000| PB 0x000000008d300000| Complete 
| 144|0x000000008d400000, 0x000000008d500000, 0x000000008d500000|100%| E|CS|TAMS 0x000000008d400000| PB 0x000000008d400000| Complete 
| 145|0x000000008d500000, 0x000000008d600000, 0x000000008d600000|100%| E|CS|TAMS 0x000000008d500000| PB 0x000000008d500000| Complete 
| 146|0x000000008d600000, 0x000000008d700000, 0x000000008d700000|100%| E|CS|TAMS 0x000000008d600000| PB 0x000000008d600000| Complete 
| 147|0x000000008d700000, 0x000000008d800000, 0x000000008d800000|100%| E|CS|TAMS 0x000000008d700000| PB 0x000000008d700000| Complete 
| 254|0x0000000094200000, 0x0000000094300000, 0x0000000094300000|100%| E|CS|TAMS 0x0000000094200000| PB 0x0000000094200000| Complete 
| 255|0x0000000094300000, 0x0000000094400000, 0x0000000094400000|100%| E|CS|TAMS 0x0000000094300000| PB 0x0000000094300000| Complete 

Card table byte_map: [0x0000025a9d0f0000,0x0000025a9d4d0000] _byte_map_base: 0x0000025a9ccce000

Marking Bits: (CMBitMap*) 0x0000025a9133c930
 Bits: [0x0000025a9d4d0000, 0x0000025a9f3c0000)

Polling page: 0x0000025a8f2d0000

Metaspace:

Usage:
  Non-class:     77.19 MB used.
      Class:     13.19 MB used.
       Both:     90.38 MB used.

Virtual space:
  Non-class space:      128.00 MB reserved,      77.75 MB ( 61%) committed,  2 nodes.
      Class space:        1.00 GB reserved,      13.56 MB (  1%) committed,  1 nodes.
             Both:        1.12 GB reserved,      91.31 MB (  8%) committed. 

Chunk freelists:
   Non-Class:  1.90 MB
       Class:  2.34 MB
        Both:  4.24 MB

MaxMetaspaceSize: unlimited
CompressedClassSpaceSize: 1.00 GB
Initial GC threshold: 21.00 MB
Current GC threshold: 135.62 MB
CDS: on
 - commit_granule_bytes: 65536.
 - commit_granule_words: 8192.
 - virtual_space_node_default_size: 8388608.
 - enlarge_chunks_in_place: 1.
 - use_allocation_guard: 0.


Internal statistics:

num_allocs_failed_limit: 11.
num_arena_births: 1360.
num_arena_deaths: 10.
num_vsnodes_births: 3.
num_vsnodes_deaths: 0.
num_space_committed: 1461.
num_space_uncommitted: 0.
num_chunks_returned_to_freelist: 25.
num_chunks_taken_from_freelist: 4605.
num_chunk_merges: 11.
num_chunk_splits: 3358.
num_chunks_enlarged: 2607.
num_inconsistent_stats: 0.

CodeCache: size=49152Kb used=16577Kb max_used=17009Kb free=32575Kb
 bounds [0x0000025a999e0000, 0x0000025a9aad0000, 0x0000025a9c9e0000]
 total_blobs=9727, nmethods=8937, adapters=713, full_count=0
Compilation: enabled, stopped_count=0, restarted_count=0

Compilation events (20 events):
Event: 935.419 Thread 0x0000025aa1db2bd0 11277       1       ch.qos.logback.classic.Level::toString (5 bytes)
Event: 935.419 Thread 0x0000025aa1db2bd0 nmethod 11277 0x0000025a9a9e9690 code [0x0000025a9a9e9820, 0x0000025a9a9e98e8]
Event: 935.420 Thread 0x0000025aa1db2bd0 11278       1       com.zaxxer.hikari.pool.PoolEntry::compareAndSet (10 bytes)
Event: 935.421 Thread 0x0000025aa1db2bd0 nmethod 11278 0x0000025a9a9e9290 code [0x0000025a9a9e9440, 0x0000025a9a9e95c8]
Event: 935.421 Thread 0x0000025aa1db2bd0 11279       1       java.util.concurrent.atomic.AtomicIntegerFieldUpdater$AtomicIntegerFieldUpdaterImpl::compareAndSet (19 bytes)
Event: 935.421 Thread 0x0000025aa1db2bd0 nmethod 11279 0x0000025a9a9e8e90 code [0x0000025a9a9e9040, 0x0000025a9a9e9198]
Event: 935.426 Thread 0x0000025aa1db2bd0 11280       1       sun.security.ssl.SSLSocketImpl::isClosed (5 bytes)
Event: 935.426 Thread 0x0000025aa1db2bd0 nmethod 11280 0x0000025a9a9e8b90 code [0x0000025a9a9e8d20, 0x0000025a9a9e8df0]
Event: 935.428 Thread 0x0000025aa1db2bd0 11281       1       com.mysql.cj.jdbc.CloseOption$$Lambda/0x0000025aa4704c30::test (12 bytes)
Event: 935.428 Thread 0x0000025aa1db2bd0 nmethod 11281 0x0000025a9a9e8810 code [0x0000025a9a9e89a0, 0x0000025a9a9e8ac8]
Event: 935.428 Thread 0x0000025aa1db2bd0 11282       1       java.net.Socket::isConnected (8 bytes)
Event: 935.428 Thread 0x0000025aa1db2bd0 nmethod 11282 0x0000025a9a9e8510 code [0x0000025a9a9e86a0, 0x0000025a9a9e8780]
Event: 935.429 Thread 0x0000025aa1db2bd0 11283       1       org.springframework.beans.factory.support.DefaultListableBeanFactory::destroySingleton (15 bytes)
Event: 935.431 Thread 0x0000025aa1db2bd0 nmethod 11283 0x0000025a9a9e7e10 code [0x0000025a9a9e8000, 0x0000025a9a9e82f8]
Event: 935.431 Thread 0x0000025aa1db2bd0 11284   !   1       org.springframework.beans.factory.support.DefaultSingletonBeanRegistry::destroySingleton (111 bytes)
Event: 935.433 Thread 0x0000025aa1db2bd0 nmethod 11284 0x0000025a9a9e7590 code [0x0000025a9a9e77c0, 0x0000025a9a9e7c00]
Event: 935.446 Thread 0x0000025aa1db2bd0 11285       1       java.lang.Thread::isTerminated (16 bytes)
Event: 935.447 Thread 0x0000025aa1db2bd0 nmethod 11285 0x0000025a9a9e7210 code [0x0000025a9a9e73c0, 0x0000025a9a9e74c8]
Event: 935.447 Thread 0x0000025aa1db2bd0 11286       1       java.lang.Thread::getThreadGroup (30 bytes)
Event: 935.447 Thread 0x0000025aa1db2bd0 nmethod 11286 0x0000025a9a9e6c90 code [0x0000025a9a9e6e60, 0x0000025a9a9e70c0]

GC Heap History (20 events):
Event: 5.245 GC heap after
{Heap after GC invocations=21 (full 0):
 garbage-first heap   total 148480K, used 63282K [0x0000000084400000, 0x0000000100000000)
  region size 1024K, 7 young (7168K), 7 survivors (7168K)
 Metaspace       used 71053K, committed 71808K, reserved 1114112K
  class space    used 10443K, committed 10752K, reserved 1048576K
}
Event: 5.394 GC heap before
{Heap before GC invocations=21 (full 0):
 garbage-first heap   total 148480K, used 109362K [0x0000000084400000, 0x0000000100000000)
  region size 1024K, 53 young (54272K), 7 survivors (7168K)
 Metaspace       used 73441K, committed 74176K, reserved 1114112K
  class space    used 10804K, committed 11136K, reserved 1048576K
}
Event: 5.400 GC heap after
{Heap after GC invocations=22 (full 0):
 garbage-first heap   total 148480K, used 66918K [0x0000000084400000, 0x0000000100000000)
  region size 1024K, 3 young (3072K), 3 survivors (3072K)
 Metaspace       used 73441K, committed 74176K, reserved 1114112K
  class space    used 10804K, committed 11136K, reserved 1048576K
}
Event: 5.954 GC heap before
{Heap before GC invocations=23 (full 0):
 garbage-first heap   total 148480K, used 114022K [0x0000000084400000, 0x0000000100000000)
  region size 1024K, 50 young (51200K), 3 survivors (3072K)
 Metaspace       used 78508K, committed 79296K, reserved 1179648K
  class space    used 11576K, committed 11904K, reserved 1048576K
}
Event: 5.958 GC heap after
{Heap after GC invocations=24 (full 0):
 garbage-first heap   total 148480K, used 69485K [0x0000000084400000, 0x0000000100000000)
  region size 1024K, 6 young (6144K), 6 survivors (6144K)
 Metaspace       used 78508K, committed 79296K, reserved 1179648K
  class space    used 11576K, committed 11904K, reserved 1048576K
}
Event: 74.764 GC heap before
{Heap before GC invocations=24 (full 0):
 garbage-first heap   total 148480K, used 116589K [0x0000000084400000, 0x0000000100000000)
  region size 1024K, 53 young (54272K), 6 survivors (6144K)
 Metaspace       used 81573K, committed 82432K, reserved 1179648K
  class space    used 12077K, committed 12480K, reserved 1048576K
}
Event: 74.806 GC heap after
{Heap after GC invocations=25 (full 1):
 garbage-first heap   total 130048K, used 35533K [0x0000000084400000, 0x0000000100000000)
  region size 1024K, 0 young (0K), 0 survivors (0K)
 Metaspace       used 81566K, committed 82432K, reserved 1179648K
  class space    used 12076K, committed 12480K, reserved 1048576K
}
Event: 75.206 GC heap before
{Heap before GC invocations=25 (full 1):
 garbage-first heap   total 130048K, used 92877K [0x0000000084400000, 0x0000000100000000)
  region size 1024K, 57 young (58368K), 0 survivors (0K)
 Metaspace       used 81742K, committed 82560K, reserved 1179648K
  class space    used 12101K, committed 12480K, reserved 1048576K
}
Event: 75.211 GC heap after
{Heap after GC invocations=26 (full 1):
 garbage-first heap   total 130048K, used 40461K [0x0000000084400000, 0x0000000100000000)
  region size 1024K, 5 young (5120K), 5 survivors (5120K)
 Metaspace       used 81742K, committed 82560K, reserved 1179648K
  class space    used 12101K, committed 12480K, reserved 1048576K
}
Event: 75.650 GC heap before
{Heap before GC invocations=27 (full 1):
 garbage-first heap   total 130048K, used 100877K [0x0000000084400000, 0x0000000100000000)
  region size 1024K, 64 young (65536K), 5 survivors (5120K)
 Metaspace       used 82283K, committed 83136K, reserved 1179648K
  class space    used 12147K, committed 12544K, reserved 1048576K
}
Event: 75.656 GC heap after
{Heap after GC invocations=28 (full 1):
 garbage-first heap   total 130048K, used 43851K [0x0000000084400000, 0x0000000100000000)
  region size 1024K, 4 young (4096K), 4 survivors (4096K)
 Metaspace       used 82283K, committed 83136K, reserved 1179648K
  class space    used 12147K, committed 12544K, reserved 1048576K
}
Event: 77.159 GC heap before
{Heap before GC invocations=28 (full 1):
 garbage-first heap   total 130048K, used 57163K [0x0000000084400000, 0x0000000100000000)
  region size 1024K, 18 young (18432K), 4 survivors (4096K)
 Metaspace       used 82288K, committed 83136K, reserved 1179648K
  class space    used 12149K, committed 12544K, reserved 1048576K
}
Event: 77.221 GC heap after
{Heap after GC invocations=29 (full 2):
 garbage-first heap   total 130048K, used 36195K [0x0000000084400000, 0x0000000100000000)
  region size 1024K, 0 young (0K), 0 survivors (0K)
 Metaspace       used 82279K, committed 83136K, reserved 1179648K
  class space    used 12147K, committed 12544K, reserved 1048576K
}
Event: 77.620 GC heap before
{Heap before GC invocations=29 (full 2):
 garbage-first heap   total 130048K, used 101731K [0x0000000084400000, 0x0000000100000000)
  region size 1024K, 65 young (66560K), 0 survivors (0K)
 Metaspace       used 82485K, committed 83328K, reserved 1179648K
  class space    used 12176K, committed 12544K, reserved 1048576K
}
Event: 77.625 GC heap after
{Heap after GC invocations=30 (full 2):
 garbage-first heap   total 262144K, used 41605K [0x0000000084400000, 0x0000000100000000)
  region size 1024K, 6 young (6144K), 6 survivors (6144K)
 Metaspace       used 82485K, committed 83328K, reserved 1179648K
  class space    used 12176K, committed 12544K, reserved 1048576K
}
Event: 93.869 GC heap before
{Heap before GC invocations=31 (full 2):
 garbage-first heap   total 153600K, used 126597K [0x0000000084400000, 0x0000000100000000)
  region size 1024K, 90 young (92160K), 6 survivors (6144K)
 Metaspace       used 87337K, committed 88256K, reserved 1179648K
  class space    used 12806K, committed 13184K, reserved 1048576K
}
Event: 93.875 GC heap after
{Heap after GC invocations=32 (full 2):
 garbage-first heap   total 153600K, used 44900K [0x0000000084400000, 0x0000000100000000)
  region size 1024K, 9 young (9216K), 9 survivors (9216K)
 Metaspace       used 87337K, committed 88256K, reserved 1179648K
  class space    used 12806K, committed 13184K, reserved 1048576K
}
Event: 589.753 GC heap before
{Heap before GC invocations=32 (full 2):
 garbage-first heap   total 153600K, used 125796K [0x0000000084400000, 0x0000000100000000)
  region size 1024K, 89 young (91136K), 9 survivors (9216K)
 Metaspace       used 90185K, committed 91136K, reserved 1179648K
  class space    used 13180K, committed 13568K, reserved 1048576K
}
Event: 589.778 GC heap after
{Heap after GC invocations=33 (full 2):
 garbage-first heap   total 153600K, used 47235K [0x0000000084400000, 0x0000000100000000)
  region size 1024K, 8 young (8192K), 8 survivors (8192K)
 Metaspace       used 90185K, committed 91136K, reserved 1179648K
  class space    used 13180K, committed 13568K, reserved 1048576K
}
Event: 935.450 GC heap before
{Heap before GC invocations=33 (full 2):
 garbage-first heap   total 153600K, used 91267K [0x0000000084400000, 0x0000000100000000)
  region size 1024K, 53 young (54272K), 8 survivors (8192K)
 Metaspace       used 92546K, committed 93504K, reserved 1179648K
  class space    used 13501K, committed 13888K, reserved 1048576K
}

Dll operation events (12 events):
Event: 0.039 Loaded shared library C:\Users\vuquo\.jdks\ms-21.0.9\bin\java.dll
Event: 0.128 Loaded shared library C:\Users\vuquo\.jdks\ms-21.0.9\bin\zip.dll
Event: 0.130 Loaded shared library C:\Users\vuquo\.jdks\ms-21.0.9\bin\instrument.dll
Event: 0.133 Loaded shared library C:\Users\vuquo\.jdks\ms-21.0.9\bin\net.dll
Event: 0.134 Loaded shared library C:\Users\vuquo\.jdks\ms-21.0.9\bin\nio.dll
Event: 0.137 Loaded shared library C:\Users\vuquo\.jdks\ms-21.0.9\bin\zip.dll
Event: 0.204 Loaded shared library C:\Users\vuquo\.jdks\ms-21.0.9\bin\extnet.dll
Event: 0.212 Loaded shared library C:\Users\vuquo\.jdks\ms-21.0.9\bin\jimage.dll
Event: 0.225 Loaded shared library C:\Users\vuquo\.jdks\ms-21.0.9\bin\management.dll
Event: 0.242 Loaded shared library C:\Users\vuquo\.jdks\ms-21.0.9\bin\management_ext.dll
Event: 0.501 Loaded shared library C:\Users\vuquo\.jdks\ms-21.0.9\bin\verify.dll
Event: 1.651 Loaded shared library C:\Users\vuquo\.jdks\ms-21.0.9\bin\sunmscapi.dll

Deoptimization events (4 events):
Event: 129.874 Thread 0x0000025aeb3ddac0 DEOPT PACKING pc=0x0000025a99afb143 sp=0x000000aa1f1fad50
Event: 129.874 Thread 0x0000025aeb3ddac0 DEOPT UNPACKING pc=0x0000025a99a386e2 sp=0x000000aa1f1fa140 mode 3
Event: 589.807 Thread 0x0000025aeb3de7e0 DEOPT PACKING pc=0x0000025a9a7c21ca sp=0x000000aa1f3fada0
Event: 589.807 Thread 0x0000025aeb3de7e0 DEOPT UNPACKING pc=0x0000025a99a386e2 sp=0x000000aa1f3fa208 mode 0

Classes loaded (20 events):
Event: 801.246 Loading class sun/security/internal/spec/TlsKeyMaterialSpec
Event: 801.246 Loading class sun/security/internal/spec/TlsKeyMaterialSpec done
Event: 801.247 Loading class sun/security/internal/spec/TlsPrfParameterSpec
Event: 801.247 Loading class sun/security/internal/spec/TlsPrfParameterSpec done
Event: 801.247 Loading class com/sun/crypto/provider/TlsPrfGenerator$V12
Event: 801.247 Loading class com/sun/crypto/provider/TlsPrfGenerator$V12 done
Event: 801.247 Loading class sun/security/ssl/Authenticator$TLS10Authenticator
Event: 801.247 Loading class sun/security/ssl/Authenticator$TLS10Authenticator done
Event: 801.247 Loading class sun/security/ssl/SSLCipher$T12GcmWriteCipherGenerator$GcmWriteCipher
Event: 801.248 Loading class sun/security/ssl/SSLCipher$T12GcmWriteCipherGenerator$GcmWriteCipher done
Event: 801.496 Loading class sun/security/ssl/NewSessionTicket$T12NewSessionTicketMessage
Event: 801.497 Loading class sun/security/ssl/NewSessionTicket$T12NewSessionTicketMessage done
Event: 801.497 Loading class sun/security/ssl/SSLCipher$T12GcmReadCipherGenerator$GcmReadCipher
Event: 801.498 Loading class sun/security/ssl/SSLCipher$T12GcmReadCipherGenerator$GcmReadCipher done
Event: 803.764 Loading class java/util/zip/CheckedInputStream
Event: 803.764 Loading class java/util/zip/CheckedInputStream done
Event: 803.764 Loading class java/io/SequenceInputStream
Event: 803.765 Loading class java/io/SequenceInputStream done
Event: 803.765 Loading class java/util/zip/GZIPInputStream$1
Event: 803.765 Loading class java/util/zip/GZIPInputStream$1 done

Classes unloaded (5 events):
Event: 74.774 Thread 0x0000025aa1d822e0 Unloading class 0x0000025aa4b50000 'jdk/internal/reflect/GeneratedSerializationConstructorAccessor27'
Event: 74.774 Thread 0x0000025aa1d822e0 Unloading class 0x0000025aa4af0800 'jdk/internal/reflect/GeneratedSerializationConstructorAccessor26'
Event: 77.177 Thread 0x0000025aa1d822e0 Unloading class 0x0000025aa4c2b800 'jdk/internal/reflect/GeneratedSerializationConstructorAccessor31'
Event: 77.178 Thread 0x0000025aa1d822e0 Unloading class 0x0000025aa4c29400 'jdk/internal/reflect/GeneratedSerializationConstructorAccessor30'
Event: 77.178 Thread 0x0000025aa1d822e0 Unloading class 0x0000025aa4c20000 'org/apache/catalina/loader/JdbcLeakPrevention'

Classes redefined (0 events):
No events

Internal exceptions (20 events):
Event: 127.572 Thread 0x0000025aeb3ddac0 Exception <a 'java/lang/IncompatibleClassChangeError'{0x000000008cbd1558}: Found class java.lang.Object, but interface was expected> (0x000000008cbd1558) 
thrown [s\src\hotspot\share\interpreter\linkResolver.cpp, line 840]
Event: 127.593 Thread 0x0000025aeb3ddac0 Exception <a 'java/io/FileNotFoundException'{0x000000008ca9cb48}> (0x000000008ca9cb48) 
thrown [s\src\hotspot\share\prims\jni.cpp, line 520]
Event: 127.593 Thread 0x0000025aeb3ddac0 Exception <a 'java/io/FileNotFoundException'{0x000000008ca9d9f8}> (0x000000008ca9d9f8) 
thrown [s\src\hotspot\share\prims\jni.cpp, line 520]
Event: 127.602 Thread 0x0000025aeb3ddac0 Exception <a 'java/lang/NullPointerException'{0x000000008c932540}> (0x000000008c932540) 
thrown [s\src\hotspot\share\interpreter\linkResolver.cpp, line 1372]
Event: 127.602 Thread 0x0000025aeb3ddac0 Exception <a 'java/lang/NullPointerException'{0x000000008c933060}> (0x000000008c933060) 
thrown [s\src\hotspot\share\interpreter\linkResolver.cpp, line 1372]
Event: 127.602 Thread 0x0000025aeb3ddac0 Exception <a 'java/lang/NullPointerException'{0x000000008c933b80}> (0x000000008c933b80) 
thrown [s\src\hotspot\share\interpreter\linkResolver.cpp, line 1372]
Event: 127.605 Thread 0x0000025aeb3ddac0 Exception <a 'java/lang/NullPointerException'{0x000000008c95e4a8}> (0x000000008c95e4a8) 
thrown [s\src\hotspot\share\interpreter\linkResolver.cpp, line 1372]
Event: 127.605 Thread 0x0000025aeb3ddac0 Exception <a 'java/lang/NullPointerException'{0x000000008c95efc8}> (0x000000008c95efc8) 
thrown [s\src\hotspot\share\interpreter\linkResolver.cpp, line 1372]
Event: 127.605 Thread 0x0000025aeb3ddac0 Exception <a 'java/lang/NullPointerException'{0x000000008c95fae8}> (0x000000008c95fae8) 
thrown [s\src\hotspot\share\interpreter\linkResolver.cpp, line 1372]
Event: 127.605 Thread 0x0000025aeb3ddac0 Exception <a 'java/io/FileNotFoundException'{0x000000008c96aa40}> (0x000000008c96aa40) 
thrown [s\src\hotspot\share\prims\jni.cpp, line 520]
Event: 127.605 Thread 0x0000025aeb3ddac0 Exception <a 'java/io/FileNotFoundException'{0x000000008c96b8f0}> (0x000000008c96b8f0) 
thrown [s\src\hotspot\share\prims\jni.cpp, line 520]
Event: 129.871 Thread 0x0000025aeb3ddac0 Exception <a 'java/io/FileNotFoundException'{0x000000008c0a3438}> (0x000000008c0a3438) 
thrown [s\src\hotspot\share\prims\jni.cpp, line 520]
Event: 129.871 Thread 0x0000025aeb3ddac0 Exception <a 'java/io/FileNotFoundException'{0x000000008c0ae240}> (0x000000008c0ae240) 
thrown [s\src\hotspot\share\prims\jni.cpp, line 520]
Event: 129.871 Thread 0x0000025aeb3ddac0 Exception <a 'java/io/FileNotFoundException'{0x000000008c0b9258}> (0x000000008c0b9258) 
thrown [s\src\hotspot\share\prims\jni.cpp, line 520]
Event: 129.872 Thread 0x0000025aeb3ddac0 Exception <a 'java/io/FileNotFoundException'{0x000000008c0be1b8}> (0x000000008c0be1b8) 
thrown [s\src\hotspot\share\prims\jni.cpp, line 520]
Event: 353.002 Thread 0x0000025aeb3de7e0 Exception <a 'java/lang/NoSuchMethodError'{0x000000008a96c958}: 'int java.lang.invoke.DirectMethodHandle$Holder.invokeStatic(java.lang.Object, java.lang.Object, int, java.lang.Object)'> (0x000000008a96c958) 
thrown [s\src\hotspot\share\interpreter\linkResolver.cpp, line 773]
Event: 555.187 Thread 0x0000025aeb3dc080 Exception <a 'java/lang/NoSuchMethodError'{0x000000008ae35ec8}: 'java.lang.Object java.lang.invoke.DirectMethodHandle$Holder.invokeStatic(java.lang.Object, int, int)'> (0x000000008ae35ec8) 
thrown [s\src\hotspot\share\interpreter\linkResolver.cpp, line 773]
Event: 935.424 Thread 0x0000025aa1db02a0 Exception <a 'java/io/IOException'{0x000000008adc6768}> (0x000000008adc6768) 
thrown [s\src\hotspot\share\prims\jni.cpp, line 520]
Event: 935.425 Thread 0x0000025aa1db02a0 Exception <a 'java/io/IOException'{0x000000008adc7660}> (0x000000008adc7660) 
thrown [s\src\hotspot\share\prims\jni.cpp, line 520]
Event: 935.448 Thread 0x0000025aeb398f40 Exception <a 'java/lang/InterruptedException'{0x000000008adfc730}: sleep interrupted> (0x000000008adfc730) 
thrown [s\src\hotspot\share\prims\jvm.cpp, line 3087]

ZGC Phase Switch (0 events):
No events

VM Operations (20 events):
Event: 590.829 Executing VM operation: Cleanup done
Event: 611.963 Executing VM operation: Cleanup
Event: 611.963 Executing VM operation: Cleanup done
Event: 658.313 Executing VM operation: Cleanup
Event: 658.313 Executing VM operation: Cleanup done
Event: 760.108 Executing VM operation: Cleanup
Event: 760.108 Executing VM operation: Cleanup done
Event: 761.122 Executing VM operation: Cleanup
Event: 761.122 Executing VM operation: Cleanup done
Event: 801.407 Executing VM operation: Cleanup
Event: 801.407 Executing VM operation: Cleanup done
Event: 802.407 Executing VM operation: Cleanup
Event: 802.407 Executing VM operation: Cleanup done
Event: 803.763 Executing VM operation: HandshakeAllThreads (Deoptimize)
Event: 803.763 Executing VM operation: HandshakeAllThreads (Deoptimize) done
Event: 804.773 Executing VM operation: Cleanup
Event: 804.773 Executing VM operation: Cleanup done
Event: 886.478 Executing VM operation: Cleanup
Event: 886.478 Executing VM operation: Cleanup done
Event: 935.449 Executing VM operation: G1CollectFull (System.gc())

Memory protections (0 events):
No events

Nmethod flushes (20 events):
Event: 77.651 Thread 0x0000025aa1d822e0 flushing  nmethod 0x0000025a9a673a10
Event: 77.651 Thread 0x0000025aa1d822e0 flushing  nmethod 0x0000025a9a675010
Event: 77.651 Thread 0x0000025aa1d822e0 flushing  nmethod 0x0000025a9a6aec90
Event: 77.651 Thread 0x0000025aa1d822e0 flushing  nmethod 0x0000025a9a6aef90
Event: 77.651 Thread 0x0000025aa1d822e0 flushing  nmethod 0x0000025a9a6b2310
Event: 77.651 Thread 0x0000025aa1d822e0 flushing  nmethod 0x0000025a9a6b2710
Event: 77.651 Thread 0x0000025aa1d822e0 flushing  nmethod 0x0000025a9a6b3010
Event: 77.651 Thread 0x0000025aa1d822e0 flushing  nmethod 0x0000025a9a6b3390
Event: 77.651 Thread 0x0000025aa1d822e0 flushing  nmethod 0x0000025a9a6b3790
Event: 77.651 Thread 0x0000025aa1d822e0 flushing  nmethod 0x0000025a9a6b3b10
Event: 77.651 Thread 0x0000025aa1d822e0 flushing  nmethod 0x0000025a9a6d6c10
Event: 77.651 Thread 0x0000025aa1d822e0 flushing  nmethod 0x0000025a9a6da510
Event: 77.651 Thread 0x0000025aa1d822e0 flushing  nmethod 0x0000025a9a6da810
Event: 77.651 Thread 0x0000025aa1d822e0 flushing  nmethod 0x0000025a9a6feb10
Event: 77.651 Thread 0x0000025aa1d822e0 flushing  nmethod 0x0000025a9a6ff810
Event: 77.651 Thread 0x0000025aa1d822e0 flushing  nmethod 0x0000025a9a703310
Event: 77.651 Thread 0x0000025aa1d822e0 flushing  nmethod 0x0000025a9a703910
Event: 77.651 Thread 0x0000025aa1d822e0 flushing  nmethod 0x0000025a9a703f10
Event: 77.651 Thread 0x0000025aa1d822e0 flushing  nmethod 0x0000025a9a704410
Event: 77.651 Thread 0x0000025aa1d822e0 flushing  nmethod 0x0000025a9a706410

Events (20 events):
Event: 935.378 Thread 0x0000025ae8459070 Thread added: 0x0000025aa1daeef0
Event: 935.388 Thread 0x0000025ae8456910 Thread exited: 0x0000025ae8456910
Event: 935.388 Thread 0x0000025aa1daeef0 Thread exited: 0x0000025aa1daeef0
Event: 935.390 Thread 0x0000025ae8456280 Thread exited: 0x0000025ae8456280
Event: 935.392 Thread 0x0000025aeb397b90 Thread exited: 0x0000025aeb397b90
Event: 935.392 Thread 0x0000025aeb3dc710 Thread exited: 0x0000025aeb3dc710
Event: 935.392 Thread 0x0000025ae8458350 Thread exited: 0x0000025ae8458350
Event: 935.392 Thread 0x0000025aeb3dd430 Thread exited: 0x0000025aeb3dd430
Event: 935.392 Thread 0x0000025aeb3de7e0 Thread exited: 0x0000025aeb3de7e0
Event: 935.392 Thread 0x0000025aeb3ddac0 Thread exited: 0x0000025aeb3ddac0
Event: 935.392 Thread 0x0000025aeb3de150 Thread exited: 0x0000025aeb3de150
Event: 935.392 Thread 0x0000025ae84589e0 Thread exited: 0x0000025ae84589e0
Event: 935.393 Thread 0x0000025aeb3dcda0 Thread exited: 0x0000025aeb3dcda0
Event: 935.393 Thread 0x0000025aeb3dc080 Thread exited: 0x0000025aeb3dc080
Event: 935.420 Thread 0x0000025ae8459070 Thread added: 0x0000025aa1db02a0
Event: 935.421 Thread 0x0000025aeb3995d0 Thread exited: 0x0000025aeb3995d0
Event: 935.429 Thread 0x0000025aa1db02a0 Thread exited: 0x0000025aa1db02a0
Event: 935.448 Thread 0x0000025aeb396150 Thread exited: 0x0000025aeb396150
Event: 935.448 Thread 0x0000025aeb3967e0 Thread exited: 0x0000025aeb3967e0
Event: 935.449 Thread 0x0000025aeb398f40 Thread exited: 0x0000025aeb398f40


Dynamic libraries:
0x00007ff6f2090000 - 0x00007ff6f209e000 	C:\Users\vuquo\.jdks\ms-21.0.9\bin\java.exe
0x00007ff807350000 - 0x00007ff807567000 	C:\Windows\SYSTEM32\ntdll.dll
0x00007ff806640000 - 0x00007ff806704000 	C:\Windows\System32\KERNEL32.DLL
0x00007ff804680000 - 0x00007ff804a2d000 	C:\Windows\System32\KERNELBASE.dll
0x00007ff804d10000 - 0x00007ff804e21000 	C:\Windows\System32\ucrtbase.dll
0x00007fffeccc0000 - 0x00007fffeccde000 	C:\Users\vuquo\.jdks\ms-21.0.9\bin\VCRUNTIME140.dll
0x00007fffecdd0000 - 0x00007fffecde8000 	C:\Users\vuquo\.jdks\ms-21.0.9\bin\jli.dll
0x00007ff806490000 - 0x00007ff80663e000 	C:\Windows\System32\USER32.dll
0x00007ffff8d80000 - 0x00007ffff9013000 	C:\Windows\WinSxS\amd64_microsoft.windows.common-controls_6595b64144ccf1df_6.0.22621.3672_none_2713b9d173822955\COMCTL32.dll
0x00007ff804c70000 - 0x00007ff804c96000 	C:\Windows\System32\win32u.dll
0x00007ff805cb0000 - 0x00007ff805d57000 	C:\Windows\System32\msvcrt.dll
0x00007ff805420000 - 0x00007ff805449000 	C:\Windows\System32\GDI32.dll
0x00007ff804f70000 - 0x00007ff805089000 	C:\Windows\System32\gdi32full.dll
0x00007ff804ba0000 - 0x00007ff804c3a000 	C:\Windows\System32\msvcp_win.dll
0x00007ff806720000 - 0x00007ff806751000 	C:\Windows\System32\IMM32.DLL
0x00007ffff7b70000 - 0x00007ffff7b7c000 	C:\Users\vuquo\.jdks\ms-21.0.9\bin\vcruntime140_1.dll
0x00007fffe54d0000 - 0x00007fffe5559000 	C:\Users\vuquo\.jdks\ms-21.0.9\bin\msvcp140.dll
0x00007fff8b8b0000 - 0x00007fff8c65d000 	C:\Users\vuquo\.jdks\ms-21.0.9\bin\server\jvm.dll
0x00007ff8068d0000 - 0x00007ff806982000 	C:\Windows\System32\ADVAPI32.dll
0x00007ff806210000 - 0x00007ff8062b9000 	C:\Windows\System32\sechost.dll
0x00007ff804c40000 - 0x00007ff804c68000 	C:\Windows\System32\bcrypt.dll
0x00007ff805ee0000 - 0x00007ff805ff4000 	C:\Windows\System32\RPCRT4.dll
0x00007ff805db0000 - 0x00007ff805e21000 	C:\Windows\System32\WS2_32.dll
0x00007ff8034e0000 - 0x00007ff80352d000 	C:\Windows\SYSTEM32\POWRPROF.dll
0x00007ffffa260000 - 0x00007ffffa294000 	C:\Windows\SYSTEM32\WINMM.dll
0x00007ffffc580000 - 0x00007ffffc58a000 	C:\Windows\SYSTEM32\VERSION.dll
0x00007ff8034c0000 - 0x00007ff8034d3000 	C:\Windows\SYSTEM32\UMPDC.dll
0x00007ff803770000 - 0x00007ff803788000 	C:\Windows\SYSTEM32\kernel.appcore.dll
0x00007ffff3210000 - 0x00007ffff321a000 	C:\Users\vuquo\.jdks\ms-21.0.9\bin\jimage.dll
0x00007ff801770000 - 0x00007ff8019a2000 	C:\Windows\SYSTEM32\DBGHELP.DLL
0x00007ff806aa0000 - 0x00007ff806e28000 	C:\Windows\System32\combase.dll
0x00007ff805090000 - 0x00007ff805167000 	C:\Windows\System32\OLEAUT32.dll
0x00007ffff8360000 - 0x00007ffff8392000 	C:\Windows\SYSTEM32\dbgcore.DLL
0x00007ff804e30000 - 0x00007ff804eab000 	C:\Windows\System32\bcryptPrimitives.dll
0x00007fffecc90000 - 0x00007fffecca0000 	C:\Users\vuquo\.jdks\ms-21.0.9\bin\instrument.dll
0x00007fffecb40000 - 0x00007fffecb61000 	C:\Users\vuquo\.jdks\ms-21.0.9\bin\java.dll
0x00007ff805450000 - 0x00007ff805caf000 	C:\Windows\System32\SHELL32.dll
0x00007ff802590000 - 0x00007ff802e8c000 	C:\Windows\SYSTEM32\windows.storage.dll
0x00007ff802450000 - 0x00007ff80258f000 	C:\Windows\SYSTEM32\wintypes.dll
0x00007ff8067d0000 - 0x00007ff8068c4000 	C:\Windows\System32\SHCORE.dll
0x00007ff806000000 - 0x00007ff80605e000 	C:\Windows\System32\shlwapi.dll
0x00007ff8045b0000 - 0x00007ff8045d1000 	C:\Windows\SYSTEM32\profapi.dll
0x00007fffecaf0000 - 0x00007fffecb08000 	C:\Users\vuquo\.jdks\ms-21.0.9\bin\zip.dll
0x00007fffecad0000 - 0x00007fffecae1000 	C:\Users\vuquo\.jdks\ms-21.0.9\bin\net.dll
0x00007ffffc3b0000 - 0x00007ffffc4e6000 	C:\Windows\SYSTEM32\WINHTTP.dll
0x00007ff803bf0000 - 0x00007ff803c59000 	C:\Windows\system32\mswsock.dll
0x00007fffea440000 - 0x00007fffea456000 	C:\Users\vuquo\.jdks\ms-21.0.9\bin\nio.dll
0x00007fffeb980000 - 0x00007fffeb989000 	C:\Users\vuquo\.jdks\ms-21.0.9\bin\extnet.dll
0x00007ff8031d0000 - 0x00007ff8032c8000 	C:\Windows\SYSTEM32\DNSAPI.dll
0x00007ff803160000 - 0x00007ff80318d000 	C:\Windows\SYSTEM32\IPHLPAPI.DLL
0x00007ff806710000 - 0x00007ff806719000 	C:\Windows\System32\NSI.dll
0x00007ffffd2d0000 - 0x00007ffffd2da000 	C:\Windows\System32\rasadhlp.dll
0x00007ffffa040000 - 0x00007ffffa0c3000 	C:\Windows\System32\fwpuclnt.dll
0x00007fffec6b0000 - 0x00007fffec6ba000 	C:\Users\vuquo\.jdks\ms-21.0.9\bin\management.dll
0x00007fffec5b0000 - 0x00007fffec5bc000 	C:\Users\vuquo\.jdks\ms-21.0.9\bin\management_ext.dll
0x00007ff8067c0000 - 0x00007ff8067c8000 	C:\Windows\System32\PSAPI.DLL
0x00007ff803e50000 - 0x00007ff803e6b000 	C:\Windows\SYSTEM32\CRYPTSP.dll
0x00007ff8036d0000 - 0x00007ff803705000 	C:\Windows\system32\rsaenh.dll
0x00007ff803cf0000 - 0x00007ff803d18000 	C:\Windows\SYSTEM32\USERENV.dll
0x00007ff803e70000 - 0x00007ff803e7c000 	C:\Windows\SYSTEM32\CRYPTBASE.dll
0x00007fffd3ec0000 - 0x00007fffd3ed7000 	C:\Windows\system32\napinsp.dll
0x00007fffd3ea0000 - 0x00007fffd3ebb000 	C:\Windows\system32\pnrpnsp.dll
0x00007fffd3e80000 - 0x00007fffd3e91000 	C:\Windows\System32\winrnr.dll
0x00007ffff9670000 - 0x00007ffff9685000 	C:\Windows\system32\wshbth.dll
0x00007fffd3e40000 - 0x00007fffd3e67000 	C:\Windows\system32\nlansp_c.dll
0x00007fffecac0000 - 0x00007fffecad0000 	C:\Users\vuquo\.jdks\ms-21.0.9\bin\verify.dll
0x00007fffe20c0000 - 0x00007fffe2119000 	C:\Windows\SYSTEM32\pdh.dll
0x00007fffde5b0000 - 0x00007fffde5c1000 	C:\Windows\System32\perfproc.dll
0x00007fffeacc0000 - 0x00007fffeacce000 	C:\Users\vuquo\.jdks\ms-21.0.9\bin\sunmscapi.dll
0x00007ff804a30000 - 0x00007ff804b97000 	C:\Windows\System32\CRYPT32.dll
0x00007ff804030000 - 0x00007ff80405e000 	C:\Windows\SYSTEM32\ncrypt.dll
0x00007ff803ff0000 - 0x00007ff804027000 	C:\Windows\SYSTEM32\NTASN1.dll
0x00007fff6fcc0000 - 0x00007fff6fcc8000 	C:\Windows\system32\wshunix.dll

JVMTI agents:
C:\Program Files\JetBrains\IntelliJ IDEA 2025.1.3\lib\idea_rt.jar path:C:\Users\vuquo\.jdks\ms-21.0.9\bin\instrument.dll, loaded, initialized, instrumentlib options:65518

dbghelp: loaded successfully - version: 4.0.5 - missing functions: none
symbol engine: initialized successfully - sym options: 0x614 - pdb path: .;C:\Users\vuquo\.jdks\ms-21.0.9\bin;C:\Windows\SYSTEM32;C:\Windows\WinSxS\amd64_microsoft.windows.common-controls_6595b64144ccf1df_6.0.22621.3672_none_2713b9d173822955;C:\Users\vuquo\.jdks\ms-21.0.9\bin\server

VM Arguments:
jvm_args: -XX:TieredStopAtLevel=1 -Dspring.output.ansi.enabled=always -Dcom.sun.management.jmxremote -Dspring.jmx.enabled=true -Dspring.liveBeansView.mbeanDomain -Dspring.application.admin.enabled=true -Dmanagement.endpoints.jmx.exposure.include=* -javaagent:C:\Program Files\JetBrains\IntelliJ IDEA 2025.1.3\lib\idea_rt.jar=65518 -Dfile.encoding=UTF-8 -Dsun.stdout.encoding=UTF-8 -Dsun.stderr.encoding=UTF-8 
java_command: be.BeApplication
java_class_path (initial): D:\codegym\module-4\MobileHub\BE\build\classes\java\main;D:\codegym\module-4\MobileHub\BE\build\resources\main;C:\Users\vuquo\.gradle\caches\modules-2\files-2.1\org.projectlombok\lombok\1.18.42\8365263844ebb62398e0dc33057ba10ba472d3b8\lombok-1.18.42.jar;C:\Users\vuquo\.gradle\caches\modules-2\files-2.1\org.springframework.boot\spring-boot-starter-data-jpa\3.5.9\3302557038cfde62e5502f6c7672948a104f3217\spring-boot-starter-data-jpa-3.5.9.jar;C:\Users\vuquo\.gradle\caches\modules-2\files-2.1\org.springframework.boot\spring-boot-starter-security\3.5.9\4c877c842552ea20a378d7aa5787d1becabadada\spring-boot-starter-security-3.5.9.jar;C:\Users\vuquo\.gradle\caches\modules-2\files-2.1\org.springframework.boot\spring-boot-starter-validation\3.5.9\bd187eb8f150bba7e675e3bd7f42bf584490925a\spring-boot-starter-validation-3.5.9.jar;C:\Users\vuquo\.gradle\caches\modules-2\files-2.1\org.springframework.boot\spring-boot-starter-web\3.5.9\9ebe36cc83eb16b435c47c1969e9b115a4e5e90e\spring-boot-starter-web-3.5.9.jar;C:\Users\vuquo\.gradle\caches\modules-2\files-2.1\io.jsonwebtoken\jjwt-api\0.11.5\f742940045619d06383e7df37b21ac422b476cf1\jjwt-api-0.11.5.jar;C:\Users\vuquo\.gradle\caches\modules-2\files-2.1\me.paulschwarz\spring-dotenv\4.0.0\e0180f80e685a9506d1942e6836a16dee050ebaf\spring-dotenv-4.0.0.jar;C:\Users\vuquo\.gradle\caches\modules-2\files-2.1\com.cloudinary\cloudinary-http44\1.39.0\ccc6aca916135d65fab908ea105c7e500894ba54\cloudinary-http44-1.39.0.jar;C:\Users\vuquo\.gradle\caches\modules-2\files-2.1\org.springframework.boot\spring-boot-starter-mail\3.5.9\49e04079beb0961d2590af3ec631635b48976677\spring-boot-starter-mail-3.5.9.jar;C:\Users\vuquo\.gradle\caches\modules-2\files-2.1\org.springframework.boot\spring-boot-starter-oauth2-client\3.5.9\ed7783e7cf89886d3ba64dc4eabcfbe7d61a71af\spring-boot-starter-oauth2-client-3.5.9.jar;C:\Users\vuquo\.gradle\caches\modules-2\files-2.1\org.springframework.boot\spring-boot-starter-jdbc\3.5.9\284be658cc66edc7920b8a0a6d165e490634cb25\spring-boot-starter-jdbc-3.5.9.jar;C:\Users\vuquo\.gradle\caches\modules-2\files-2.1\org.springframework.boot\spring-boot-starter\3.5.9\90e0183666bfdfb85a7a5cb996a82fce00d1015a\spring-boot-starter-3.5.9.jar;C:\Users\vuquo\.gradle\caches\modules-2\files-2.1\org.hibernate.orm\hibernate-core\6.6.39.Final\4f88a02dc21657e51143ce9ef62dc6425a74fa20\hibernate-core-6.6.39.Final.jar;C:\Users\vuquo\.gradle\caches\modules-2\files-2.1\org.springframework.data\spring-data-jpa\3.5.7\8abf0cc4b800d0f7d2e8c2b9290f7ce505cf4ee3\spring-data-jpa-3.5.7.jar;C:\Users\vuquo\.gradle\caches\modules-2\files-2.1\org.springframework\spring-aspects\6.2.15\584133cedf27e8b8694812f4a50395c3c3cc3f0f\spring-aspects-6.2.15.jar;C:\Users\vuquo\.gradle\caches\modules-2\files-2.1\org.springframework.security\spring-security-config\6.5.7\7244c8258b5104712cb0be3847ba3753ff80b66e\spring-security-config-6.5.7.jar;C:\Users\vuquo\.gradle\caches\modules-2\files-2.1\org.springframework.security\spring-security-web\6.5.7\c3c2f32069fae888d1e5281bd7e0e638f7f6dc26\spring-security-web-6.5.7.jar;C:\Users\vuquo\.gradle\caches\modules-2\files-2.1\org.springframework\spring-aop\6.2.15\921099294cbe4b7ceb278644a530f14ecd1df580\spring-aop-6.2.15.jar;C:\Users\vuquo\.gradle\caches\modules-2\files-2.1\org.apache.tomcat.embed\tomcat-embed-el\10.1.50\85a483e2bd7325cbc642f896ff844ddbab2d390d\tomcat-embed-el-10.1.50.jar;C:\Users\vuquo\.gradle\caches\modules-2\files-2.1\org.hibernate.validator\hibernate-validator\8.0.3.Final\4425f554297a1c5ba03a3f30e559a9fd91048cf8\hibernate-validator-8.0.3.Final.jar;C:\Users\vuquo\.gradle\caches\modules-2\files-2.1\org.springframework.boot\spring-boot-starter-json\3.5.9\345950f8e533841e9fdf9b4404a5f9b2e5c6ec69\spring-boot-starter-json-3.5.9.jar;C:\Users\vuquo\.gradle\caches\modules-2\files-2.1\org.springframework\spring-webmvc\6.2.15\f290f07e991291b7a67a472ea88d07e9d153c379\spring-webmvc-6.2.15.jar;C:\Users\vuquo\.gradle\caches\modules-2\files-2.1\org.springframework.boot\spring-boot-starter-tomcat\3.5.9\bdc4350d1212a9da114727f5a0fa126949d30caf\spring-boot-starter-tomcat-3.5.9.jar;C:\Users\vuquo\.gradle\caches\modules-2\files-2.1\org.springframework\spring-web\6.2.15\1d43a99df84fc7981dd1ff3b0d339a254c6f3a59\spring-web-6.2.15.jar;C:\Users\vuquo\.gradle\caches\modules-2\files-2.1\com.cloudinary\cloudinary-core\1.39.0\b6d1c6843076ba2fbf47dd9b2799c7862f48a05a\cloudinary-core-1.39.0.jar;C:\Users\vuquo\.gradle\caches\modules-2\files-2.1\org.apache.commons\commons-lang3\3.17.0\b17d2136f0460dcc0d2016ceefca8723bdf4ee70\commons-lang3-3.17.0.jar;C:\Users\vuquo\.gradle\caches\modules-2\files-2.1\org.apache.httpcomponents\httpmime\4.4\54646f004d5b4c37a5a75b1d416c59a3075204e2\httpmime-4.4.jar;C:\Users\vuquo\.gradle\caches\modules-2\files-2.1\org.apache.httpcomponents\httpclient\4.4\6d220441ca681dddc55a189eae81a437309128b8\httpclient-4.4.jar;C:\Users\vuquo\.gradle\caches\modules-2\files-2.1\org.springframework\spring-context-support\6.2.15\fce3a895e2af2f04246e9052106d9097cd0f38d2\spring-context-support-6.2.15.jar;C:\Users\vuquo\.gradle\caches\modules-2\files-2.1\org.eclipse.angus\jakarta.mail\2.0.5\68ce3f8ddb70d375e2ae4d820ba64da0ed56a940\jakarta.mail-2.0.5.jar;C:\Users\vuquo\.gradle\caches\modules-2\files-2.1\org.springframework.security\spring-security-oauth2-client\6.5.7\18912136048312c5d42d4dbb20e24b65943018af\spring-security-oauth2-client-6.5.7.jar;C:\Users\vuquo\.gradle\caches\modules-2\files-2.1\org.springframework.security\spring-security-oauth2-jose\6.5.7\ce8aa581fc6355d6e355b656e83a56ed157d09bc\spring-security-oauth2-jose-6.5.7.jar;C:\Users\vuquo\.gradle\caches\modules-2\files-2.1\org.springframework.security\spring-security-core\6.5.7\a0c9068ed82f0ddf21231cc7c7dd4bd6b2ef4029\spring-security-core-6.5.7.jar;C:\Users\vuquo\.gradle\caches\modules-2\files-2.1\org.springframework\spring-jdbc\6.2.15\c12dc9fb0b4c21a53c1f464645c2af94ef1e638f\spring-jdbc-6.2.15.jar;C:\Users\vuquo\.gradle\caches\modules-2\files-2.1\com.zaxxer\HikariCP\6.3.3\7c5aec1e47a97ff40977e0193018865304ea9585\HikariCP-6.3.3.jar;C:\Users\vuquo\.gradle\caches\modules-2\files-2.1\org.springframework.boot\spring-boot-autoconfigure\3.5.9\54bf9acd3c71e0cfb297cb5d2ac66494ff37e717\spring-boot-autoconfigure-3.5.9.jar;C:\Users\vuquo\.gradle\caches\modules-2\files-2.1\org.springframework.boot\spring-boot\3.5.9\5ba53d6d44958d1ef28d0ad1f3db811349ba2f07\spring-boot-3.5.9.jar;C:\Users\vuquo\.gradle\caches\modules-2\files-2.1\org.springframework.boot\spring-boot-starter-logging\3.5.9\9872cc87ec245c917e916460e2a10cb4364e8350\spring-boot-starter-logging-3.5.9.jar;C:\Users\vuquo\.gradle\caches\modules-2\files-2.1\jakarta.annotation\jakarta.annotation-api\2.1.1\48b9bda22b091b1f48b13af03fe36db3be6e1ae3\jakarta.annotation-api-2.1.1.jar;C:\Users\vuquo\.gradle\caches\modules-2\files-2.1\org.springframework\spring-core\6.2.15\f4744d35266cf76d71e284308f194fb513364ca2\spring-core-6.2.15.jar;C:\Users\vuquo\.gradle\caches\modules-2\files-2.1\org.yaml\snakeyaml\2.4\e0666b825b796f85521f02360e77f4c92c5a7a07\snakeyaml-2.4.jar;C:\Users\vuquo\.gradle\caches\modules-2\files-2.1\jakarta.persistence\jakarta.persistence-api\3.1.0\66901fa1c373c6aff65c13791cc11da72060a8d6\jakarta.persistence-api-3.1.0.jar;C:\Users\vuquo\.gradle\caches\modules-2\files-2.1\jakarta.transaction\jakarta.transaction-api\2.0.1\51a520e3fae406abb84e2e1148e6746ce3f80a1a\jakarta.transaction-api-2.0.1.jar;C:\Users\vuquo\.gradle\caches\modules-2\files-2.1\org.springframework\spring-context\6.2.15\a721a75d6be895a4ffa1e6b0dc6a77d78ee7ca0d\spring-context-6.2.15.jar;C:\Users\vuquo\.gradle\caches\modules-2\files-2.1\org.springframework\spring-orm\6.2.15\38c4bf42bc06205b7261683e697d57a2d026b1f\spring-orm-6.2.15.jar;C:\Users\vuquo\.gradle\caches\modules-2\files-2.1\org.springframework.data\spring-data-commons\3.5.7\9a9b39749178b4445c118040c1cc5bb5ec7daeef\spring-data-commons-3.5.7.jar;C:\Users\vuquo\.gradle\caches\modules-2\files-2.1\org.springframework\spring-tx\6.2.15\9ce8624687627b1570cedb6a8506507464978276\spring-tx-6.2.15.jar;C:\Users\vuquo\.gradle\caches\modules-2\files-2.1\org.springframework\spring-beans\6.2.15\1d0ad7873e865fc9d47c3aac7b7ffb6d0d1500c5\spring-beans-6.2.15.jar;C:\Users\vuquo\.gradle\caches\modules-2\files-2.1\org.antlr\antlr4-runtime\4.13.0\5a02e48521624faaf5ff4d99afc88b01686af655\antlr4-runtime-4.13.0.jar;C:\Users\vuquo\.gradle\caches\modules-2\files-2.1\org.slf4j\slf4j-api\2.0.17\d9e58ac9c7779ba3bf8142aff6c830617a7fe60f\slf4j-api-2.0.17.jar;C:\Users\vuquo\.gradle\caches\modules-2\files-2.1\org.aspectj\aspectjweaver\1.9.25.1\a713c790da4d794c7dfb542b550d4e44898d5e23\aspectjweaver-1.9.25.1.jar;C:\Users\vuquo\.gradle\caches\modules-2\files-2.1\org.springframework\spring-expression\6.2.15\9f2d3bb55e9fe32576463daed7d245685420d04\spring-expression-6.2.15.jar;C:\Users\vuquo\.gradle\caches\modules-2\files-2.1\jakarta.validation\jakarta.validation-api\3.0.2\92b6631659ba35ca09e44874d3eb936edfeee532\jakarta.validation-api-3.0.2.jar;C:\Users\vuquo\.gradle\caches\modules-2\files-2.1\org.jboss.logging\jboss-logging\3.6.1.Final\886afbb445b4016a37c8960a7aef6ebd769ce7e5\jboss-logging-3.6.1.Final.jar;C:\Users\vuquo\.gradle\caches\modules-2\files-2.1\com.fasterxml\classmate\1.7.1\e803194e4362a2c0585087c5f315682897d12f00\classmate-1.7.1.jar;C:\Users\vuquo\.gradle\caches\modules-2\files-2.1\com.fasterxml.jackson.datatype\jackson-datatype-jsr310\2.19.4\3cbcf2e636a6b062772299bf19a347536e58c4df\jackson-datatype-jsr310-2.19.4.jar;C:\Users\vuquo\.gradle\caches\modules-2\files-2.1\com.fasterxml.jackson.module\jackson-module-parameter-names\2.19.4\502dfea4c83502f444837b3d040a51e8475f15f2\jackson-module-parameter-names-2.19.4.jar;C:\Users\vuquo\.gradle\caches\modules-2\files-2.1\com.fasterxml.jackson.datatype\jackson-datatype-jdk8\2.19.4\90d304bcdb1a4bacb6f4347be625d75300973c60\jackson-datatype-jdk8-2.19.4.jar;C:\Users\vuquo\.gradle\caches\modules-2\files-2.1\com.fasterxml.jackson.core\jackson-databind\2.19.4\7a39bf9257b726b90b80f27fa3f5174bc75162a5\jackson-databind-2.19.4.jar;C:\Users\vuquo\.gradle\caches\modules-2\files-2.1\org.apache.tomcat.embed\tomcat-embed-websocket\10.1.50\f729d47835e40396ebc4bd7217c2d80994b6fa32\tomcat-embed-websocket-10.1.50.jar;C:\Users\vuquo\.gradle\caches\modules-2\files-2.1\org.apache.tomcat.embed\tomcat-embed-core\10.1.50\dcea3450bf8d83ca782297681c9703a4282e4a8c\tomcat-embed-core-10.1.50.jar;C:\Users\vuquo\.gradle\caches\modules-2\files-2.1\io.micrometer\micrometer-observation\1.15.7\f1b617aa0056e4f5266d30f6126113c1b82b1365\micrometer-observation-1.15.7.jar;C:\Users\vuquo\.gradle\caches\modules-2\files-2.1\org.apache.httpcomponents\httpcore\4.4.16\51cf043c87253c9f58b539c9f7e44c8894223850\httpcore-4.4.16.jar;C:\Users\vuquo\.gradle\caches\modules-2\files-2.1\commons-logging\commons-logging\1.2\4bfc12adfe4842bf07b657f0369c4cb522955686\commons-logging-1.2.jar;C:\Users\vuquo\.gradle\caches\modules-2\files-2.1\commons-codec\commons-codec\1.18.0\ee45d1cf6ec2cc2b809ff04b4dc7aec858e0df8f\commons-codec-1.18.0.jar;C:\Users\vuquo\.gradle\caches\modules-2\files-2.1\jakarta.activation\jakarta.activation-api\2.1.4\9e5c2a0d75dde71a0bedc4dbdbe47b78a5dc50f8\jakarta.activation-api-2.1.4.jar;C:\Users\vuquo\.gradle\caches\modules-2\files-2.1\org.springframework.security\spring-security-oauth2-core\6.5.7\6a5c1f4055cfded5f65a5851f3eec314f43650cf\spring-security-oauth2-core-6.5.7.jar;C:\Users\vuquo\.gradle\caches\modules-2\files-2.1\com.nimbusds\oauth2-oidc-sdk\9.43.6\a1842456e236f53e30946b2cb0bdeb17a44cdfd3\oauth2-oidc-sdk-9.43.6.jar;C:\Users\vuquo\.gradle\caches\modules-2\files-2.1\com.nimbusds\nimbus-jose-jwt\9.37.4\3d680c5ea93472186fda6d0d920d7975d3f4e15c\nimbus-jose-jwt-9.37.4.jar;C:\Users\vuquo\.gradle\caches\modules-2\files-2.1\org.springframework.security\spring-security-crypto\6.5.7\a8b424b612c8103e7c0a5576e2be30d1ac61f38a\spring-security-crypto-6.5.7.jar;C:\Users\vuquo\.gradle\caches\modules-2\files-2.1\ch.qos.logback\logback-classic\1.5.22\b5212de704deea1a38a41a2bf8de274e7c9cd653\logback-classic-1.5.22.jar;C:\Users\vuquo\.gradle\caches\modules-2\files-2.1\org.apache.logging.log4j\log4j-to-slf4j\2.24.3\da1143e2a2531ee1c2d90baa98eb50a28a39d5a7\log4j-to-slf4j-2.24.3.jar;C:\Users\vuquo\.gradle\caches\modules-2\files-2.1\org.slf4j\jul-to-slf4j\2.0.17\524cb6ccc2b68a57604750e1ab8b13b5a786a6aa\jul-to-slf4j-2.0.17.jar;C:\Users\vuquo\.gradle\caches\modules-2\files-2.1\org.springframework\spring-jcl\6.2.15\4e8c809606ff25d22521e3f5be6b059b7fa10c91\spring-jcl-6.2.15.jar;C:\Users\vuquo\.gradle\caches\modules-2\files-2.1\com.fasterxml.jackson.core\jackson-annotations\2.19.4\bbb09b1e7f7f5108890270eb701cb3ddef991c05\jackson-annotations-2.19.4.jar;C:\Users\vuquo\.gradle\caches\modules-2\files-2.1\com.fasterxml.jackson.core\jackson-core\2.19.4\a720ca9b800742699e041c3890f3731fe516085e\jackson-core-2.19.4.jar;C:\Users\vuquo\.gradle\caches\modules-2\files-2.1\io.micrometer\micrometer-commons\1.15.7\4f4ddbb4363ddb191633751607efb8a18707559c\micrometer-commons-1.15.7.jar;C:\Users\vuquo\.gradle\caches\modules-2\files-2.1\com.github.stephenc.jcip\jcip-annotations\1.0-1\ef31541dd28ae2cefdd17c7ebf352d93e9058c63\jcip-annotations-1.0-1.jar;C:\Users\vuquo\.gradle\caches\modules-2\files-2.1\com.nimbusds\content-type\2.2\9a894bce7646dd4086652d85b88013229f23724b\content-type-2.2.jar;C:\Users\vuquo\.gradle\caches\modules-2\files-2.1\net.minidev\json-smart\2.5.2\95d166b18f95907be0f46cdb9e1c0695eed03387\json-smart-2.5.2.jar;C:\Users\vuquo\.gradle\caches\modules-2\files-2.1\com.nimbusds\lang-tag\1.7\97c73ecd70bc7e8eefb26c5eea84f251a63f1031\lang-tag-1.7.jar;C:\Users\vuquo\.gradle\caches\modules-2\files-2.1\ch.qos.logback\logback-core\1.5.22\7c3ee4420b36bd499fa4f9f18a81d54a64fe0218\logback-core-1.5.22.jar;C:\Users\vuquo\.gradle\caches\modules-2\files-2.1\org.apache.logging.log4j\log4j-api\2.24.3\b02c125db8b6d295adf72ae6e71af5d83bce2370\log4j-api-2.24.3.jar;C:\Users\vuquo\.gradle\caches\modules-2\files-2.1\net.minidev\accessors-smart\2.5.2\ce16fd235cfee48e67eda33e684423bba09f7d07\accessors-smart-2.5.2.jar;C:\Users\vuquo\.gradle\caches\modules-2\files-2.1\org.ow2.asm\asm\9.7.1\f0ed132a49244b042cd0e15702ab9f2ce3cc8436\asm-9.7.1.jar;C:\Users\vuquo\.gradle\caches\modules-2\files-2.1\org.springframework.boot\spring-boot-devtools\3.5.9\20983cd90d7cb38d26c9c53d7412225bcc8ca28c\spring-boot-devtools-3.5.9.jar;C:\Users\vuquo\.gradle\caches\modules-2\files-2.1\io.jsonwebtoken\jjwt-impl\0.11.5\40a599f0e8a8e4e0701596fbb15e67bfda64fdf0\jjwt-impl-0.11.5.jar;C:\Users\vuquo\.gradle\caches\modules-2\files-2.1\io.jsonwebtoken\jjwt-jackson\0.11.5\3b83a06809e98a69402d7333dcf67df6f6ea4579\jjwt-jackson-0.11.5.jar;C:\Users\vuquo\.gradle\caches\modules-2\files-2.1\com.mysql\mysql-connector-j\9.5.0\64153d7488bbf25c040f3b0f004177bc05b36b22\mysql-connector-j-9.5.0.jar;C:\Users\vuquo\.gradle\caches\modules-2\files-2.1\io.github.cdimascio\dotenv-java\3.0.0\f535c5df8b98575eabb2820e548f5ba8a987fe69\dotenv-java-3.0.0.jar;C:\Users\vuquo\.gradle\caches\modules-2\files-2.1\org.hibernate.common\hibernate-commons-annotations\7.0.3.Final\e183c4be8bb41d12e9f19b374e00c34a0a85f439\hibernate-commons-annotations-7.0.3.Final.jar;C:\Users\vuquo\.gradle\caches\modules-2\files-2.1\io.smallrye\jandex\3.2.0\f17ad860f62a08487b9edabde608f8ac55c62fa7\jandex-3.2.0.jar;C:\Users\vuquo\.gradle\caches\modules-2\files-2.1\net.bytebuddy\byte-buddy\1.17.8\af5735f63d00ca47a9375fae5c7471a36331c6ed\byte-buddy-1.17.8.jar;C:\Users\vuquo\.gradle\caches\modules-2\files-2.1\org.glassfish.jaxb\jaxb-runtime\4.0.6\fb95ebb62564657b2fedfe165b859789ef3a8711\jaxb-runtime-4.0.6.jar;C:\Users\vuquo\.gradle\caches\modules-2\files-2.1\jakarta.xml.bind\jakarta.xml.bind-api\4.0.4\d6d2327f3817d9a33a3b6b8f2e15a96bc2e7afdc\jakarta.xml.bind-api-4.0.4.jar;C:\Users\vuquo\.gradle\caches\modules-2\files-2.1\jakarta.inject\jakarta.inject-api\2.0.1\4c28afe1991a941d7702fe1362c365f0a8641d1e\jakarta.inject-api-2.0.1.jar;C:\Users\vuquo\.gradle\caches\modules-2\files-2.1\org.eclipse.angus\angus-activation\2.0.3\7f80607ea5014fef0b1779e6c33d63a88a45a563\angus-activation-2.0.3.jar;C:\Users\vuquo\.gradle\caches\modules-2\files-2.1\org.glassfish.jaxb\jaxb-core\4.0.6\8e61282303777fc98a00cc3affd0560d68748a75\jaxb-core-4.0.6.jar;C:\Users\vuquo\.gradle\caches\modules-2\files-2.1\org.glassfish.jaxb\txw2\4.0.6\4f4cd53b5ff9a2c5aa1211f15ed2569c57dfb044\txw2-4.0.6.jar;C:\Users\vuquo\.gradle\caches\modules-2\files-2.1\com.sun.istack\istack-commons-runtime\4.1.2\18ec117c85f3ba0ac65409136afa8e42bc74e739\istack-commons-runtime-4.1.2.jar
Launcher Type: SUN_STANDARD

[Global flags]
     intx CICompilerCount                          = 4                                         {product} {ergonomic}
     uint ConcGCThreads                            = 3                                         {product} {ergonomic}
     uint G1ConcRefinementThreads                  = 10                                        {product} {ergonomic}
   size_t G1HeapRegionSize                         = 1048576                                   {product} {ergonomic}
    uintx GCDrainStackTargetSize                   = 64                                        {product} {ergonomic}
   size_t InitialHeapSize                          = 130023424                                 {product} {ergonomic}
     bool ManagementServer                         = true                                      {product} {command line}
   size_t MarkStackSize                            = 4194304                                   {product} {ergonomic}
   size_t MaxHeapSize                              = 2076180480                                {product} {ergonomic}
   size_t MaxNewSize                               = 1245708288                                {product} {ergonomic}
   size_t MinHeapDeltaBytes                        = 1048576                                   {product} {ergonomic}
   size_t MinHeapSize                              = 8388608                                   {product} {ergonomic}
    uintx NonNMethodCodeHeapSize                   = 4096                                   {pd product} {ergonomic}
    uintx NonProfiledCodeHeapSize                  = 0                                      {pd product} {ergonomic}
     bool ProfileInterpreter                       = false                                  {pd product} {command line}
    uintx ProfiledCodeHeapSize                     = 0                                      {pd product} {ergonomic}
   size_t SoftMaxHeapSize                          = 2076180480                             {manageable} {ergonomic}
     intx TieredStopAtLevel                        = 1                                         {product} {command line}
     bool UseCompressedOops                        = true                           {product lp64_product} {ergonomic}
     bool UseG1GC                                  = true                                      {product} {ergonomic}
     bool UseLargePagesIndividualAllocation        = false                                  {pd product} {ergonomic}

Logging:
Log output configuration:
 #0: stdout all=warning uptime,level,tags foldmultilines=false
 #1: stderr all=off uptime,level,tags foldmultilines=false

Release file:
IMPLEMENTOR="Microsoft" 
IMPLEMENTOR_VERSION="Microsoft-12574459" 
JAVA_RUNTIME_VERSION="21.0.9+10-LTS" 
JAVA_VERSION="21.0.9" 
JAVA_VERSION_DATE="2025-10-21" 
LIBC="default" 
MODULES="java.base java.compiler java.datatransfer java.xml java.prefs java.desktop java.instrument java.logging java.management java.security.sasl java.naming java.rmi java.management.rmi java.net.http java.scripting java.security.jgss java.transaction.xa java.sql java.sql.rowset java.xml.crypto java.se java.smartcardio jdk.accessibility jdk.internal.jvmstat jdk.attach jdk.charsets jdk.internal.opt jdk.zipfs jdk.compiler jdk.crypto.ec jdk.crypto.cryptoki jdk.crypto.mscapi jdk.dynalink jdk.internal.ed jdk.editpad jdk.hotspot.agent jdk.httpserver jdk.incubator.vector jdk.internal.le jdk.internal.vm.ci jdk.internal.vm.compiler jdk.internal.vm.compiler.management jdk.jartool jdk.javadoc jdk.jcmd jdk.management jdk.management.agent jdk.jconsole jdk.jdeps jdk.jdwp.agent jdk.jdi jdk.jfr jdk.jlink jdk.jpackage jdk.jshell jdk.jsobject jdk.jstatd jdk.localedata jdk.management.jfr jdk.naming.dns jdk.naming.rmi jdk.net jdk.nio.mapmode jdk.random jdk.sctp jdk.security.auth jdk.security.jgss jdk.unsupported jdk.unsupported.desktop jdk.xml.dom" 
OS_ARCH="x86_64" 
OS_NAME="Windows" 
SOURCE=".:git:e0bc49609000" 

Environment Variables:
PATH=C:\Program Files\Common Files\Oracle\Java\javapath;C:\u01\app\oracle\product\21c\db_home\bin;D:\u01\app\oracle\product\21c\db_home\bin;D:\orcl21\app\oracle\product\21c\db_home\bin;C:\Program Files (x86)\VMware\VMware Workstation\bin\;C:\Windows\system32;C:\Windows;C:\Windows\System32\Wbem;C:\Windows\System32\WindowsPowerShell\v1.0\;C:\Windows\System32\OpenSSH\;C:\Program Files\dotnet\;C:\Program Files\Git\cmd;C:\Program Files\nodejs\;C:\Users\vuquo\AppData\Local\Programs\Python\Launcher\;C:\Program Files\MySQL\MySQL Shell 8.0\bin\;C:\Users\vuquo\AppData\Local\Microsoft\WindowsApps;C:\Users\vuquo\AppData\Local\Programs\Microsoft VS Code\bin;C:\Users\vuquo\AppData\Roaming\npm;C:\Program Files\JetBrains\IntelliJ IDEA 2025.1.3\bin;;C:\Users\vuquo\.dotnet\tools;D:\Antigravity\bin
USERNAME=vuquo
OS=Windows_NT
PROCESSOR_IDENTIFIER=Intel64 Family 6 Model 141 Stepping 1, GenuineIntel
TMP=C:\Users\vuquo\AppData\Local\Temp
TEMP=C:\Users\vuquo\AppData\Local\Temp




Periodic native trim disabled

---------------  S Y S T E M  ---------------

OS:
 Windows 11 , 64 bit Build 22621 (10.0.22621.3672)
OS uptime: 0 days 0:52 hours
Hyper-V role detected

CPU: total 12 (initial active 12) (6 cores per cpu, 2 threads per core) family 6 model 141 stepping 1 microcode 0x34, cx8, cmov, fxsr, ht, mmx, 3dnowpref, sse, sse2, sse3, ssse3, sse4.1, sse4.2, popcnt, lzcnt, tsc, tscinvbit, avx, avx2, aes, erms, clmul, bmi1, bmi2, adx, avx512f, avx512dq, avx512cd, avx512bw, avx512vl, sha, fma, vzeroupper, avx512_vpopcntdq, avx512_vpclmulqdq, avx512_vaes, avx512_vnni, clflush, clflushopt, clwb, avx512_vbmi2, avx512_vbmi, hv, rdtscp, rdpid, fsrm, gfni, avx512_bitalg, f16c, cet_ibt, cet_ss, avx512_ifma
Processor Information for the first 12 processors :
  Max Mhz: 2611, Current Mhz: 2611, Mhz Limit: 2611

Memory: 4k page, system-wide physical 7913M (430M free)
TotalPageFile size 15913M (AvailPageFile size 11M)
current process WorkingSet (physical memory assigned to process): 67M, peak: 353M
current process commit charge ("private bytes"): 407M, peak: 497M

vm_info: OpenJDK 64-Bit Server VM (21.0.9+10-LTS) for windows-amd64 JRE (21.0.9+10-LTS), built on 2025-10-13T22:04:36Z by "MicrosoftCorporation" with unknown MS VC++:1944

END.
