#
# There is insufficient memory for the Java Runtime Environment to continue.
# Native memory allocation (mmap) failed to map 130023424 bytes. Error detail: G1 virtual space
# Possible reasons:
#   The system is out of physical RAM or swap space
#   This process is running with CompressedOops enabled, and the Java Heap may be blocking the growth of the native heap
# Possible solutions:
#   Reduce memory load on the system
#   Increase physical memory or swap space
#   Check if swap backing store is full
#   Decrease Java heap size (-Xmx/-Xms)
#   Decrease number of Java threads
#   Decrease Java thread stack sizes (-Xss)
#   Set larger code cache with -XX:ReservedCodeCacheSize=
#   JVM is running with Unscaled Compressed Oops mode in which the Java heap is
#     placed in the first 4GB address space. The Java Heap base address is the
#     maximum limit for the native heap growth. Please use -XX:HeapBaseMinAddress
#     to set the Java Heap base and to place the Java Heap above 4GB virtual address.
# This output file may be truncated or incomplete.
#
#  Out of Memory Error (os_windows.cpp:3716), pid=2244, tid=8532
#
# JRE version:  (21.0.9+10) (build )
# Java VM: OpenJDK 64-Bit Server VM (21.0.9+10-LTS, mixed mode, emulated-client, sharing, tiered, compressed oops, compressed class ptrs, g1 gc, windows-amd64)
# No core dump will be written. Minidumps are not enabled by default on client versions of Windows
#

---------------  S U M M A R Y ------------

Command Line: -XX:TieredStopAtLevel=1 -Dspring.output.ansi.enabled=always -Dcom.sun.management.jmxremote -Dspring.jmx.enabled=true -Dspring.liveBeansView.mbeanDomain -Dspring.application.admin.enabled=true -Dmanagement.endpoints.jmx.exposure.include=* -javaagent:C:\Program Files\JetBrains\IntelliJ IDEA 2025.1.3\lib\idea_rt.jar=61922 -Dfile.encoding=UTF-8 -Dsun.stdout.encoding=UTF-8 -Dsun.stderr.encoding=UTF-8 be.BeApplication

Host: 11th Gen Intel(R) Core(TM) i5-11260H @ 2.60GHz, 12 cores, 7G,  Windows 11 , 64 bit Build 22621 (10.0.22621.3672)
Time: Sun Apr 12 16:18:12 2026 SE Asia Standard Time elapsed time: 0.008846 seconds (0d 0h 0m 0s)

---------------  T H R E A D  ---------------

Current thread (0x000001c820f92280):  JavaThread "Unknown thread" [_thread_in_vm, id=8532, stack(0x00000002e8c00000,0x00000002e8d00000) (1024K)]

Stack: [0x00000002e8c00000,0x00000002e8d00000]
Native frames: (J=compiled Java code, j=interpreted, Vv=VM code, C=native code)
V  [jvm.dll+0x6df259]  (no source info available)
V  [jvm.dll+0x8bfe4b]  (no source info available)
V  [jvm.dll+0x8c23da]  (no source info available)
V  [jvm.dll+0x8c2ab3]  (no source info available)
V  [jvm.dll+0x28a416]  (no source info available)
V  [jvm.dll+0x6de705]  (no source info available)
V  [jvm.dll+0x6d264a]  (no source info available)
V  [jvm.dll+0x36742e]  (no source info available)
V  [jvm.dll+0x36f2fb]  (no source info available)
V  [jvm.dll+0x3c0c99]  (no source info available)
V  [jvm.dll+0x3c0f3b]  (no source info available)
V  [jvm.dll+0x33ace7]  (no source info available)
V  [jvm.dll+0x33b82b]  (no source info available)
V  [jvm.dll+0x88976e]  (no source info available)
V  [jvm.dll+0x3cdbf1]  (no source info available)
V  [jvm.dll+0x87267c]  (no source info available)
V  [jvm.dll+0x461751]  (no source info available)
V  [jvm.dll+0x463391]  (no source info available)
C  [jli.dll+0x52f0]  (no source info available)
C  [ucrtbase.dll+0x29333]  (no source info available)
C  [KERNEL32.DLL+0x1257d]  (no source info available)
C  [ntdll.dll+0x5af28]  (no source info available)


---------------  P R O C E S S  ---------------

Threads class SMR info:
_java_thread_list=0x00007fff41337288, length=0, elements={
}

Java Threads: ( => current thread )
Total: 0

Other Threads:
  0x000001c820fe7b20 WorkerThread "GC Thread#0"                     [id=14052, stack(0x00000002e8d00000,0x00000002e8e00000) (1024K)]
  0x000001c820ff8190 ConcurrentGCThread "G1 Main Marker"            [id=7684, stack(0x00000002e8e00000,0x00000002e8f00000) (1024K)]
  0x000001c820ff9d60 WorkerThread "G1 Conc#0"                       [id=2648, stack(0x00000002e8f00000,0x00000002e9000000) (1024K)]

[error occurred during error reporting (printing all threads), id 0xc0000005, EXCEPTION_ACCESS_VIOLATION (0xc0000005) at pc=0x00007fff40a2d7a7]
VM state: not at safepoint (not fully initialized)

VM Mutex/Monitor currently owned by a thread:  ([mutex/lock_event])
[0x00007fff413ab9b0] Heap_lock - owner thread: 0x000001c820f92280

Heap address: 0x0000000084400000, size: 1980 MB, Compressed Oops mode: 32-bit

CDS archive(s) mapped at: [0x0000000000000000-0x0000000000000000-0x0000000000000000), size 0, SharedBaseAddress: 0x0000000800000000, ArchiveRelocationMode: 1.
Narrow klass base: 0x0000000000000000, Narrow klass shift: 0, Narrow klass range: 0x0

GC Precious Log:
 CardTable entry size: 512
 Card Set container configuration: InlinePtr #cards 5 size 8 Array Of Cards #cards 12 size 40 Howl #buckets 4 coarsen threshold 1843 Howl Bitmap #cards 512 size 80 coarsen threshold 460 Card regions per heap region 1 cards per card region 2048

Heap:
 garbage-first heap   total 0K, used 0K [0x0000000084400000, 0x0000000100000000)
  region size 1024K, 0 young (0K), 0 survivors (0K)

[error occurred during error reporting (printing heap information), id 0xc0000005, EXCEPTION_ACCESS_VIOLATION (0xc0000005) at pc=0x00007fff40e1c219]
GC Heap History (0 events):
No events

Dll operation events (1 events):
Event: 0.005 Loaded shared library C:\Users\vuquo\.jdks\ms-21.0.9\bin\java.dll

Deoptimization events (0 events):
No events

Classes loaded (0 events):
No events

Classes unloaded (0 events):
No events

Classes redefined (0 events):
No events

Internal exceptions (0 events):
No events

ZGC Phase Switch (0 events):
No events

VM Operations (0 events):
No events

Memory protections (0 events):
No events

Nmethod flushes (0 events):
No events

Events (0 events):
No events


Dynamic libraries:
0x00007ff62e890000 - 0x00007ff62e89e000 	C:\Users\vuquo\.jdks\ms-21.0.9\bin\java.exe
0x00007fffa0590000 - 0x00007fffa07a7000 	C:\Windows\SYSTEM32\ntdll.dll
0x00007fff9f3d0000 - 0x00007fff9f494000 	C:\Windows\System32\KERNEL32.DLL
0x00007fff9d990000 - 0x00007fff9dd3d000 	C:\Windows\System32\KERNELBASE.dll
0x00007fff9e140000 - 0x00007fff9e251000 	C:\Windows\System32\ucrtbase.dll
0x00007fff83ed0000 - 0x00007fff83ee8000 	C:\Users\vuquo\.jdks\ms-21.0.9\bin\jli.dll
0x00007fff83eb0000 - 0x00007fff83ece000 	C:\Users\vuquo\.jdks\ms-21.0.9\bin\VCRUNTIME140.dll
0x00007fff9e880000 - 0x00007fff9ea2e000 	C:\Windows\System32\USER32.dll
0x00007fff91fd0000 - 0x00007fff92263000 	C:\Windows\WinSxS\amd64_microsoft.windows.common-controls_6595b64144ccf1df_6.0.22621.3672_none_2713b9d173822955\COMCTL32.dll
0x00007fff9d8c0000 - 0x00007fff9d8e6000 	C:\Windows\System32\win32u.dll
0x00007fffa0390000 - 0x00007fffa0437000 	C:\Windows\System32\msvcrt.dll
0x00007fff9f890000 - 0x00007fff9f8b9000 	C:\Windows\System32\GDI32.dll
0x00007fff9de30000 - 0x00007fff9df49000 	C:\Windows\System32\gdi32full.dll
0x00007fff9d8f0000 - 0x00007fff9d98a000 	C:\Windows\System32\msvcp_win.dll
0x00007fff9f390000 - 0x00007fff9f3c1000 	C:\Windows\System32\IMM32.DLL
0x00007fff94190000 - 0x00007fff9419c000 	C:\Users\vuquo\.jdks\ms-21.0.9\bin\vcruntime140_1.dll
0x00007fff41490000 - 0x00007fff41519000 	C:\Users\vuquo\.jdks\ms-21.0.9\bin\msvcp140.dll
0x00007fff406e0000 - 0x00007fff4148d000 	C:\Users\vuquo\.jdks\ms-21.0.9\bin\server\jvm.dll
0x00007fff9ee70000 - 0x00007fff9ef22000 	C:\Windows\System32\ADVAPI32.dll
0x00007fff9f4a0000 - 0x00007fff9f549000 	C:\Windows\System32\sechost.dll
0x00007fff9dd40000 - 0x00007fff9dd68000 	C:\Windows\System32\bcrypt.dll
0x00007fff9f1f0000 - 0x00007fff9f304000 	C:\Windows\System32\RPCRT4.dll
0x00007fff9f550000 - 0x00007fff9f5c1000 	C:\Windows\System32\WS2_32.dll
0x00007fff9c720000 - 0x00007fff9c76d000 	C:\Windows\SYSTEM32\POWRPROF.dll
0x00007fff94040000 - 0x00007fff94074000 	C:\Windows\SYSTEM32\WINMM.dll
0x00007fff94360000 - 0x00007fff9436a000 	C:\Windows\SYSTEM32\VERSION.dll
0x00007fff9c700000 - 0x00007fff9c713000 	C:\Windows\SYSTEM32\UMPDC.dll
0x00007fff9c9b0000 - 0x00007fff9c9c8000 	C:\Windows\SYSTEM32\kernel.appcore.dll
0x00007fff83ea0000 - 0x00007fff83eaa000 	C:\Users\vuquo\.jdks\ms-21.0.9\bin\jimage.dll
0x00007fff9a9b0000 - 0x00007fff9abe2000 	C:\Windows\SYSTEM32\DBGHELP.DLL
0x00007fff9ea30000 - 0x00007fff9edb8000 	C:\Windows\System32\combase.dll
0x00007fffa0130000 - 0x00007fffa0207000 	C:\Windows\System32\OLEAUT32.dll
0x00007fff91d80000 - 0x00007fff91db2000 	C:\Windows\SYSTEM32\dbgcore.DLL
0x00007fff9df50000 - 0x00007fff9dfcb000 	C:\Windows\System32\bcryptPrimitives.dll
0x00007fff7f440000 - 0x00007fff7f450000 	C:\Users\vuquo\.jdks\ms-21.0.9\bin\instrument.dll
0x00007fff7eda0000 - 0x00007fff7edc1000 	C:\Users\vuquo\.jdks\ms-21.0.9\bin\java.dll

JVMTI agents:
C:\Program Files\JetBrains\IntelliJ IDEA 2025.1.3\lib\idea_rt.jar path:none, loaded, not initialized, instrumentlib options:61922

dbghelp: loaded successfully - version: 4.0.5 - missing functions: none
symbol engine: initialized successfully - sym options: 0x614 - pdb path: .;C:\Users\vuquo\.jdks\ms-21.0.9\bin;C:\Windows\SYSTEM32;C:\Windows\WinSxS\amd64_microsoft.windows.common-controls_6595b64144ccf1df_6.0.22621.3672_none_2713b9d173822955;C:\Users\vuquo\.jdks\ms-21.0.9\bin\server

VM Arguments:
jvm_args: -XX:TieredStopAtLevel=1 -Dspring.output.ansi.enabled=always -Dcom.sun.management.jmxremote -Dspring.jmx.enabled=true -Dspring.liveBeansView.mbeanDomain -Dspring.application.admin.enabled=true -Dmanagement.endpoints.jmx.exposure.include=* -javaagent:C:\Program Files\JetBrains\IntelliJ IDEA 2025.1.3\lib\idea_rt.jar=61922 -Dfile.encoding=UTF-8 -Dsun.stdout.encoding=UTF-8 -Dsun.stderr.encoding=UTF-8 
java_command: be.BeApplication
java_class_path (initial): D:\codegym\module-4\MobileHub\BE\build\classes\java\main;D:\codegym\module-4\MobileHub\BE\build\resources\main;C:\Users\vuquo\.gradle\caches\modules-2\files-2.1\org.projectlombok\lombok\1.18.42\8365263844ebb62398e0dc33057ba10ba472d3b8\lombok-1.18.42.jar;C:\Users\vuquo\.gradle\caches\modules-2\files-2.1\org.springframework.boot\spring-boot-starter-data-jpa\3.5.9\3302557038cfde62e5502f6c7672948a104f3217\spring-boot-starter-data-jpa-3.5.9.jar;C:\Users\vuquo\.gradle\caches\modules-2\files-2.1\org.springframework.boot\spring-boot-starter-security\3.5.9\4c877c842552ea20a378d7aa5787d1becabadada\spring-boot-starter-security-3.5.9.jar;C:\Users\vuquo\.gradle\caches\modules-2\files-2.1\org.springframework.boot\spring-boot-starter-validation\3.5.9\bd187eb8f150bba7e675e3bd7f42bf584490925a\spring-boot-starter-validation-3.5.9.jar;C:\Users\vuquo\.gradle\caches\modules-2\files-2.1\org.springframework.boot\spring-boot-starter-web\3.5.9\9ebe36cc83eb16b435c47c1969e9b115a4e5e90e\spring-boot-starter-web-3.5.9.jar;C:\Users\vuquo\.gradle\caches\modules-2\files-2.1\io.jsonwebtoken\jjwt-api\0.11.5\f742940045619d06383e7df37b21ac422b476cf1\jjwt-api-0.11.5.jar;C:\Users\vuquo\.gradle\caches\modules-2\files-2.1\me.paulschwarz\spring-dotenv\4.0.0\e0180f80e685a9506d1942e6836a16dee050ebaf\spring-dotenv-4.0.0.jar;C:\Users\vuquo\.gradle\caches\modules-2\files-2.1\com.cloudinary\cloudinary-http44\1.39.0\ccc6aca916135d65fab908ea105c7e500894ba54\cloudinary-http44-1.39.0.jar;C:\Users\vuquo\.gradle\caches\modules-2\files-2.1\org.springframework.boot\spring-boot-starter-jdbc\3.5.9\284be658cc66edc7920b8a0a6d165e490634cb25\spring-boot-starter-jdbc-3.5.9.jar;C:\Users\vuquo\.gradle\caches\modules-2\files-2.1\org.springframework.boot\spring-boot-starter\3.5.9\90e0183666bfdfb85a7a5cb996a82fce00d1015a\spring-boot-starter-3.5.9.jar;C:\Users\vuquo\.gradle\caches\modules-2\files-2.1\org.hibernate.orm\hibernate-core\6.6.39.Final\4f88a02dc21657e51143ce9ef62dc6425a74fa20\hibernate-core-6.6.39.Final.jar;C:\Users\vuquo\.gradle\caches\modules-2\files-2.1\org.springframework.data\spring-data-jpa\3.5.7\8abf0cc4b800d0f7d2e8c2b9290f7ce505cf4ee3\spring-data-jpa-3.5.7.jar;C:\Users\vuquo\.gradle\caches\modules-2\files-2.1\org.springframework\spring-aspects\6.2.15\584133cedf27e8b8694812f4a50395c3c3cc3f0f\spring-aspects-6.2.15.jar;C:\Users\vuquo\.gradle\caches\modules-2\files-2.1\org.springframework.security\spring-security-config\6.5.7\7244c8258b5104712cb0be3847ba3753ff80b66e\spring-security-config-6.5.7.jar;C:\Users\vuquo\.gradle\caches\modules-2\files-2.1\org.springframework.security\spring-security-web\6.5.7\c3c2f32069fae888d1e5281bd7e0e638f7f6dc26\spring-security-web-6.5.7.jar;C:\Users\vuquo\.gradle\caches\modules-2\files-2.1\org.springframework\spring-aop\6.2.15\921099294cbe4b7ceb278644a530f14ecd1df580\spring-aop-6.2.15.jar;C:\Users\vuquo\.gradle\caches\modules-2\files-2.1\org.apache.tomcat.embed\tomcat-embed-el\10.1.50\85a483e2bd7325cbc642f896ff844ddbab2d390d\tomcat-embed-el-10.1.50.jar;C:\Users\vuquo\.gradle\caches\modules-2\files-2.1\org.hibernate.validator\hibernate-validator\8.0.3.Final\4425f554297a1c5ba03a3f30e559a9fd91048cf8\hibernate-validator-8.0.3.Final.jar;C:\Users\vuquo\.gradle\caches\modules-2\files-2.1\org.springframework.boot\spring-boot-starter-json\3.5.9\345950f8e533841e9fdf9b4404a5f9b2e5c6ec69\spring-boot-starter-json-3.5.9.jar;C:\Users\vuquo\.gradle\caches\modules-2\files-2.1\org.springframework\spring-webmvc\6.2.15\f290f07e991291b7a67a472ea88d07e9d153c379\spring-webmvc-6.2.15.jar;C:\Users\vuquo\.gradle\caches\modules-2\files-2.1\org.springframework.boot\spring-boot-starter-tomcat\3.5.9\bdc4350d1212a9da114727f5a0fa126949d30caf\spring-boot-starter-tomcat-3.5.9.jar;C:\Users\vuquo\.gradle\caches\modules-2\files-2.1\org.springframework\spring-web\6.2.15\1d43a99df84fc7981dd1ff3b0d339a254c6f3a59\spring-web-6.2.15.jar;C:\Users\vuquo\.gradle\caches\modules-2\files-2.1\com.cloudinary\cloudinary-core\1.39.0\b6d1c6843076ba2fbf47dd9b2799c7862f48a05a\cloudinary-core-1.39.0.jar;C:\Users\vuquo\.gradle\caches\modules-2\files-2.1\org.apache.commons\commons-lang3\3.17.0\b17d2136f0460dcc0d2016ceefca8723bdf4ee70\commons-lang3-3.17.0.jar;C:\Users\vuquo\.gradle\caches\modules-2\files-2.1\org.apache.httpcomponents\httpmime\4.4\54646f004d5b4c37a5a75b1d416c59a3075204e2\httpmime-4.4.jar;C:\Users\vuquo\.gradle\caches\modules-2\files-2.1\org.apache.httpcomponents\httpclient\4.4\6d220441ca681dddc55a189eae81a437309128b8\httpclient-4.4.jar;C:\Users\vuquo\.gradle\caches\modules-2\files-2.1\org.springframework\spring-jdbc\6.2.15\c12dc9fb0b4c21a53c1f464645c2af94ef1e638f\spring-jdbc-6.2.15.jar;C:\Users\vuquo\.gradle\caches\modules-2\files-2.1\com.zaxxer\HikariCP\6.3.3\7c5aec1e47a97ff40977e0193018865304ea9585\HikariCP-6.3.3.jar;C:\Users\vuquo\.gradle\caches\modules-2\files-2.1\org.springframework.boot\spring-boot-autoconfigure\3.5.9\54bf9acd3c71e0cfb297cb5d2ac66494ff37e717\spring-boot-autoconfigure-3.5.9.jar;C:\Users\vuquo\.gradle\caches\modules-2\files-2.1\org.springframework.boot\spring-boot\3.5.9\5ba53d6d44958d1ef28d0ad1f3db811349ba2f07\spring-boot-3.5.9.jar;C:\Users\vuquo\.gradle\caches\modules-2\files-2.1\org.springframework.boot\spring-boot-starter-logging\3.5.9\9872cc87ec245c917e916460e2a10cb4364e8350\spring-boot-starter-logging-3.5.9.jar;C:\Users\vuquo\.gradle\caches\modules-2\files-2.1\jakarta.annotation\jakarta.annotation-api\2.1.1\48b9bda22b091b1f48b13af03fe36db3be6e1ae3\jakarta.annotation-api-2.1.1.jar;C:\Users\vuquo\.gradle\caches\modules-2\files-2.1\org.springframework\spring-core\6.2.15\f4744d35266cf76d71e284308f194fb513364ca2\spring-core-6.2.15.jar;C:\Users\vuquo\.gradle\caches\modules-2\files-2.1\org.yaml\snakeyaml\2.4\e0666b825b796f85521f02360e77f4c92c5a7a07\snakeyaml-2.4.jar;C:\Users\vuquo\.gradle\caches\modules-2\files-2.1\jakarta.persistence\jakarta.persistence-api\3.1.0\66901fa1c373c6aff65c13791cc11da72060a8d6\jakarta.persistence-api-3.1.0.jar;C:\Users\vuquo\.gradle\caches\modules-2\files-2.1\jakarta.transaction\jakarta.transaction-api\2.0.1\51a520e3fae406abb84e2e1148e6746ce3f80a1a\jakarta.transaction-api-2.0.1.jar;C:\Users\vuquo\.gradle\caches\modules-2\files-2.1\org.springframework\spring-context\6.2.15\a721a75d6be895a4ffa1e6b0dc6a77d78ee7ca0d\spring-context-6.2.15.jar;C:\Users\vuquo\.gradle\caches\modules-2\files-2.1\org.springframework\spring-orm\6.2.15\38c4bf42bc06205b7261683e697d57a2d026b1f\spring-orm-6.2.15.jar;C:\Users\vuquo\.gradle\caches\modules-2\files-2.1\org.springframework.data\spring-data-commons\3.5.7\9a9b39749178b4445c118040c1cc5bb5ec7daeef\spring-data-commons-3.5.7.jar;C:\Users\vuquo\.gradle\caches\modules-2\files-2.1\org.springframework\spring-tx\6.2.15\9ce8624687627b1570cedb6a8506507464978276\spring-tx-6.2.15.jar;C:\Users\vuquo\.gradle\caches\modules-2\files-2.1\org.springframework\spring-beans\6.2.15\1d0ad7873e865fc9d47c3aac7b7ffb6d0d1500c5\spring-beans-6.2.15.jar;C:\Users\vuquo\.gradle\caches\modules-2\files-2.1\org.antlr\antlr4-runtime\4.13.0\5a02e48521624faaf5ff4d99afc88b01686af655\antlr4-runtime-4.13.0.jar;C:\Users\vuquo\.gradle\caches\modules-2\files-2.1\org.slf4j\slf4j-api\2.0.17\d9e58ac9c7779ba3bf8142aff6c830617a7fe60f\slf4j-api-2.0.17.jar;C:\Users\vuquo\.gradle\caches\modules-2\files-2.1\org.aspectj\aspectjweaver\1.9.25.1\a713c790da4d794c7dfb542b550d4e44898d5e23\aspectjweaver-1.9.25.1.jar;C:\Users\vuquo\.gradle\caches\modules-2\files-2.1\org.springframework.security\spring-security-core\6.5.7\a0c9068ed82f0ddf21231cc7c7dd4bd6b2ef4029\spring-security-core-6.5.7.jar;C:\Users\vuquo\.gradle\caches\modules-2\files-2.1\org.springframework\spring-expression\6.2.15\9f2d3bb55e9fe32576463daed7d245685420d04\spring-expression-6.2.15.jar;C:\Users\vuquo\.gradle\caches\modules-2\files-2.1\jakarta.validation\jakarta.validation-api\3.0.2\92b6631659ba35ca09e44874d3eb936edfeee532\jakarta.validation-api-3.0.2.jar;C:\Users\vuquo\.gradle\caches\modules-2\files-2.1\org.jboss.logging\jboss-logging\3.6.1.Final\886afbb445b4016a37c8960a7aef6ebd769ce7e5\jboss-logging-3.6.1.Final.jar;C:\Users\vuquo\.gradle\caches\modules-2\files-2.1\com.fasterxml\classmate\1.7.1\e803194e4362a2c0585087c5f315682897d12f00\classmate-1.7.1.jar;C:\Users\vuquo\.gradle\caches\modules-2\files-2.1\com.fasterxml.jackson.datatype\jackson-datatype-jsr310\2.19.4\3cbcf2e636a6b062772299bf19a347536e58c4df\jackson-datatype-jsr310-2.19.4.jar;C:\Users\vuquo\.gradle\caches\modules-2\files-2.1\com.fasterxml.jackson.module\jackson-module-parameter-names\2.19.4\502dfea4c83502f444837b3d040a51e8475f15f2\jackson-module-parameter-names-2.19.4.jar;C:\Users\vuquo\.gradle\caches\modules-2\files-2.1\com.fasterxml.jackson.datatype\jackson-datatype-jdk8\2.19.4\90d304bcdb1a4bacb6f4347be625d75300973c60\jackson-datatype-jdk8-2.19.4.jar;C:\Users\vuquo\.gradle\caches\modules-2\files-2.1\com.fasterxml.jackson.core\jackson-databind\2.19.4\7a39bf9257b726b90b80f27fa3f5174bc75162a5\jackson-databind-2.19.4.jar;C:\Users\vuquo\.gradle\caches\modules-2\files-2.1\org.apache.tomcat.embed\tomcat-embed-websocket\10.1.50\f729d47835e40396ebc4bd7217c2d80994b6fa32\tomcat-embed-websocket-10.1.50.jar;C:\Users\vuquo\.gradle\caches\modules-2\files-2.1\org.apache.tomcat.embed\tomcat-embed-core\10.1.50\dcea3450bf8d83ca782297681c9703a4282e4a8c\tomcat-embed-core-10.1.50.jar;C:\Users\vuquo\.gradle\caches\modules-2\files-2.1\io.micrometer\micrometer-observation\1.15.7\f1b617aa0056e4f5266d30f6126113c1b82b1365\micrometer-observation-1.15.7.jar;C:\Users\vuquo\.gradle\caches\modules-2\files-2.1\org.apache.httpcomponents\httpcore\4.4.16\51cf043c87253c9f58b539c9f7e44c8894223850\httpcore-4.4.16.jar;C:\Users\vuquo\.gradle\caches\modules-2\files-2.1\commons-logging\commons-logging\1.2\4bfc12adfe4842bf07b657f0369c4cb522955686\commons-logging-1.2.jar;C:\Users\vuquo\.gradle\caches\modules-2\files-2.1\commons-codec\commons-codec\1.18.0\ee45d1cf6ec2cc2b809ff04b4dc7aec858e0df8f\commons-codec-1.18.0.jar;C:\Users\vuquo\.gradle\caches\modules-2\files-2.1\ch.qos.logback\logback-classic\1.5.22\b5212de704deea1a38a41a2bf8de274e7c9cd653\logback-classic-1.5.22.jar;C:\Users\vuquo\.gradle\caches\modules-2\files-2.1\org.apache.logging.log4j\log4j-to-slf4j\2.24.3\da1143e2a2531ee1c2d90baa98eb50a28a39d5a7\log4j-to-slf4j-2.24.3.jar;C:\Users\vuquo\.gradle\caches\modules-2\files-2.1\org.slf4j\jul-to-slf4j\2.0.17\524cb6ccc2b68a57604750e1ab8b13b5a786a6aa\jul-to-slf4j-2.0.17.jar;C:\Users\vuquo\.gradle\caches\modules-2\files-2.1\org.springframework\spring-jcl\6.2.15\4e8c809606ff25d22521e3f5be6b059b7fa10c91\spring-jcl-6.2.15.jar;C:\Users\vuquo\.gradle\caches\modules-2\files-2.1\org.springframework.security\spring-security-crypto\6.5.7\a8b424b612c8103e7c0a5576e2be30d1ac61f38a\spring-security-crypto-6.5.7.jar;C:\Users\vuquo\.gradle\caches\modules-2\files-2.1\com.fasterxml.jackson.core\jackson-annotations\2.19.4\bbb09b1e7f7f5108890270eb701cb3ddef991c05\jackson-annotations-2.19.4.jar;C:\Users\vuquo\.gradle\caches\modules-2\files-2.1\com.fasterxml.jackson.core\jackson-core\2.19.4\a720ca9b800742699e041c3890f3731fe516085e\jackson-core-2.19.4.jar;C:\Users\vuquo\.gradle\caches\modules-2\files-2.1\io.micrometer\micrometer-commons\1.15.7\4f4ddbb4363ddb191633751607efb8a18707559c\micrometer-commons-1.15.7.jar;C:\Users\vuquo\.gradle\caches\modules-2\files-2.1\ch.qos.logback\logback-core\1.5.22\7c3ee4420b36bd499fa4f9f18a81d54a64fe0218\logback-core-1.5.22.jar;C:\Users\vuquo\.gradle\caches\modules-2\files-2.1\org.apache.logging.log4j\log4j-api\2.24.3\b02c125db8b6d295adf72ae6e71af5d83bce2370\log4j-api-2.24.3.jar;C:\Users\vuquo\.gradle\caches\modules-2\files-2.1\org.springframework.boot\spring-boot-devtools\3.5.9\20983cd90d7cb38d26c9c53d7412225bcc8ca28c\spring-boot-devtools-3.5.9.jar;C:\Users\vuquo\.gradle\caches\modules-2\files-2.1\io.jsonwebtoken\jjwt-impl\0.11.5\40a599f0e8a8e4e0701596fbb15e67bfda64fdf0\jjwt-impl-0.11.5.jar;C:\Users\vuquo\.gradle\caches\modules-2\files-2.1\io.jsonwebtoken\jjwt-jackson\0.11.5\3b83a06809e98a69402d7333dcf67df6f6ea4579\jjwt-jackson-0.11.5.jar;C:\Users\vuquo\.gradle\caches\modules-2\files-2.1\com.mysql\mysql-connector-j\9.5.0\64153d7488bbf25c040f3b0f004177bc05b36b22\mysql-connector-j-9.5.0.jar;C:\Users\vuquo\.gradle\caches\modules-2\files-2.1\io.github.cdimascio\dotenv-java\3.0.0\f535c5df8b98575eabb2820e548f5ba8a987fe69\dotenv-java-3.0.0.jar;C:\Users\vuquo\.gradle\caches\modules-2\files-2.1\org.hibernate.common\hibernate-commons-annotations\7.0.3.Final\e183c4be8bb41d12e9f19b374e00c34a0a85f439\hibernate-commons-annotations-7.0.3.Final.jar;C:\Users\vuquo\.gradle\caches\modules-2\files-2.1\io.smallrye\jandex\3.2.0\f17ad860f62a08487b9edabde608f8ac55c62fa7\jandex-3.2.0.jar;C:\Users\vuquo\.gradle\caches\modules-2\files-2.1\net.bytebuddy\byte-buddy\1.17.8\af5735f63d00ca47a9375fae5c7471a36331c6ed\byte-buddy-1.17.8.jar;C:\Users\vuquo\.gradle\caches\modules-2\files-2.1\org.glassfish.jaxb\jaxb-runtime\4.0.6\fb95ebb62564657b2fedfe165b859789ef3a8711\jaxb-runtime-4.0.6.jar;C:\Users\vuquo\.gradle\caches\modules-2\files-2.1\jakarta.xml.bind\jakarta.xml.bind-api\4.0.4\d6d2327f3817d9a33a3b6b8f2e15a96bc2e7afdc\jakarta.xml.bind-api-4.0.4.jar;C:\Users\vuquo\.gradle\caches\modules-2\files-2.1\jakarta.inject\jakarta.inject-api\2.0.1\4c28afe1991a941d7702fe1362c365f0a8641d1e\jakarta.inject-api-2.0.1.jar;C:\Users\vuquo\.gradle\caches\modules-2\files-2.1\org.glassfish.jaxb\jaxb-core\4.0.6\8e61282303777fc98a00cc3affd0560d68748a75\jaxb-core-4.0.6.jar;C:\Users\vuquo\.gradle\caches\modules-2\files-2.1\jakarta.activation\jakarta.activation-api\2.1.4\9e5c2a0d75dde71a0bedc4dbdbe47b78a5dc50f8\jakarta.activation-api-2.1.4.jar;C:\Users\vuquo\.gradle\caches\modules-2\files-2.1\org.eclipse.angus\angus-activation\2.0.3\7f80607ea5014fef0b1779e6c33d63a88a45a563\angus-activation-2.0.3.jar;C:\Users\vuquo\.gradle\caches\modules-2\files-2.1\org.glassfish.jaxb\txw2\4.0.6\4f4cd53b5ff9a2c5aa1211f15ed2569c57dfb044\txw2-4.0.6.jar;C:\Users\vuquo\.gradle\caches\modules-2\files-2.1\com.sun.istack\istack-commons-runtime\4.1.2\18ec117c85f3ba0ac65409136afa8e42bc74e739\istack-commons-runtime-4.1.2.jar
Launcher Type: SUN_STANDARD

[Global flags]
     intx CICompilerCount                          = 4                                         {product} {ergonomic}
     uint ConcGCThreads                            = 3                                         {product} {ergonomic}
     uint G1ConcRefinementThreads                  = 10                                        {product} {ergonomic}
   size_t G1HeapRegionSize                         = 1048576                                   {product} {ergonomic}
    uintx GCDrainStackTargetSize                   = 64                                        {product} {ergonomic}
   size_t InitialHeapSize                          = 130023424                                 {product} {ergonomic}
     bool ManagementServer                         = true                                      {product} {command line}
   size_t MarkStackSize                            = 4194304                                   {product} {ergonomic}
   size_t MaxHeapSize                              = 2076180480                                {product} {ergonomic}
   size_t MinHeapDeltaBytes                        = 1048576                                   {product} {ergonomic}
   size_t MinHeapSize                              = 8388608                                   {product} {ergonomic}
    uintx NonNMethodCodeHeapSize                   = 4096                                   {pd product} {ergonomic}
    uintx NonProfiledCodeHeapSize                  = 0                                      {pd product} {ergonomic}
     bool ProfileInterpreter                       = false                                  {pd product} {command line}
    uintx ProfiledCodeHeapSize                     = 0                                      {pd product} {ergonomic}
   size_t SoftMaxHeapSize                          = 2076180480                             {manageable} {ergonomic}
     intx TieredStopAtLevel                        = 1                                         {product} {command line}
     bool UseCompressedOops                        = true                           {product lp64_product} {ergonomic}
     bool UseG1GC                                  = true                                      {product} {ergonomic}
     bool UseLargePagesIndividualAllocation        = false                                  {pd product} {ergonomic}

Logging:
Log output configuration:
 #0: stdout all=warning uptime,level,tags foldmultilines=false
 #1: stderr all=off uptime,level,tags foldmultilines=false

Release file:
<release file has not been read>
Environment Variables:
PATH=C:\Program Files\Common Files\Oracle\Java\javapath;C:\u01\app\oracle\product\21c\db_home\bin;D:\u01\app\oracle\product\21c\db_home\bin;D:\orcl21\app\oracle\product\21c\db_home\bin;C:\Program Files (x86)\VMware\VMware Workstation\bin\;C:\Windows\system32;C:\Windows;C:\Windows\System32\Wbem;C:\Windows\System32\WindowsPowerShell\v1.0\;C:\Windows\System32\OpenSSH\;C:\Program Files\dotnet\;C:\Program Files\Git\cmd;C:\Program Files\nodejs\;C:\Users\vuquo\AppData\Local\Programs\Python\Launcher\;C:\Program Files\MySQL\MySQL Shell 8.0\bin\;C:\Users\vuquo\AppData\Local\Microsoft\WindowsApps;C:\Users\vuquo\AppData\Local\Programs\Microsoft VS Code\bin;C:\Users\vuquo\AppData\Roaming\npm;C:\Program Files\JetBrains\IntelliJ IDEA 2025.1.3\bin;;C:\Users\vuquo\.dotnet\tools;D:\Antigravity\bin
USERNAME=vuquo
OS=Windows_NT
PROCESSOR_IDENTIFIER=Intel64 Family 6 Model 141 Stepping 1, GenuineIntel
TMP=C:\Users\vuquo\AppData\Local\Temp
TEMP=C:\Users\vuquo\AppData\Local\Temp




Periodic native trim disabled

---------------  S Y S T E M  ---------------

OS:
 Windows 11 , 64 bit Build 22621 (10.0.22621.3672)
OS uptime: 0 days 1:55 hours
Hyper-V role detected

CPU: total 12 (initial active 12) (6 cores per cpu, 2 threads per core) family 6 model 141 stepping 1 microcode 0x34, cx8, cmov, fxsr, ht, mmx, 3dnowpref, sse, sse2, sse3, ssse3, sse4.1, sse4.2, popcnt, lzcnt, tsc, tscinvbit, avx, avx2, aes, erms, clmul, bmi1, bmi2, adx, avx512f, avx512dq, avx512cd, avx512bw, avx512vl, sha, fma, vzeroupper, avx512_vpopcntdq, avx512_vpclmulqdq, avx512_vaes, avx512_vnni, clflush, clflushopt, clwb, avx512_vbmi2, avx512_vbmi, hv, rdtscp, rdpid, fsrm, gfni, avx512_bitalg, f16c, cet_ibt, cet_ss, avx512_ifma
Processor Information for the first 12 processors :
  Max Mhz: 2611, Current Mhz: 2611, Mhz Limit: 2611

Memory: 4k page, system-wide physical 7913M (203M free)
TotalPageFile size 15913M (AvailPageFile size 91M)
current process WorkingSet (physical memory assigned to process): 11M, peak: 11M
current process commit charge ("private bytes"): 59M, peak: 183M

vm_info: OpenJDK 64-Bit Server VM (21.0.9+10-LTS) for windows-amd64 JRE (21.0.9+10-LTS), built on 2025-10-13T22:04:36Z by "MicrosoftCorporation" with unknown MS VC++:1944

END.
