#
# There is insufficient memory for the Java Runtime Environment to continue.
# Native memory allocation (malloc) failed to allocate 851680 bytes. Error detail: Chunk::new
# Possible reasons:
#   The system is out of physical RAM or swap space
#   This process is running with CompressedOops enabled, and the Java Heap may be blocking the growth of the native heap
# Possible solutions:
#   Reduce memory load on the system
#   Increase physical memory or swap space
#   Check if swap backing store is full
#   Decrease Java heap size (-Xmx/-Xms)
#   Decrease number of Java threads
#   Decrease Java thread stack sizes (-Xss)
#   Set larger code cache with -XX:ReservedCodeCacheSize=
#   JVM is running with Unscaled Compressed Oops mode in which the Java heap is
#     placed in the first 4GB address space. The Java Heap base address is the
#     maximum limit for the native heap growth. Please use -XX:HeapBaseMinAddress
#     to set the Java Heap base and to place the Java Heap above 4GB virtual address.
# This output file may be truncated or incomplete.
#
#  Out of Memory Error (arena.cpp:168), pid=9368, tid=8368
#
# JRE version: OpenJDK Runtime Environment Microsoft-12574459 (21.0.9+10) (build 21.0.9+10-LTS)
# Java VM: OpenJDK 64-Bit Server VM Microsoft-12574459 (21.0.9+10-LTS, mixed mode, sharing, tiered, compressed oops, compressed class ptrs, g1 gc, windows-amd64)
# No core dump will be written. Minidumps are not enabled by default on client versions of Windows
#

---------------  S U M M A R Y ------------

Command Line: --add-opens=java.base/java.lang=ALL-UNNAMED --add-opens=java.base/java.lang.invoke=ALL-UNNAMED --add-opens=java.base/java.util=ALL-UNNAMED --add-opens=java.prefs/java.util.prefs=ALL-UNNAMED --add-exports=jdk.compiler/com.sun.tools.javac.api=ALL-UNNAMED --add-exports=jdk.compiler/com.sun.tools.javac.util=ALL-UNNAMED --add-opens=java.base/java.util=ALL-UNNAMED --add-opens=java.prefs/java.util.prefs=ALL-UNNAMED --add-opens=java.base/java.nio.charset=ALL-UNNAMED --add-opens=java.base/java.net=ALL-UNNAMED --add-opens=java.base/java.util.concurrent.atomic=ALL-UNNAMED --add-opens=java.xml/javax.xml.namespace=ALL-UNNAMED -XX:MaxMetaspaceSize=384m -XX:+HeapDumpOnOutOfMemoryError -Xms256m -Xmx512m -Dfile.encoding=UTF-8 -Duser.country=US -Duser.language=en -Duser.variant -javaagent:C:\Users\vuquo\.gradle\wrapper\dists\gradle-8.14.4-bin\92wwslzcyst3phie3o264zltu\gradle-8.14.4\lib\agents\gradle-instrumentation-agent-8.14.4.jar org.gradle.launcher.daemon.bootstrap.GradleDaemon 8.14.4

Host: 11th Gen Intel(R) Core(TM) i5-11260H @ 2.60GHz, 12 cores, 7G,  Windows 11 , 64 bit Build 22621 (10.0.22621.3672)
Time: Mon Apr  6 04:08:11 2026 SE Asia Standard Time elapsed time: 4.790769 seconds (0d 0h 0m 4s)

---------------  T H R E A D  ---------------

Current thread (0x00000193d9942090):  JavaThread "C2 CompilerThread0" daemon [_thread_in_native, id=8368, stack(0x0000001727f00000,0x0000001728000000) (1024K)]


Current CompileTask:
C2:4790 6345       4       org.objectweb.asm.MethodWriter::computeAllFrames (510 bytes)

Stack: [0x0000001727f00000,0x0000001728000000]
Native frames: (J=compiled Java code, j=interpreted, Vv=VM code, C=native code)
V  [jvm.dll+0x6df259]  (no source info available)
V  [jvm.dll+0x8bfe4b]  (no source info available)
V  [jvm.dll+0x8c23da]  (no source info available)
V  [jvm.dll+0x8c2ab3]  (no source info available)
V  [jvm.dll+0x28a416]  (no source info available)
V  [jvm.dll+0xc903d]  (no source info available)
V  [jvm.dll+0xc958c]  (no source info available)
V  [jvm.dll+0x3c7cfc]  (no source info available)
V  [jvm.dll+0x394452]  (no source info available)
V  [jvm.dll+0x3938aa]  (no source info available)
V  [jvm.dll+0x2520a0]  (no source info available)
V  [jvm.dll+0x2516c3]  (no source info available)
V  [jvm.dll+0x1d18cf]  (no source info available)
V  [jvm.dll+0x26138a]  (no source info available)
V  [jvm.dll+0x25f6f5]  (no source info available)
V  [jvm.dll+0x401aad]  (no source info available)
V  [jvm.dll+0x869f7d]  (no source info available)
V  [jvm.dll+0x6e080d]  (no source info available)
C  [ucrtbase.dll+0x29333]  (no source info available)
C  [KERNEL32.DLL+0x1257d]  (no source info available)
C  [ntdll.dll+0x5af28]  (no source info available)


---------------  P R O C E S S  ---------------

Threads class SMR info:
_java_thread_list=0x00000193f60fd540, length=88, elements={
0x00000193be62c2d0, 0x00000193d9931160, 0x00000193d9932020, 0x00000193d99340c0,
0x00000193d9937150, 0x00000193d9937e80, 0x00000193d993ca10, 0x00000193d9942090,
0x00000193d9943b30, 0x00000193d9b62fe0, 0x00000193d9bb1ab0, 0x00000193d9ccfb00,
0x00000193d9cfcce0, 0x00000193f4c14010, 0x00000193f4a48380, 0x00000193f48fff90,
0x00000193f4a93360, 0x00000193f4b16ca0, 0x00000193f49a00b0, 0x00000193f4b18740,
0x00000193f4b08620, 0x00000193f4ad20f0, 0x00000193f4ad1a60, 0x00000193f4ad2780,
0x00000193f4ad2e10, 0x00000193f4ad0020, 0x00000193f4ad0d40, 0x00000193f4ad34a0,
0x00000193f4ad06b0, 0x00000193f4ad13d0, 0x00000193f6318280, 0x00000193f6318910,
0x00000193f6315490, 0x00000193f6315b20, 0x00000193f6317560, 0x00000193f6316ed0,
0x00000193f50cbff0, 0x00000193f50ca5b0, 0x00000193f50ce0c0, 0x00000193f50c84e0,
0x00000193f50cac40, 0x00000193f50c77c0, 0x00000193f50c9f20, 0x00000193f50c7e50,
0x00000193f50ce750, 0x00000193f50cb2d0, 0x00000193f50cb960, 0x00000193f50cede0,
0x00000193f50cc680, 0x00000193f50c9890, 0x00000193f50ccd10, 0x00000193f50cd3a0,
0x00000193f50cda30, 0x00000193f50c8b70, 0x00000193f63f07e0, 0x00000193f63f0150,
0x00000193f63f35d0, 0x00000193f63f2f40, 0x00000193f63f0e70, 0x00000193f63f1500,
0x00000193f63f2220, 0x00000193f63ef430, 0x00000193f63f28b0, 0x00000193f63f1b90,
0x00000193f63f3c60, 0x00000193f63f42f0, 0x00000193f63efac0, 0x00000193f63ed360,
0x00000193f63f4980, 0x00000193f63ed9f0, 0x00000193f63ee080, 0x00000193f63ee710,
0x00000193f63eeda0, 0x00000193f91a5790, 0x00000193f91aa650, 0x00000193f91a4a70,
0x00000193f91a92a0, 0x00000193f91a5e20, 0x00000193f91a64b0, 0x00000193f91a5100,
0x00000193f91a6b40, 0x00000193f91a71d0, 0x00000193f91a8580, 0x00000193f91a8c10,
0x00000193f91a43e0, 0x00000193f91a7860, 0x00000193f91a9930, 0x00000193f91a36c0
}

Java Threads: ( => current thread )
  0x00000193be62c2d0 JavaThread "main"                              [_thread_blocked, id=10400, stack(0x0000001727100000,0x0000001727200000) (1024K)]
  0x00000193d9931160 JavaThread "Reference Handler"          daemon [_thread_blocked, id=18816, stack(0x0000001727900000,0x0000001727a00000) (1024K)]
  0x00000193d9932020 JavaThread "Finalizer"                  daemon [_thread_blocked, id=2504, stack(0x0000001727a00000,0x0000001727b00000) (1024K)]
  0x00000193d99340c0 JavaThread "Signal Dispatcher"          daemon [_thread_blocked, id=15116, stack(0x0000001727b00000,0x0000001727c00000) (1024K)]
  0x00000193d9937150 JavaThread "Attach Listener"            daemon [_thread_blocked, id=16900, stack(0x0000001727c00000,0x0000001727d00000) (1024K)]
  0x00000193d9937e80 JavaThread "Service Thread"             daemon [_thread_blocked, id=6360, stack(0x0000001727d00000,0x0000001727e00000) (1024K)]
  0x00000193d993ca10 JavaThread "Monitor Deflation Thread"   daemon [_thread_blocked, id=11596, stack(0x0000001727e00000,0x0000001727f00000) (1024K)]
=>0x00000193d9942090 JavaThread "C2 CompilerThread0"         daemon [_thread_in_native, id=8368, stack(0x0000001727f00000,0x0000001728000000) (1024K)]
  0x00000193d9943b30 JavaThread "C1 CompilerThread0"         daemon [_thread_blocked, id=13652, stack(0x0000001728000000,0x0000001728100000) (1024K)]
  0x00000193d9b62fe0 JavaThread "Common-Cleaner"             daemon [_thread_blocked, id=18848, stack(0x0000001728100000,0x0000001728200000) (1024K)]
  0x00000193d9bb1ab0 JavaThread "Notification Thread"        daemon [_thread_blocked, id=14132, stack(0x0000001728200000,0x0000001728300000) (1024K)]
  0x00000193d9ccfb00 JavaThread "C2 CompilerThread1"         daemon [_thread_in_native, id=3996, stack(0x0000001728300000,0x0000001728400000) (1024K)]
  0x00000193d9cfcce0 JavaThread "C2 CompilerThread2"         daemon [_thread_in_native, id=18872, stack(0x0000001728400000,0x0000001728500000) (1024K)]
  0x00000193f4c14010 JavaThread "Daemon health stats"               [_thread_blocked, id=11812, stack(0x0000001728a00000,0x0000001728b00000) (1024K)]
  0x00000193f4a48380 JavaThread "Incoming local TCP Connector on port 55187"        [_thread_in_native, id=14776, stack(0x0000001728e00000,0x0000001728f00000) (1024K)]
  0x00000193f48fff90 JavaThread "Daemon periodic checks"            [_thread_blocked, id=13784, stack(0x0000001728f00000,0x0000001729000000) (1024K)]
  0x00000193f4a93360 JavaThread "Daemon"                            [_thread_blocked, id=19120, stack(0x0000001729000000,0x0000001729100000) (1024K)]
  0x00000193f4b16ca0 JavaThread "Handler for socket connection from /127.0.0.1:55187 to /127.0.0.1:55188"        [_thread_in_native, id=18604, stack(0x0000001729100000,0x0000001729200000) (1024K)]
  0x00000193f49a00b0 JavaThread "Cancel handler"                    [_thread_blocked, id=12864, stack(0x0000001729200000,0x0000001729300000) (1024K)]
  0x00000193f4b18740 JavaThread "Daemon worker"                     [_thread_in_vm, id=5512, stack(0x0000001729300000,0x0000001729400000) (1024K)]
  0x00000193f4b08620 JavaThread "Asynchronous log dispatcher for DefaultDaemonConnection: socket connection from /127.0.0.1:55187 to /127.0.0.1:55188"        [_thread_blocked, id=6208, stack(0x0000001729400000,0x0000001729500000) (1024K)]
  0x00000193f4ad20f0 JavaThread "Stdin handler"                     [_thread_blocked, id=16932, stack(0x0000001729500000,0x0000001729600000) (1024K)]
  0x00000193f4ad1a60 JavaThread "Daemon client event forwarder"        [_thread_blocked, id=13928, stack(0x0000001729600000,0x0000001729700000) (1024K)]
  0x00000193f4ad2780 JavaThread "Cache worker for journal cache (C:\Users\vuquo\.gradle\caches\journal-1)"        [_thread_blocked, id=15000, stack(0x0000001729700000,0x0000001729800000) (1024K)]
  0x00000193f4ad2e10 JavaThread "File lock request listener"        [_thread_in_native, id=15036, stack(0x0000001729800000,0x0000001729900000) (1024K)]
  0x00000193f4ad0020 JavaThread "Cache worker for file hash cache (C:\Users\vuquo\.gradle\caches\8.14.4\fileHashes)"        [_thread_blocked, id=10664, stack(0x0000001729900000,0x0000001729a00000) (1024K)]
  0x00000193f4ad0d40 JavaThread "Cache worker for file hash cache (D:\codegym\module-4\MobileHub\BE\.gradle\8.14.4\fileHashes)"        [_thread_blocked, id=7372, stack(0x0000001729d00000,0x0000001729e00000) (1024K)]
  0x00000193f4ad34a0 JavaThread "Cache worker for Build Output Cleanup Cache (D:\codegym\module-4\MobileHub\BE\.gradle\buildOutputCleanup)"        [_thread_blocked, id=8536, stack(0x0000001729e00000,0x0000001729f00000) (1024K)]
  0x00000193f4ad06b0 JavaThread "File watcher server"        daemon [_thread_in_native, id=7108, stack(0x0000001729f00000,0x000000172a000000) (1024K)]
  0x00000193f4ad13d0 JavaThread "File watcher consumer"      daemon [_thread_blocked, id=18472, stack(0x000000172a000000,0x000000172a100000) (1024K)]
  0x00000193f6318280 JavaThread "jar transforms"                    [_thread_blocked, id=10376, stack(0x000000172a100000,0x000000172a200000) (1024K)]
  0x00000193f6318910 JavaThread "jar transforms Thread 2"           [_thread_blocked, id=18448, stack(0x000000172a200000,0x000000172a300000) (1024K)]
  0x00000193f6315490 JavaThread "Cache worker for checksums cache (D:\codegym\module-4\MobileHub\BE\.gradle\8.14.4\checksums)"        [_thread_blocked, id=4476, stack(0x000000172a300000,0x000000172a400000) (1024K)]
  0x00000193f6315b20 JavaThread "Cache worker for file content cache (C:\Users\vuquo\.gradle\caches\8.14.4\fileContent)"        [_thread_blocked, id=19044, stack(0x000000172a400000,0x000000172a500000) (1024K)]
  0x00000193f6317560 JavaThread "jar transforms Thread 3"           [_thread_blocked, id=18484, stack(0x000000172a500000,0x000000172a600000) (1024K)]
  0x00000193f6316ed0 JavaThread "Cache worker for cache directory md-supplier (C:\Users\vuquo\.gradle\caches\8.14.4\md-supplier)"        [_thread_blocked, id=15492, stack(0x000000172a600000,0x000000172a700000) (1024K)]
  0x00000193f50cbff0 JavaThread "Cache worker for cache directory md-rule (C:\Users\vuquo\.gradle\caches\8.14.4\md-rule)"        [_thread_blocked, id=1280, stack(0x000000172a700000,0x000000172a800000) (1024K)]
  0x00000193f50ca5b0 JavaThread "Unconstrained build operations"        [_thread_blocked, id=3408, stack(0x000000172a800000,0x000000172a900000) (1024K)]
  0x00000193f50ce0c0 JavaThread "Unconstrained build operations Thread 2"        [_thread_blocked, id=13620, stack(0x000000172a900000,0x000000172aa00000) (1024K)]
  0x00000193f50c84e0 JavaThread "Unconstrained build operations Thread 3"        [_thread_blocked, id=8324, stack(0x000000172aa00000,0x000000172ab00000) (1024K)]
  0x00000193f50cac40 JavaThread "Unconstrained build operations Thread 4"        [_thread_blocked, id=17904, stack(0x000000172ab00000,0x000000172ac00000) (1024K)]
  0x00000193f50c77c0 JavaThread "Unconstrained build operations Thread 5"        [_thread_blocked, id=18596, stack(0x000000172ac00000,0x000000172ad00000) (1024K)]
  0x00000193f50c9f20 JavaThread "Unconstrained build operations Thread 6"        [_thread_blocked, id=18132, stack(0x000000172ad00000,0x000000172ae00000) (1024K)]
  0x00000193f50c7e50 JavaThread "Unconstrained build operations Thread 7"        [_thread_blocked, id=15600, stack(0x000000172ae00000,0x000000172af00000) (1024K)]
  0x00000193f50ce750 JavaThread "Unconstrained build operations Thread 8"        [_thread_blocked, id=13208, stack(0x000000172af00000,0x000000172b000000) (1024K)]
  0x00000193f50cb2d0 JavaThread "jar transforms Thread 4"           [_thread_blocked, id=18988, stack(0x000000172b000000,0x000000172b100000) (1024K)]
  0x00000193f50cb960 JavaThread "jar transforms Thread 5"           [_thread_blocked, id=1360, stack(0x000000172b100000,0x000000172b200000) (1024K)]
  0x00000193f50cede0 JavaThread "Unconstrained build operations Thread 9"        [_thread_blocked, id=8772, stack(0x000000172b200000,0x000000172b300000) (1024K)]
  0x00000193f50cc680 JavaThread "Unconstrained build operations Thread 10"        [_thread_blocked, id=17592, stack(0x000000172b300000,0x000000172b400000) (1024K)]
  0x00000193f50c9890 JavaThread "Unconstrained build operations Thread 11"        [_thread_blocked, id=4020, stack(0x000000172b400000,0x000000172b500000) (1024K)]
  0x00000193f50ccd10 JavaThread "Unconstrained build operations Thread 12"        [_thread_blocked, id=11764, stack(0x000000172b500000,0x000000172b600000) (1024K)]
  0x00000193f50cd3a0 JavaThread "jar transforms Thread 6"           [_thread_blocked, id=7544, stack(0x000000172b600000,0x000000172b700000) (1024K)]
  0x00000193f50cda30 JavaThread "jar transforms Thread 7"           [_thread_blocked, id=2836, stack(0x000000172b700000,0x000000172b800000) (1024K)]
  0x00000193f50c8b70 JavaThread "jar transforms Thread 8"           [_thread_blocked, id=4812, stack(0x000000172b800000,0x000000172b900000) (1024K)]
  0x00000193f63f07e0 JavaThread "jar transforms Thread 9"           [_thread_blocked, id=10552, stack(0x000000172b900000,0x000000172ba00000) (1024K)]
  0x00000193f63f0150 JavaThread "Unconstrained build operations Thread 13"        [_thread_blocked, id=3468, stack(0x000000172ba00000,0x000000172bb00000) (1024K)]
  0x00000193f63f35d0 JavaThread "Unconstrained build operations Thread 14"        [_thread_blocked, id=11528, stack(0x000000172bb00000,0x000000172bc00000) (1024K)]
  0x00000193f63f2f40 JavaThread "Unconstrained build operations Thread 15"        [_thread_blocked, id=12008, stack(0x000000172bc00000,0x000000172bd00000) (1024K)]
  0x00000193f63f0e70 JavaThread "Unconstrained build operations Thread 16"        [_thread_blocked, id=812, stack(0x000000172bd00000,0x000000172be00000) (1024K)]
  0x00000193f63f1500 JavaThread "Unconstrained build operations Thread 17"        [_thread_blocked, id=19092, stack(0x000000172be00000,0x000000172bf00000) (1024K)]
  0x00000193f63f2220 JavaThread "Unconstrained build operations Thread 18"        [_thread_blocked, id=10180, stack(0x000000172bf00000,0x000000172c000000) (1024K)]
  0x00000193f63ef430 JavaThread "Unconstrained build operations Thread 19"        [_thread_blocked, id=6384, stack(0x000000172c000000,0x000000172c100000) (1024K)]
  0x00000193f63f28b0 JavaThread "Unconstrained build operations Thread 20"        [_thread_blocked, id=8692, stack(0x000000172c100000,0x000000172c200000) (1024K)]
  0x00000193f63f1b90 JavaThread "Unconstrained build operations Thread 21"        [_thread_blocked, id=16680, stack(0x000000172c200000,0x000000172c300000) (1024K)]
  0x00000193f63f3c60 JavaThread "Unconstrained build operations Thread 22"        [_thread_blocked, id=9864, stack(0x000000172c300000,0x000000172c400000) (1024K)]
  0x00000193f63f42f0 JavaThread "Unconstrained build operations Thread 23"        [_thread_blocked, id=12276, stack(0x000000172c400000,0x000000172c500000) (1024K)]
  0x00000193f63efac0 JavaThread "Unconstrained build operations Thread 24"        [_thread_blocked, id=7428, stack(0x000000172c500000,0x000000172c600000) (1024K)]
  0x00000193f63ed360 JavaThread "Unconstrained build operations Thread 25"        [_thread_blocked, id=8020, stack(0x000000172c600000,0x000000172c700000) (1024K)]
  0x00000193f63f4980 JavaThread "Unconstrained build operations Thread 26"        [_thread_blocked, id=15384, stack(0x000000172c700000,0x000000172c800000) (1024K)]
  0x00000193f63ed9f0 JavaThread "Unconstrained build operations Thread 27"        [_thread_blocked, id=3308, stack(0x000000172c800000,0x000000172c900000) (1024K)]
  0x00000193f63ee080 JavaThread "Unconstrained build operations Thread 28"        [_thread_blocked, id=17112, stack(0x000000172c900000,0x000000172ca00000) (1024K)]
  0x00000193f63ee710 JavaThread "Unconstrained build operations Thread 29"        [_thread_blocked, id=12076, stack(0x000000172ca00000,0x000000172cb00000) (1024K)]
  0x00000193f63eeda0 JavaThread "Unconstrained build operations Thread 30"        [_thread_blocked, id=4772, stack(0x000000172cb00000,0x000000172cc00000) (1024K)]
  0x00000193f91a5790 JavaThread "Unconstrained build operations Thread 31"        [_thread_blocked, id=18736, stack(0x000000172cc00000,0x000000172cd00000) (1024K)]
  0x00000193f91aa650 JavaThread "Unconstrained build operations Thread 32"        [_thread_blocked, id=7344, stack(0x000000172cd00000,0x000000172ce00000) (1024K)]
  0x00000193f91a4a70 JavaThread "Unconstrained build operations Thread 33"        [_thread_blocked, id=18824, stack(0x000000172ce00000,0x000000172cf00000) (1024K)]
  0x00000193f91a92a0 JavaThread "Unconstrained build operations Thread 34"        [_thread_blocked, id=13048, stack(0x000000172cf00000,0x000000172d000000) (1024K)]
  0x00000193f91a5e20 JavaThread "Unconstrained build operations Thread 35"        [_thread_blocked, id=12952, stack(0x000000172d000000,0x000000172d100000) (1024K)]
  0x00000193f91a64b0 JavaThread "Unconstrained build operations Thread 36"        [_thread_blocked, id=10156, stack(0x000000172d100000,0x000000172d200000) (1024K)]
  0x00000193f91a5100 JavaThread "Unconstrained build operations Thread 37"        [_thread_blocked, id=3176, stack(0x000000172d200000,0x000000172d300000) (1024K)]
  0x00000193f91a6b40 JavaThread "Unconstrained build operations Thread 38"        [_thread_blocked, id=10568, stack(0x000000172d300000,0x000000172d400000) (1024K)]
  0x00000193f91a71d0 JavaThread "Unconstrained build operations Thread 39"        [_thread_blocked, id=4964, stack(0x000000172d400000,0x000000172d500000) (1024K)]
  0x00000193f91a8580 JavaThread "Unconstrained build operations Thread 40"        [_thread_blocked, id=13424, stack(0x000000172d500000,0x000000172d600000) (1024K)]
  0x00000193f91a8c10 JavaThread "Unconstrained build operations Thread 41"        [_thread_blocked, id=3732, stack(0x000000172d600000,0x000000172d700000) (1024K)]
  0x00000193f91a43e0 JavaThread "Unconstrained build operations Thread 42"        [_thread_blocked, id=16056, stack(0x000000172d700000,0x000000172d800000) (1024K)]
  0x00000193f91a7860 JavaThread "Unconstrained build operations Thread 43"        [_thread_blocked, id=9916, stack(0x000000172d800000,0x000000172d900000) (1024K)]
  0x00000193f91a9930 JavaThread "Unconstrained build operations Thread 44"        [_thread_blocked, id=2228, stack(0x000000172d900000,0x000000172da00000) (1024K)]
  0x00000193f91a36c0 JavaThread "Unconstrained build operations Thread 45"        [_thread_blocked, id=4988, stack(0x000000172da00000,0x000000172db00000) (1024K)]
Total: 88

Other Threads:
  0x00000193d991bf30 VMThread "VM Thread"                           [id=11388, stack(0x0000001727800000,0x0000001727900000) (1024K)]
  0x00000193d990c870 WatcherThread "VM Periodic Task Thread"        [id=4648, stack(0x0000001727700000,0x0000001727800000) (1024K)]
  0x00000193be657260 WorkerThread "GC Thread#0"                     [id=5800, stack(0x0000001727200000,0x0000001727300000) (1024K)]
  0x00000193f3082d20 WorkerThread "GC Thread#1"                     [id=4672, stack(0x0000001728500000,0x0000001728600000) (1024K)]
  0x00000193d9caee90 WorkerThread "GC Thread#2"                     [id=18752, stack(0x0000001728600000,0x0000001728700000) (1024K)]
  0x00000193f310d3c0 WorkerThread "GC Thread#3"                     [id=260, stack(0x0000001728700000,0x0000001728800000) (1024K)]
  0x00000193f30d5750 WorkerThread "GC Thread#4"                     [id=18912, stack(0x0000001728800000,0x0000001728900000) (1024K)]
  0x00000193f30d5af0 WorkerThread "GC Thread#5"                     [id=19104, stack(0x0000001728900000,0x0000001728a00000) (1024K)]
  0x00000193f49fcfb0 WorkerThread "GC Thread#6"                     [id=17500, stack(0x0000001728b00000,0x0000001728c00000) (1024K)]
  0x00000193f49fbd90 WorkerThread "GC Thread#7"                     [id=12184, stack(0x0000001728c00000,0x0000001728d00000) (1024K)]
  0x00000193f49fd350 WorkerThread "GC Thread#8"                     [id=17644, stack(0x0000001728d00000,0x0000001728e00000) (1024K)]
  0x00000193f62400f0 WorkerThread "GC Thread#9"                     [id=6296, stack(0x0000001729a00000,0x0000001729b00000) (1024K)]
  0x00000193be65c150 ConcurrentGCThread "G1 Main Marker"            [id=13324, stack(0x0000001727300000,0x0000001727400000) (1024K)]
  0x00000193be65cd10 WorkerThread "G1 Conc#0"                       [id=11384, stack(0x0000001727400000,0x0000001727500000) (1024K)]
  0x00000193f623dcb0 WorkerThread "G1 Conc#1"                       [id=12240, stack(0x0000001729b00000,0x0000001729c00000) (1024K)]
  0x00000193f6240830 WorkerThread "G1 Conc#2"                       [id=18516, stack(0x0000001729c00000,0x0000001729d00000) (1024K)]
  0x00000193d97dd230 ConcurrentGCThread "G1 Refine#0"               [id=2276, stack(0x0000001727500000,0x0000001727600000) (1024K)]
  0x00000193d97ddbb0 ConcurrentGCThread "G1 Service"                [id=7356, stack(0x0000001727600000,0x0000001727700000) (1024K)]
Total: 18

Threads with active compile tasks:
C2 CompilerThread0  4801 6345       4       org.objectweb.asm.MethodWriter::computeAllFrames (510 bytes)
C1 CompilerThread0  4801 6383       3       java.util.Properties::load0 (249 bytes)
C2 CompilerThread1  4801 6361   !   4       com.google.common.reflect.TypeVisitor::visit (225 bytes)
C2 CompilerThread2  4801 6374       4       java.util.Collections$UnmodifiableCollection::iterator (9 bytes)
Total: 4

VM state: not at safepoint (normal execution)

VM Mutex/Monitor currently owned by a thread:  ([mutex/lock_event])
[0x00007ffa4990a3b0] MethodCompileQueue_lock - owner thread: 0x00000193d9943b30
[0x00007ffa4990b7b0] CodeCache_lock - owner thread: 0x00000193d9943b30

Heap address: 0x00000000e0000000, size: 512 MB, Compressed Oops mode: 32-bit

CDS archive(s) mapped at: [0x00000193da000000-0x00000193dac80000-0x00000193dac80000), size 13107200, SharedBaseAddress: 0x00000193da000000, ArchiveRelocationMode: 1.
Compressed class space mapped at: 0x00000193db000000-0x00000193ef000000, reserved size: 335544320
Narrow klass base: 0x00000193da000000, Narrow klass shift: 0, Narrow klass range: 0x100000000

GC Precious Log:
 CardTable entry size: 512
 Card Set container configuration: InlinePtr #cards 5 size 8 Array Of Cards #cards 12 size 40 Howl #buckets 4 coarsen threshold 1843 Howl Bitmap #cards 512 size 80 coarsen threshold 460 Card regions per heap region 1 cards per card region 2048
 CPUs: 12 total, 12 available
 Memory: 7913M
 Large Page Support: Disabled
 NUMA Support: Disabled
 Compressed Oops: Enabled (32-bit)
 Heap Region Size: 1M
 Heap Min Capacity: 256M
 Heap Initial Capacity: 256M
 Heap Max Capacity: 512M
 Pre-touch: Disabled
 Parallel Workers: 10
 Concurrent Workers: 3
 Concurrent Refinement Workers: 10
 Periodic GC: Disabled

Heap:
 garbage-first heap   total 262144K, used 78758K [0x00000000e0000000, 0x0000000100000000)
  region size 1024K, 55 young (56320K), 17 survivors (17408K)
 Metaspace       used 54288K, committed 56064K, reserved 393216K
  class space    used 7850K, committed 8704K, reserved 327680K

Heap Regions: E=young(eden), S=young(survivor), O=old, HS=humongous(starts), HC=humongous(continues), CS=collection set, F=free, TAMS=top-at-mark-start, PB=parsable bottom
|   0|0x00000000e0000000, 0x00000000e0100000, 0x00000000e0100000|100%|HS|  |TAMS 0x00000000e0000000| PB 0x00000000e0000000| Complete 
|   1|0x00000000e0100000, 0x00000000e0200000, 0x00000000e0200000|100%|HC|  |TAMS 0x00000000e0100000| PB 0x00000000e0100000| Complete 
|   2|0x00000000e0200000, 0x00000000e0300000, 0x00000000e0300000|100%|HC|  |TAMS 0x00000000e0200000| PB 0x00000000e0200000| Complete 
|   3|0x00000000e0300000, 0x00000000e0400000, 0x00000000e0400000|100%| O|  |TAMS 0x00000000e0300000| PB 0x00000000e0300000| Untracked 
|   4|0x00000000e0400000, 0x00000000e0500000, 0x00000000e0500000|100%| O|  |TAMS 0x00000000e0400000| PB 0x00000000e0400000| Untracked 
|   5|0x00000000e0500000, 0x00000000e0600000, 0x00000000e0600000|100%| O|  |TAMS 0x00000000e0500000| PB 0x00000000e0500000| Untracked 
|   6|0x00000000e0600000, 0x00000000e0700000, 0x00000000e0700000|100%|HS|  |TAMS 0x00000000e0600000| PB 0x00000000e0600000| Complete 
|   7|0x00000000e0700000, 0x00000000e0800000, 0x00000000e0800000|100%| O|  |TAMS 0x00000000e0700000| PB 0x00000000e0700000| Untracked 
|   8|0x00000000e0800000, 0x00000000e0900000, 0x00000000e0900000|100%| O|  |TAMS 0x00000000e0800000| PB 0x00000000e0800000| Untracked 
|   9|0x00000000e0900000, 0x00000000e0a00000, 0x00000000e0a00000|100%| O|  |TAMS 0x00000000e0900000| PB 0x00000000e0900000| Untracked 
|  10|0x00000000e0a00000, 0x00000000e0a00000, 0x00000000e0b00000|  0%| F|  |TAMS 0x00000000e0a00000| PB 0x00000000e0a00000| Untracked 
|  11|0x00000000e0b00000, 0x00000000e0c00000, 0x00000000e0c00000|100%| O|  |TAMS 0x00000000e0b00000| PB 0x00000000e0b00000| Untracked 
|  12|0x00000000e0c00000, 0x00000000e0d00000, 0x00000000e0d00000|100%| O|  |TAMS 0x00000000e0c00000| PB 0x00000000e0c00000| Untracked 
|  13|0x00000000e0d00000, 0x00000000e0e00000, 0x00000000e0e00000|100%| O|  |TAMS 0x00000000e0d00000| PB 0x00000000e0d00000| Untracked 
|  14|0x00000000e0e00000, 0x00000000e0f00000, 0x00000000e0f00000|100%| O|  |TAMS 0x00000000e0e00000| PB 0x00000000e0e00000| Untracked 
|  15|0x00000000e0f00000, 0x00000000e1000000, 0x00000000e1000000|100%| O|  |TAMS 0x00000000e0f00000| PB 0x00000000e0f00000| Untracked 
|  16|0x00000000e1000000, 0x00000000e1100000, 0x00000000e1100000|100%| O|  |TAMS 0x00000000e1000000| PB 0x00000000e1000000| Untracked 
|  17|0x00000000e1100000, 0x00000000e1200000, 0x00000000e1200000|100%| O|  |TAMS 0x00000000e1100000| PB 0x00000000e1100000| Untracked 
|  18|0x00000000e1200000, 0x00000000e1300000, 0x00000000e1300000|100%| O|  |TAMS 0x00000000e1200000| PB 0x00000000e1200000| Untracked 
|  19|0x00000000e1300000, 0x00000000e1400000, 0x00000000e1400000|100%| O|  |TAMS 0x00000000e1300000| PB 0x00000000e1300000| Untracked 
|  20|0x00000000e1400000, 0x00000000e1500000, 0x00000000e1500000|100%| O|  |TAMS 0x00000000e1400000| PB 0x00000000e1400000| Untracked 
|  21|0x00000000e1500000, 0x00000000e1600000, 0x00000000e1600000|100%| O|  |TAMS 0x00000000e1500000| PB 0x00000000e1500000| Untracked 
|  22|0x00000000e1600000, 0x00000000e1700000, 0x00000000e1700000|100%| O|  |TAMS 0x00000000e1600000| PB 0x00000000e1600000| Untracked 
|  23|0x00000000e1700000, 0x00000000e1800000, 0x00000000e1800000|100%| O|Cm|TAMS 0x00000000e1700000| PB 0x00000000e1700000| Complete 
|  24|0x00000000e1800000, 0x00000000e181a930, 0x00000000e1900000| 10%| O|  |TAMS 0x00000000e1800000| PB 0x00000000e1800000| Untracked 
|  25|0x00000000e1900000, 0x00000000e1900000, 0x00000000e1a00000|  0%| F|  |TAMS 0x00000000e1900000| PB 0x00000000e1900000| Untracked 
|  26|0x00000000e1a00000, 0x00000000e1a00000, 0x00000000e1b00000|  0%| F|  |TAMS 0x00000000e1a00000| PB 0x00000000e1a00000| Untracked 
|  27|0x00000000e1b00000, 0x00000000e1b00000, 0x00000000e1c00000|  0%| F|  |TAMS 0x00000000e1b00000| PB 0x00000000e1b00000| Untracked 
|  28|0x00000000e1c00000, 0x00000000e1c00000, 0x00000000e1d00000|  0%| F|  |TAMS 0x00000000e1c00000| PB 0x00000000e1c00000| Untracked 
|  29|0x00000000e1d00000, 0x00000000e1d00000, 0x00000000e1e00000|  0%| F|  |TAMS 0x00000000e1d00000| PB 0x00000000e1d00000| Untracked 
|  30|0x00000000e1e00000, 0x00000000e1e00000, 0x00000000e1f00000|  0%| F|  |TAMS 0x00000000e1e00000| PB 0x00000000e1e00000| Untracked 
|  31|0x00000000e1f00000, 0x00000000e1f00000, 0x00000000e2000000|  0%| F|  |TAMS 0x00000000e1f00000| PB 0x00000000e1f00000| Untracked 
|  32|0x00000000e2000000, 0x00000000e2000000, 0x00000000e2100000|  0%| F|  |TAMS 0x00000000e2000000| PB 0x00000000e2000000| Untracked 
|  33|0x00000000e2100000, 0x00000000e2100000, 0x00000000e2200000|  0%| F|  |TAMS 0x00000000e2100000| PB 0x00000000e2100000| Untracked 
|  34|0x00000000e2200000, 0x00000000e2200000, 0x00000000e2300000|  0%| F|  |TAMS 0x00000000e2200000| PB 0x00000000e2200000| Untracked 
|  35|0x00000000e2300000, 0x00000000e2300000, 0x00000000e2400000|  0%| F|  |TAMS 0x00000000e2300000| PB 0x00000000e2300000| Untracked 
|  36|0x00000000e2400000, 0x00000000e2400000, 0x00000000e2500000|  0%| F|  |TAMS 0x00000000e2400000| PB 0x00000000e2400000| Untracked 
|  37|0x00000000e2500000, 0x00000000e2500000, 0x00000000e2600000|  0%| F|  |TAMS 0x00000000e2500000| PB 0x00000000e2500000| Untracked 
|  38|0x00000000e2600000, 0x00000000e2600000, 0x00000000e2700000|  0%| F|  |TAMS 0x00000000e2600000| PB 0x00000000e2600000| Untracked 
|  39|0x00000000e2700000, 0x00000000e2700000, 0x00000000e2800000|  0%| F|  |TAMS 0x00000000e2700000| PB 0x00000000e2700000| Untracked 
|  40|0x00000000e2800000, 0x00000000e2800000, 0x00000000e2900000|  0%| F|  |TAMS 0x00000000e2800000| PB 0x00000000e2800000| Untracked 
|  41|0x00000000e2900000, 0x00000000e2900000, 0x00000000e2a00000|  0%| F|  |TAMS 0x00000000e2900000| PB 0x00000000e2900000| Untracked 
|  42|0x00000000e2a00000, 0x00000000e2a00000, 0x00000000e2b00000|  0%| F|  |TAMS 0x00000000e2a00000| PB 0x00000000e2a00000| Untracked 
|  43|0x00000000e2b00000, 0x00000000e2b00000, 0x00000000e2c00000|  0%| F|  |TAMS 0x00000000e2b00000| PB 0x00000000e2b00000| Untracked 
|  44|0x00000000e2c00000, 0x00000000e2c00000, 0x00000000e2d00000|  0%| F|  |TAMS 0x00000000e2c00000| PB 0x00000000e2c00000| Untracked 
|  45|0x00000000e2d00000, 0x00000000e2d00000, 0x00000000e2e00000|  0%| F|  |TAMS 0x00000000e2d00000| PB 0x00000000e2d00000| Untracked 
|  46|0x00000000e2e00000, 0x00000000e2e00000, 0x00000000e2f00000|  0%| F|  |TAMS 0x00000000e2e00000| PB 0x00000000e2e00000| Untracked 
|  47|0x00000000e2f00000, 0x00000000e2f00000, 0x00000000e3000000|  0%| F|  |TAMS 0x00000000e2f00000| PB 0x00000000e2f00000| Untracked 
|  48|0x00000000e3000000, 0x00000000e3000000, 0x00000000e3100000|  0%| F|  |TAMS 0x00000000e3000000| PB 0x00000000e3000000| Untracked 
|  49|0x00000000e3100000, 0x00000000e3100000, 0x00000000e3200000|  0%| F|  |TAMS 0x00000000e3100000| PB 0x00000000e3100000| Untracked 
|  50|0x00000000e3200000, 0x00000000e3200000, 0x00000000e3300000|  0%| F|  |TAMS 0x00000000e3200000| PB 0x00000000e3200000| Untracked 
|  51|0x00000000e3300000, 0x00000000e3300000, 0x00000000e3400000|  0%| F|  |TAMS 0x00000000e3300000| PB 0x00000000e3300000| Untracked 
|  52|0x00000000e3400000, 0x00000000e3400000, 0x00000000e3500000|  0%| F|  |TAMS 0x00000000e3400000| PB 0x00000000e3400000| Untracked 
|  53|0x00000000e3500000, 0x00000000e3500000, 0x00000000e3600000|  0%| F|  |TAMS 0x00000000e3500000| PB 0x00000000e3500000| Untracked 
|  54|0x00000000e3600000, 0x00000000e3600000, 0x00000000e3700000|  0%| F|  |TAMS 0x00000000e3600000| PB 0x00000000e3600000| Untracked 
|  55|0x00000000e3700000, 0x00000000e3700000, 0x00000000e3800000|  0%| F|  |TAMS 0x00000000e3700000| PB 0x00000000e3700000| Untracked 
|  56|0x00000000e3800000, 0x00000000e3800000, 0x00000000e3900000|  0%| F|  |TAMS 0x00000000e3800000| PB 0x00000000e3800000| Untracked 
|  57|0x00000000e3900000, 0x00000000e3900000, 0x00000000e3a00000|  0%| F|  |TAMS 0x00000000e3900000| PB 0x00000000e3900000| Untracked 
|  58|0x00000000e3a00000, 0x00000000e3a00000, 0x00000000e3b00000|  0%| F|  |TAMS 0x00000000e3a00000| PB 0x00000000e3a00000| Untracked 
|  59|0x00000000e3b00000, 0x00000000e3b00000, 0x00000000e3c00000|  0%| F|  |TAMS 0x00000000e3b00000| PB 0x00000000e3b00000| Untracked 
|  60|0x00000000e3c00000, 0x00000000e3c00000, 0x00000000e3d00000|  0%| F|  |TAMS 0x00000000e3c00000| PB 0x00000000e3c00000| Untracked 
|  61|0x00000000e3d00000, 0x00000000e3d00000, 0x00000000e3e00000|  0%| F|  |TAMS 0x00000000e3d00000| PB 0x00000000e3d00000| Untracked 
|  62|0x00000000e3e00000, 0x00000000e3e00000, 0x00000000e3f00000|  0%| F|  |TAMS 0x00000000e3e00000| PB 0x00000000e3e00000| Untracked 
|  63|0x00000000e3f00000, 0x00000000e3f00000, 0x00000000e4000000|  0%| F|  |TAMS 0x00000000e3f00000| PB 0x00000000e3f00000| Untracked 
|  64|0x00000000e4000000, 0x00000000e4000000, 0x00000000e4100000|  0%| F|  |TAMS 0x00000000e4000000| PB 0x00000000e4000000| Untracked 
|  65|0x00000000e4100000, 0x00000000e4100000, 0x00000000e4200000|  0%| F|  |TAMS 0x00000000e4100000| PB 0x00000000e4100000| Untracked 
|  66|0x00000000e4200000, 0x00000000e4200000, 0x00000000e4300000|  0%| F|  |TAMS 0x00000000e4200000| PB 0x00000000e4200000| Untracked 
|  67|0x00000000e4300000, 0x00000000e4300000, 0x00000000e4400000|  0%| F|  |TAMS 0x00000000e4300000| PB 0x00000000e4300000| Untracked 
|  68|0x00000000e4400000, 0x00000000e4400000, 0x00000000e4500000|  0%| F|  |TAMS 0x00000000e4400000| PB 0x00000000e4400000| Untracked 
|  69|0x00000000e4500000, 0x00000000e4500000, 0x00000000e4600000|  0%| F|  |TAMS 0x00000000e4500000| PB 0x00000000e4500000| Untracked 
|  70|0x00000000e4600000, 0x00000000e4600000, 0x00000000e4700000|  0%| F|  |TAMS 0x00000000e4600000| PB 0x00000000e4600000| Untracked 
|  71|0x00000000e4700000, 0x00000000e4700000, 0x00000000e4800000|  0%| F|  |TAMS 0x00000000e4700000| PB 0x00000000e4700000| Untracked 
|  72|0x00000000e4800000, 0x00000000e4800000, 0x00000000e4900000|  0%| F|  |TAMS 0x00000000e4800000| PB 0x00000000e4800000| Untracked 
|  73|0x00000000e4900000, 0x00000000e4900000, 0x00000000e4a00000|  0%| F|  |TAMS 0x00000000e4900000| PB 0x00000000e4900000| Untracked 
|  74|0x00000000e4a00000, 0x00000000e4a00000, 0x00000000e4b00000|  0%| F|  |TAMS 0x00000000e4a00000| PB 0x00000000e4a00000| Untracked 
|  75|0x00000000e4b00000, 0x00000000e4b00000, 0x00000000e4c00000|  0%| F|  |TAMS 0x00000000e4b00000| PB 0x00000000e4b00000| Untracked 
|  76|0x00000000e4c00000, 0x00000000e4c00000, 0x00000000e4d00000|  0%| F|  |TAMS 0x00000000e4c00000| PB 0x00000000e4c00000| Untracked 
|  77|0x00000000e4d00000, 0x00000000e4d00000, 0x00000000e4e00000|  0%| F|  |TAMS 0x00000000e4d00000| PB 0x00000000e4d00000| Untracked 
|  78|0x00000000e4e00000, 0x00000000e4e00000, 0x00000000e4f00000|  0%| F|  |TAMS 0x00000000e4e00000| PB 0x00000000e4e00000| Untracked 
|  79|0x00000000e4f00000, 0x00000000e4f00000, 0x00000000e5000000|  0%| F|  |TAMS 0x00000000e4f00000| PB 0x00000000e4f00000| Untracked 
|  80|0x00000000e5000000, 0x00000000e5000000, 0x00000000e5100000|  0%| F|  |TAMS 0x00000000e5000000| PB 0x00000000e5000000| Untracked 
|  81|0x00000000e5100000, 0x00000000e5100000, 0x00000000e5200000|  0%| F|  |TAMS 0x00000000e5100000| PB 0x00000000e5100000| Untracked 
|  82|0x00000000e5200000, 0x00000000e5200000, 0x00000000e5300000|  0%| F|  |TAMS 0x00000000e5200000| PB 0x00000000e5200000| Untracked 
|  83|0x00000000e5300000, 0x00000000e5300000, 0x00000000e5400000|  0%| F|  |TAMS 0x00000000e5300000| PB 0x00000000e5300000| Untracked 
|  84|0x00000000e5400000, 0x00000000e5400000, 0x00000000e5500000|  0%| F|  |TAMS 0x00000000e5400000| PB 0x00000000e5400000| Untracked 
|  85|0x00000000e5500000, 0x00000000e5500000, 0x00000000e5600000|  0%| F|  |TAMS 0x00000000e5500000| PB 0x00000000e5500000| Untracked 
|  86|0x00000000e5600000, 0x00000000e56cf0a8, 0x00000000e5700000| 80%| S|CS|TAMS 0x00000000e5600000| PB 0x00000000e5600000| Complete 
|  87|0x00000000e5700000, 0x00000000e5800000, 0x00000000e5800000|100%| S|CS|TAMS 0x00000000e5700000| PB 0x00000000e5700000| Complete 
|  88|0x00000000e5800000, 0x00000000e5900000, 0x00000000e5900000|100%| S|CS|TAMS 0x00000000e5800000| PB 0x00000000e5800000| Complete 
|  89|0x00000000e5900000, 0x00000000e5a00000, 0x00000000e5a00000|100%| S|CS|TAMS 0x00000000e5900000| PB 0x00000000e5900000| Complete 
|  90|0x00000000e5a00000, 0x00000000e5b00000, 0x00000000e5b00000|100%| S|CS|TAMS 0x00000000e5a00000| PB 0x00000000e5a00000| Complete 
|  91|0x00000000e5b00000, 0x00000000e5c00000, 0x00000000e5c00000|100%| S|CS|TAMS 0x00000000e5b00000| PB 0x00000000e5b00000| Complete 
|  92|0x00000000e5c00000, 0x00000000e5d00000, 0x00000000e5d00000|100%| S|CS|TAMS 0x00000000e5c00000| PB 0x00000000e5c00000| Complete 
|  93|0x00000000e5d00000, 0x00000000e5e00000, 0x00000000e5e00000|100%| S|CS|TAMS 0x00000000e5d00000| PB 0x00000000e5d00000| Complete 
|  94|0x00000000e5e00000, 0x00000000e5f00000, 0x00000000e5f00000|100%| S|CS|TAMS 0x00000000e5e00000| PB 0x00000000e5e00000| Complete 
|  95|0x00000000e5f00000, 0x00000000e6000000, 0x00000000e6000000|100%| S|CS|TAMS 0x00000000e5f00000| PB 0x00000000e5f00000| Complete 
|  96|0x00000000e6000000, 0x00000000e6100000, 0x00000000e6100000|100%| S|CS|TAMS 0x00000000e6000000| PB 0x00000000e6000000| Complete 
|  97|0x00000000e6100000, 0x00000000e6200000, 0x00000000e6200000|100%| S|CS|TAMS 0x00000000e6100000| PB 0x00000000e6100000| Complete 
|  98|0x00000000e6200000, 0x00000000e6300000, 0x00000000e6300000|100%| S|CS|TAMS 0x00000000e6200000| PB 0x00000000e6200000| Complete 
|  99|0x00000000e6300000, 0x00000000e6400000, 0x00000000e6400000|100%| S|CS|TAMS 0x00000000e6300000| PB 0x00000000e6300000| Complete 
| 100|0x00000000e6400000, 0x00000000e6500000, 0x00000000e6500000|100%| S|CS|TAMS 0x00000000e6400000| PB 0x00000000e6400000| Complete 
| 101|0x00000000e6500000, 0x00000000e6600000, 0x00000000e6600000|100%| S|CS|TAMS 0x00000000e6500000| PB 0x00000000e6500000| Complete 
| 102|0x00000000e6600000, 0x00000000e6700000, 0x00000000e6700000|100%| S|CS|TAMS 0x00000000e6600000| PB 0x00000000e6600000| Complete 
| 103|0x00000000e6700000, 0x00000000e6700000, 0x00000000e6800000|  0%| F|  |TAMS 0x00000000e6700000| PB 0x00000000e6700000| Untracked 
| 104|0x00000000e6800000, 0x00000000e6800000, 0x00000000e6900000|  0%| F|  |TAMS 0x00000000e6800000| PB 0x00000000e6800000| Untracked 
| 105|0x00000000e6900000, 0x00000000e6900000, 0x00000000e6a00000|  0%| F|  |TAMS 0x00000000e6900000| PB 0x00000000e6900000| Untracked 
| 106|0x00000000e6a00000, 0x00000000e6a00000, 0x00000000e6b00000|  0%| F|  |TAMS 0x00000000e6a00000| PB 0x00000000e6a00000| Untracked 
| 107|0x00000000e6b00000, 0x00000000e6b00000, 0x00000000e6c00000|  0%| F|  |TAMS 0x00000000e6b00000| PB 0x00000000e6b00000| Untracked 
| 108|0x00000000e6c00000, 0x00000000e6c00000, 0x00000000e6d00000|  0%| F|  |TAMS 0x00000000e6c00000| PB 0x00000000e6c00000| Untracked 
| 109|0x00000000e6d00000, 0x00000000e6d00000, 0x00000000e6e00000|  0%| F|  |TAMS 0x00000000e6d00000| PB 0x00000000e6d00000| Untracked 
| 110|0x00000000e6e00000, 0x00000000e6e00000, 0x00000000e6f00000|  0%| F|  |TAMS 0x00000000e6e00000| PB 0x00000000e6e00000| Untracked 
| 111|0x00000000e6f00000, 0x00000000e6f00000, 0x00000000e7000000|  0%| F|  |TAMS 0x00000000e6f00000| PB 0x00000000e6f00000| Untracked 
| 112|0x00000000e7000000, 0x00000000e7000000, 0x00000000e7100000|  0%| F|  |TAMS 0x00000000e7000000| PB 0x00000000e7000000| Untracked 
| 113|0x00000000e7100000, 0x00000000e7100000, 0x00000000e7200000|  0%| F|  |TAMS 0x00000000e7100000| PB 0x00000000e7100000| Untracked 
| 114|0x00000000e7200000, 0x00000000e7200000, 0x00000000e7300000|  0%| F|  |TAMS 0x00000000e7200000| PB 0x00000000e7200000| Untracked 
| 115|0x00000000e7300000, 0x00000000e7300000, 0x00000000e7400000|  0%| F|  |TAMS 0x00000000e7300000| PB 0x00000000e7300000| Untracked 
| 116|0x00000000e7400000, 0x00000000e7400000, 0x00000000e7500000|  0%| F|  |TAMS 0x00000000e7400000| PB 0x00000000e7400000| Untracked 
| 117|0x00000000e7500000, 0x00000000e7500000, 0x00000000e7600000|  0%| F|  |TAMS 0x00000000e7500000| PB 0x00000000e7500000| Untracked 
| 118|0x00000000e7600000, 0x00000000e7600000, 0x00000000e7700000|  0%| F|  |TAMS 0x00000000e7600000| PB 0x00000000e7600000| Untracked 
| 119|0x00000000e7700000, 0x00000000e7700000, 0x00000000e7800000|  0%| F|  |TAMS 0x00000000e7700000| PB 0x00000000e7700000| Untracked 
| 120|0x00000000e7800000, 0x00000000e7800000, 0x00000000e7900000|  0%| F|  |TAMS 0x00000000e7800000| PB 0x00000000e7800000| Untracked 
| 121|0x00000000e7900000, 0x00000000e7900000, 0x00000000e7a00000|  0%| F|  |TAMS 0x00000000e7900000| PB 0x00000000e7900000| Untracked 
| 122|0x00000000e7a00000, 0x00000000e7a00000, 0x00000000e7b00000|  0%| F|  |TAMS 0x00000000e7a00000| PB 0x00000000e7a00000| Untracked 
| 123|0x00000000e7b00000, 0x00000000e7b00000, 0x00000000e7c00000|  0%| F|  |TAMS 0x00000000e7b00000| PB 0x00000000e7b00000| Untracked 
| 124|0x00000000e7c00000, 0x00000000e7c00000, 0x00000000e7d00000|  0%| F|  |TAMS 0x00000000e7c00000| PB 0x00000000e7c00000| Untracked 
| 125|0x00000000e7d00000, 0x00000000e7d00000, 0x00000000e7e00000|  0%| F|  |TAMS 0x00000000e7d00000| PB 0x00000000e7d00000| Untracked 
| 126|0x00000000e7e00000, 0x00000000e7e00000, 0x00000000e7f00000|  0%| F|  |TAMS 0x00000000e7e00000| PB 0x00000000e7e00000| Untracked 
| 127|0x00000000e7f00000, 0x00000000e7f00000, 0x00000000e8000000|  0%| F|  |TAMS 0x00000000e7f00000| PB 0x00000000e7f00000| Untracked 
| 128|0x00000000e8000000, 0x00000000e8000000, 0x00000000e8100000|  0%| F|  |TAMS 0x00000000e8000000| PB 0x00000000e8000000| Untracked 
| 129|0x00000000e8100000, 0x00000000e8100000, 0x00000000e8200000|  0%| F|  |TAMS 0x00000000e8100000| PB 0x00000000e8100000| Untracked 
| 130|0x00000000e8200000, 0x00000000e8200000, 0x00000000e8300000|  0%| F|  |TAMS 0x00000000e8200000| PB 0x00000000e8200000| Untracked 
| 131|0x00000000e8300000, 0x00000000e8300000, 0x00000000e8400000|  0%| F|  |TAMS 0x00000000e8300000| PB 0x00000000e8300000| Untracked 
| 132|0x00000000e8400000, 0x00000000e8400000, 0x00000000e8500000|  0%| F|  |TAMS 0x00000000e8400000| PB 0x00000000e8400000| Untracked 
| 133|0x00000000e8500000, 0x00000000e8500000, 0x00000000e8600000|  0%| F|  |TAMS 0x00000000e8500000| PB 0x00000000e8500000| Untracked 
| 134|0x00000000e8600000, 0x00000000e8600000, 0x00000000e8700000|  0%| F|  |TAMS 0x00000000e8600000| PB 0x00000000e8600000| Untracked 
| 135|0x00000000e8700000, 0x00000000e8700000, 0x00000000e8800000|  0%| F|  |TAMS 0x00000000e8700000| PB 0x00000000e8700000| Untracked 
| 136|0x00000000e8800000, 0x00000000e8800000, 0x00000000e8900000|  0%| F|  |TAMS 0x00000000e8800000| PB 0x00000000e8800000| Untracked 
| 137|0x00000000e8900000, 0x00000000e8900000, 0x00000000e8a00000|  0%| F|  |TAMS 0x00000000e8900000| PB 0x00000000e8900000| Untracked 
| 138|0x00000000e8a00000, 0x00000000e8a00000, 0x00000000e8b00000|  0%| F|  |TAMS 0x00000000e8a00000| PB 0x00000000e8a00000| Untracked 
| 139|0x00000000e8b00000, 0x00000000e8b00000, 0x00000000e8c00000|  0%| F|  |TAMS 0x00000000e8b00000| PB 0x00000000e8b00000| Untracked 
| 140|0x00000000e8c00000, 0x00000000e8c00000, 0x00000000e8d00000|  0%| F|  |TAMS 0x00000000e8c00000| PB 0x00000000e8c00000| Untracked 
| 141|0x00000000e8d00000, 0x00000000e8d00000, 0x00000000e8e00000|  0%| F|  |TAMS 0x00000000e8d00000| PB 0x00000000e8d00000| Untracked 
| 142|0x00000000e8e00000, 0x00000000e8e00000, 0x00000000e8f00000|  0%| F|  |TAMS 0x00000000e8e00000| PB 0x00000000e8e00000| Untracked 
| 143|0x00000000e8f00000, 0x00000000e8f00000, 0x00000000e9000000|  0%| F|  |TAMS 0x00000000e8f00000| PB 0x00000000e8f00000| Untracked 
| 144|0x00000000e9000000, 0x00000000e9000000, 0x00000000e9100000|  0%| F|  |TAMS 0x00000000e9000000| PB 0x00000000e9000000| Untracked 
| 145|0x00000000e9100000, 0x00000000e9100000, 0x00000000e9200000|  0%| F|  |TAMS 0x00000000e9100000| PB 0x00000000e9100000| Untracked 
| 146|0x00000000e9200000, 0x00000000e9200000, 0x00000000e9300000|  0%| F|  |TAMS 0x00000000e9200000| PB 0x00000000e9200000| Untracked 
| 147|0x00000000e9300000, 0x00000000e9300000, 0x00000000e9400000|  0%| F|  |TAMS 0x00000000e9300000| PB 0x00000000e9300000| Untracked 
| 148|0x00000000e9400000, 0x00000000e9400000, 0x00000000e9500000|  0%| F|  |TAMS 0x00000000e9400000| PB 0x00000000e9400000| Untracked 
| 149|0x00000000e9500000, 0x00000000e9500000, 0x00000000e9600000|  0%| F|  |TAMS 0x00000000e9500000| PB 0x00000000e9500000| Untracked 
| 150|0x00000000e9600000, 0x00000000e9600000, 0x00000000e9700000|  0%| F|  |TAMS 0x00000000e9600000| PB 0x00000000e9600000| Untracked 
| 151|0x00000000e9700000, 0x00000000e9700000, 0x00000000e9800000|  0%| F|  |TAMS 0x00000000e9700000| PB 0x00000000e9700000| Untracked 
| 152|0x00000000e9800000, 0x00000000e9800000, 0x00000000e9900000|  0%| F|  |TAMS 0x00000000e9800000| PB 0x00000000e9800000| Untracked 
| 153|0x00000000e9900000, 0x00000000e9900000, 0x00000000e9a00000|  0%| F|  |TAMS 0x00000000e9900000| PB 0x00000000e9900000| Untracked 
| 154|0x00000000e9a00000, 0x00000000e9a00000, 0x00000000e9b00000|  0%| F|  |TAMS 0x00000000e9a00000| PB 0x00000000e9a00000| Untracked 
| 155|0x00000000e9b00000, 0x00000000e9b00000, 0x00000000e9c00000|  0%| F|  |TAMS 0x00000000e9b00000| PB 0x00000000e9b00000| Untracked 
| 156|0x00000000e9c00000, 0x00000000e9c00000, 0x00000000e9d00000|  0%| F|  |TAMS 0x00000000e9c00000| PB 0x00000000e9c00000| Untracked 
| 157|0x00000000e9d00000, 0x00000000e9d00000, 0x00000000e9e00000|  0%| F|  |TAMS 0x00000000e9d00000| PB 0x00000000e9d00000| Untracked 
| 158|0x00000000e9e00000, 0x00000000e9e00000, 0x00000000e9f00000|  0%| F|  |TAMS 0x00000000e9e00000| PB 0x00000000e9e00000| Untracked 
| 159|0x00000000e9f00000, 0x00000000e9f00000, 0x00000000ea000000|  0%| F|  |TAMS 0x00000000e9f00000| PB 0x00000000e9f00000| Untracked 
| 160|0x00000000ea000000, 0x00000000ea000000, 0x00000000ea100000|  0%| F|  |TAMS 0x00000000ea000000| PB 0x00000000ea000000| Untracked 
| 161|0x00000000ea100000, 0x00000000ea100000, 0x00000000ea200000|  0%| F|  |TAMS 0x00000000ea100000| PB 0x00000000ea100000| Untracked 
| 162|0x00000000ea200000, 0x00000000ea200000, 0x00000000ea300000|  0%| F|  |TAMS 0x00000000ea200000| PB 0x00000000ea200000| Untracked 
| 163|0x00000000ea300000, 0x00000000ea300000, 0x00000000ea400000|  0%| F|  |TAMS 0x00000000ea300000| PB 0x00000000ea300000| Untracked 
| 164|0x00000000ea400000, 0x00000000ea400000, 0x00000000ea500000|  0%| F|  |TAMS 0x00000000ea400000| PB 0x00000000ea400000| Untracked 
| 165|0x00000000ea500000, 0x00000000ea500000, 0x00000000ea600000|  0%| F|  |TAMS 0x00000000ea500000| PB 0x00000000ea500000| Untracked 
| 166|0x00000000ea600000, 0x00000000ea600000, 0x00000000ea700000|  0%| F|  |TAMS 0x00000000ea600000| PB 0x00000000ea600000| Untracked 
| 167|0x00000000ea700000, 0x00000000ea700000, 0x00000000ea800000|  0%| F|  |TAMS 0x00000000ea700000| PB 0x00000000ea700000| Untracked 
| 168|0x00000000ea800000, 0x00000000ea800000, 0x00000000ea900000|  0%| F|  |TAMS 0x00000000ea800000| PB 0x00000000ea800000| Untracked 
| 169|0x00000000ea900000, 0x00000000ea900000, 0x00000000eaa00000|  0%| F|  |TAMS 0x00000000ea900000| PB 0x00000000ea900000| Untracked 
| 170|0x00000000eaa00000, 0x00000000eaa00000, 0x00000000eab00000|  0%| F|  |TAMS 0x00000000eaa00000| PB 0x00000000eaa00000| Untracked 
| 171|0x00000000eab00000, 0x00000000eab00000, 0x00000000eac00000|  0%| F|  |TAMS 0x00000000eab00000| PB 0x00000000eab00000| Untracked 
| 172|0x00000000eac00000, 0x00000000eac00000, 0x00000000ead00000|  0%| F|  |TAMS 0x00000000eac00000| PB 0x00000000eac00000| Untracked 
| 173|0x00000000ead00000, 0x00000000ead00000, 0x00000000eae00000|  0%| F|  |TAMS 0x00000000ead00000| PB 0x00000000ead00000| Untracked 
| 174|0x00000000eae00000, 0x00000000eae00000, 0x00000000eaf00000|  0%| F|  |TAMS 0x00000000eae00000| PB 0x00000000eae00000| Untracked 
| 175|0x00000000eaf00000, 0x00000000eaf00000, 0x00000000eb000000|  0%| F|  |TAMS 0x00000000eaf00000| PB 0x00000000eaf00000| Untracked 
| 176|0x00000000eb000000, 0x00000000eb000000, 0x00000000eb100000|  0%| F|  |TAMS 0x00000000eb000000| PB 0x00000000eb000000| Untracked 
| 177|0x00000000eb100000, 0x00000000eb100000, 0x00000000eb200000|  0%| F|  |TAMS 0x00000000eb100000| PB 0x00000000eb100000| Untracked 
| 178|0x00000000eb200000, 0x00000000eb200000, 0x00000000eb300000|  0%| F|  |TAMS 0x00000000eb200000| PB 0x00000000eb200000| Untracked 
| 179|0x00000000eb300000, 0x00000000eb300000, 0x00000000eb400000|  0%| F|  |TAMS 0x00000000eb300000| PB 0x00000000eb300000| Untracked 
| 180|0x00000000eb400000, 0x00000000eb400000, 0x00000000eb500000|  0%| F|  |TAMS 0x00000000eb400000| PB 0x00000000eb400000| Untracked 
| 181|0x00000000eb500000, 0x00000000eb500000, 0x00000000eb600000|  0%| F|  |TAMS 0x00000000eb500000| PB 0x00000000eb500000| Untracked 
| 182|0x00000000eb600000, 0x00000000eb600000, 0x00000000eb700000|  0%| F|  |TAMS 0x00000000eb600000| PB 0x00000000eb600000| Untracked 
| 183|0x00000000eb700000, 0x00000000eb700000, 0x00000000eb800000|  0%| F|  |TAMS 0x00000000eb700000| PB 0x00000000eb700000| Untracked 
| 184|0x00000000eb800000, 0x00000000eb800000, 0x00000000eb900000|  0%| F|  |TAMS 0x00000000eb800000| PB 0x00000000eb800000| Untracked 
| 185|0x00000000eb900000, 0x00000000eb900000, 0x00000000eba00000|  0%| F|  |TAMS 0x00000000eb900000| PB 0x00000000eb900000| Untracked 
| 186|0x00000000eba00000, 0x00000000eba00000, 0x00000000ebb00000|  0%| F|  |TAMS 0x00000000eba00000| PB 0x00000000eba00000| Untracked 
| 187|0x00000000ebb00000, 0x00000000ebb00000, 0x00000000ebc00000|  0%| F|  |TAMS 0x00000000ebb00000| PB 0x00000000ebb00000| Untracked 
| 188|0x00000000ebc00000, 0x00000000ebc00000, 0x00000000ebd00000|  0%| F|  |TAMS 0x00000000ebc00000| PB 0x00000000ebc00000| Untracked 
| 189|0x00000000ebd00000, 0x00000000ebd00000, 0x00000000ebe00000|  0%| F|  |TAMS 0x00000000ebd00000| PB 0x00000000ebd00000| Untracked 
| 190|0x00000000ebe00000, 0x00000000ebe00000, 0x00000000ebf00000|  0%| F|  |TAMS 0x00000000ebe00000| PB 0x00000000ebe00000| Untracked 
| 191|0x00000000ebf00000, 0x00000000ebf00000, 0x00000000ec000000|  0%| F|  |TAMS 0x00000000ebf00000| PB 0x00000000ebf00000| Untracked 
| 192|0x00000000ec000000, 0x00000000ec000000, 0x00000000ec100000|  0%| F|  |TAMS 0x00000000ec000000| PB 0x00000000ec000000| Untracked 
| 193|0x00000000ec100000, 0x00000000ec100000, 0x00000000ec200000|  0%| F|  |TAMS 0x00000000ec100000| PB 0x00000000ec100000| Untracked 
| 194|0x00000000ec200000, 0x00000000ec200000, 0x00000000ec300000|  0%| F|  |TAMS 0x00000000ec200000| PB 0x00000000ec200000| Untracked 
| 195|0x00000000ec300000, 0x00000000ec300000, 0x00000000ec400000|  0%| F|  |TAMS 0x00000000ec300000| PB 0x00000000ec300000| Untracked 
| 196|0x00000000ec400000, 0x00000000ec400000, 0x00000000ec500000|  0%| F|  |TAMS 0x00000000ec400000| PB 0x00000000ec400000| Untracked 
| 197|0x00000000ec500000, 0x00000000ec500000, 0x00000000ec600000|  0%| F|  |TAMS 0x00000000ec500000| PB 0x00000000ec500000| Untracked 
| 198|0x00000000ec600000, 0x00000000ec600000, 0x00000000ec700000|  0%| F|  |TAMS 0x00000000ec600000| PB 0x00000000ec600000| Untracked 
| 199|0x00000000ec700000, 0x00000000ec700000, 0x00000000ec800000|  0%| F|  |TAMS 0x00000000ec700000| PB 0x00000000ec700000| Untracked 
| 200|0x00000000ec800000, 0x00000000ec800000, 0x00000000ec900000|  0%| F|  |TAMS 0x00000000ec800000| PB 0x00000000ec800000| Untracked 
| 201|0x00000000ec900000, 0x00000000ec900000, 0x00000000eca00000|  0%| F|  |TAMS 0x00000000ec900000| PB 0x00000000ec900000| Untracked 
| 202|0x00000000eca00000, 0x00000000eca00000, 0x00000000ecb00000|  0%| F|  |TAMS 0x00000000eca00000| PB 0x00000000eca00000| Untracked 
| 203|0x00000000ecb00000, 0x00000000ecb00000, 0x00000000ecc00000|  0%| F|  |TAMS 0x00000000ecb00000| PB 0x00000000ecb00000| Untracked 
| 204|0x00000000ecc00000, 0x00000000ecc00000, 0x00000000ecd00000|  0%| F|  |TAMS 0x00000000ecc00000| PB 0x00000000ecc00000| Untracked 
| 205|0x00000000ecd00000, 0x00000000ecd00000, 0x00000000ece00000|  0%| F|  |TAMS 0x00000000ecd00000| PB 0x00000000ecd00000| Untracked 
| 206|0x00000000ece00000, 0x00000000ece00000, 0x00000000ecf00000|  0%| F|  |TAMS 0x00000000ece00000| PB 0x00000000ece00000| Untracked 
| 207|0x00000000ecf00000, 0x00000000ecf00000, 0x00000000ed000000|  0%| F|  |TAMS 0x00000000ecf00000| PB 0x00000000ecf00000| Untracked 
| 208|0x00000000ed000000, 0x00000000ed000000, 0x00000000ed100000|  0%| F|  |TAMS 0x00000000ed000000| PB 0x00000000ed000000| Untracked 
| 209|0x00000000ed100000, 0x00000000ed100000, 0x00000000ed200000|  0%| F|  |TAMS 0x00000000ed100000| PB 0x00000000ed100000| Untracked 
| 210|0x00000000ed200000, 0x00000000ed200000, 0x00000000ed300000|  0%| F|  |TAMS 0x00000000ed200000| PB 0x00000000ed200000| Untracked 
| 211|0x00000000ed300000, 0x00000000ed300000, 0x00000000ed400000|  0%| F|  |TAMS 0x00000000ed300000| PB 0x00000000ed300000| Untracked 
| 212|0x00000000ed400000, 0x00000000ed400000, 0x00000000ed500000|  0%| F|  |TAMS 0x00000000ed400000| PB 0x00000000ed400000| Untracked 
| 213|0x00000000ed500000, 0x00000000ed500000, 0x00000000ed600000|  0%| F|  |TAMS 0x00000000ed500000| PB 0x00000000ed500000| Untracked 
| 214|0x00000000ed600000, 0x00000000ed600000, 0x00000000ed700000|  0%| F|  |TAMS 0x00000000ed600000| PB 0x00000000ed600000| Untracked 
| 215|0x00000000ed700000, 0x00000000ed700000, 0x00000000ed800000|  0%| F|  |TAMS 0x00000000ed700000| PB 0x00000000ed700000| Untracked 
| 216|0x00000000ed800000, 0x00000000ed800000, 0x00000000ed900000|  0%| F|  |TAMS 0x00000000ed800000| PB 0x00000000ed800000| Untracked 
| 217|0x00000000ed900000, 0x00000000ed900000, 0x00000000eda00000|  0%| F|  |TAMS 0x00000000ed900000| PB 0x00000000ed900000| Untracked 
| 218|0x00000000eda00000, 0x00000000edb00000, 0x00000000edb00000|100%| E|  |TAMS 0x00000000eda00000| PB 0x00000000eda00000| Complete 
| 219|0x00000000edb00000, 0x00000000edc00000, 0x00000000edc00000|100%| E|CS|TAMS 0x00000000edb00000| PB 0x00000000edb00000| Complete 
| 220|0x00000000edc00000, 0x00000000edd00000, 0x00000000edd00000|100%| E|CS|TAMS 0x00000000edc00000| PB 0x00000000edc00000| Complete 
| 221|0x00000000edd00000, 0x00000000ede00000, 0x00000000ede00000|100%| E|CS|TAMS 0x00000000edd00000| PB 0x00000000edd00000| Complete 
| 222|0x00000000ede00000, 0x00000000edf00000, 0x00000000edf00000|100%| E|CS|TAMS 0x00000000ede00000| PB 0x00000000ede00000| Complete 
| 223|0x00000000edf00000, 0x00000000ee000000, 0x00000000ee000000|100%| E|CS|TAMS 0x00000000edf00000| PB 0x00000000edf00000| Complete 
| 224|0x00000000ee000000, 0x00000000ee100000, 0x00000000ee100000|100%| E|CS|TAMS 0x00000000ee000000| PB 0x00000000ee000000| Complete 
| 225|0x00000000ee100000, 0x00000000ee200000, 0x00000000ee200000|100%| E|CS|TAMS 0x00000000ee100000| PB 0x00000000ee100000| Complete 
| 226|0x00000000ee200000, 0x00000000ee300000, 0x00000000ee300000|100%| E|CS|TAMS 0x00000000ee200000| PB 0x00000000ee200000| Complete 
| 227|0x00000000ee300000, 0x00000000ee400000, 0x00000000ee400000|100%| E|CS|TAMS 0x00000000ee300000| PB 0x00000000ee300000| Complete 
| 228|0x00000000ee400000, 0x00000000ee500000, 0x00000000ee500000|100%| E|CS|TAMS 0x00000000ee400000| PB 0x00000000ee400000| Complete 
| 229|0x00000000ee500000, 0x00000000ee600000, 0x00000000ee600000|100%| E|CS|TAMS 0x00000000ee500000| PB 0x00000000ee500000| Complete 
| 230|0x00000000ee600000, 0x00000000ee700000, 0x00000000ee700000|100%| E|CS|TAMS 0x00000000ee600000| PB 0x00000000ee600000| Complete 
| 231|0x00000000ee700000, 0x00000000ee800000, 0x00000000ee800000|100%| E|CS|TAMS 0x00000000ee700000| PB 0x00000000ee700000| Complete 
| 232|0x00000000ee800000, 0x00000000ee900000, 0x00000000ee900000|100%| E|CS|TAMS 0x00000000ee800000| PB 0x00000000ee800000| Complete 
| 233|0x00000000ee900000, 0x00000000eea00000, 0x00000000eea00000|100%| E|CS|TAMS 0x00000000ee900000| PB 0x00000000ee900000| Complete 
| 234|0x00000000eea00000, 0x00000000eeb00000, 0x00000000eeb00000|100%| E|CS|TAMS 0x00000000eea00000| PB 0x00000000eea00000| Complete 
| 235|0x00000000eeb00000, 0x00000000eec00000, 0x00000000eec00000|100%| E|CS|TAMS 0x00000000eeb00000| PB 0x00000000eeb00000| Complete 
| 236|0x00000000eec00000, 0x00000000eed00000, 0x00000000eed00000|100%| E|CS|TAMS 0x00000000eec00000| PB 0x00000000eec00000| Complete 
| 237|0x00000000eed00000, 0x00000000eee00000, 0x00000000eee00000|100%| E|CS|TAMS 0x00000000eed00000| PB 0x00000000eed00000| Complete 
| 238|0x00000000eee00000, 0x00000000eef00000, 0x00000000eef00000|100%| E|CS|TAMS 0x00000000eee00000| PB 0x00000000eee00000| Complete 
| 239|0x00000000eef00000, 0x00000000ef000000, 0x00000000ef000000|100%| E|CS|TAMS 0x00000000eef00000| PB 0x00000000eef00000| Complete 
| 240|0x00000000ef000000, 0x00000000ef100000, 0x00000000ef100000|100%| E|CS|TAMS 0x00000000ef000000| PB 0x00000000ef000000| Complete 
| 241|0x00000000ef100000, 0x00000000ef200000, 0x00000000ef200000|100%| E|CS|TAMS 0x00000000ef100000| PB 0x00000000ef100000| Complete 
| 242|0x00000000ef200000, 0x00000000ef300000, 0x00000000ef300000|100%| E|CS|TAMS 0x00000000ef200000| PB 0x00000000ef200000| Complete 
| 243|0x00000000ef300000, 0x00000000ef400000, 0x00000000ef400000|100%| E|CS|TAMS 0x00000000ef300000| PB 0x00000000ef300000| Complete 
| 244|0x00000000ef400000, 0x00000000ef500000, 0x00000000ef500000|100%| E|CS|TAMS 0x00000000ef400000| PB 0x00000000ef400000| Complete 
| 245|0x00000000ef500000, 0x00000000ef600000, 0x00000000ef600000|100%| E|CS|TAMS 0x00000000ef500000| PB 0x00000000ef500000| Complete 
| 246|0x00000000ef600000, 0x00000000ef700000, 0x00000000ef700000|100%| E|CS|TAMS 0x00000000ef600000| PB 0x00000000ef600000| Complete 
| 247|0x00000000ef700000, 0x00000000ef800000, 0x00000000ef800000|100%| E|CS|TAMS 0x00000000ef700000| PB 0x00000000ef700000| Complete 
| 248|0x00000000ef800000, 0x00000000ef900000, 0x00000000ef900000|100%| E|CS|TAMS 0x00000000ef800000| PB 0x00000000ef800000| Complete 
| 249|0x00000000ef900000, 0x00000000efa00000, 0x00000000efa00000|100%| E|CS|TAMS 0x00000000ef900000| PB 0x00000000ef900000| Complete 
| 250|0x00000000efa00000, 0x00000000efb00000, 0x00000000efb00000|100%| E|CS|TAMS 0x00000000efa00000| PB 0x00000000efa00000| Complete 
| 251|0x00000000efb00000, 0x00000000efc00000, 0x00000000efc00000|100%| E|CS|TAMS 0x00000000efb00000| PB 0x00000000efb00000| Complete 
| 252|0x00000000efc00000, 0x00000000efd00000, 0x00000000efd00000|100%| E|CS|TAMS 0x00000000efc00000| PB 0x00000000efc00000| Complete 
| 253|0x00000000efd00000, 0x00000000efe00000, 0x00000000efe00000|100%| E|CS|TAMS 0x00000000efd00000| PB 0x00000000efd00000| Complete 
| 254|0x00000000efe00000, 0x00000000eff00000, 0x00000000eff00000|100%| E|CS|TAMS 0x00000000efe00000| PB 0x00000000efe00000| Complete 
| 255|0x00000000eff00000, 0x00000000f0000000, 0x00000000f0000000|100%| E|CS|TAMS 0x00000000eff00000| PB 0x00000000eff00000| Complete 

Card table byte_map: [0x00000193d63a0000,0x00000193d64a0000] _byte_map_base: 0x00000193d5ca0000

Marking Bits: (CMBitMap*) 0x00000193be657870
 Bits: [0x00000193d64a0000, 0x00000193d6ca0000)

Polling page: 0x00000193bc530000

Metaspace:

Usage:
  Non-class:     45.43 MB used.
      Class:      7.68 MB used.
       Both:     53.11 MB used.

Virtual space:
  Non-class space:       64.00 MB reserved,      46.31 MB ( 72%) committed,  1 nodes.
      Class space:      320.00 MB reserved,       8.50 MB (  3%) committed,  1 nodes.
             Both:      384.00 MB reserved,      54.81 MB ( 14%) committed. 

Chunk freelists:
   Non-Class:  1.44 MB
       Class:  7.38 MB
        Both:  8.81 MB

MaxMetaspaceSize: 384.00 MB
CompressedClassSpaceSize: 320.00 MB
Initial GC threshold: 21.00 MB
Current GC threshold: 59.81 MB
CDS: on
 - commit_granule_bytes: 65536.
 - commit_granule_words: 8192.
 - virtual_space_node_default_size: 8388608.
 - enlarge_chunks_in_place: 1.
 - use_allocation_guard: 0.


Internal statistics:

num_allocs_failed_limit: 12.
num_arena_births: 3208.
num_arena_deaths: 0.
num_vsnodes_births: 2.
num_vsnodes_deaths: 0.
num_space_committed: 877.
num_space_uncommitted: 0.
num_chunks_returned_to_freelist: 12.
num_chunks_taken_from_freelist: 5839.
num_chunk_merges: 12.
num_chunk_splits: 3747.
num_chunks_enlarged: 2244.
num_inconsistent_stats: 0.

CodeHeap 'non-profiled nmethods': size=120000Kb used=3886Kb max_used=3886Kb free=116113Kb
 bounds [0x00000193ce810000, 0x00000193cebe0000, 0x00000193d5d40000]
CodeHeap 'profiled nmethods': size=120000Kb used=10968Kb max_used=10968Kb free=109031Kb
 bounds [0x00000193c6d40000, 0x00000193c7800000, 0x00000193ce270000]
CodeHeap 'non-nmethods': size=5760Kb used=2827Kb max_used=2857Kb free=2932Kb
 bounds [0x00000193ce270000, 0x00000193ce550000, 0x00000193ce810000]
CodeCache: size=245760Kb, used=17681Kb, max_used=17711Kb, free=228076Kb
 total_blobs=6729, nmethods=5849, adapters=783, full_count=0
Compilation: enabled, stopped_count=0, restarted_count=0

Compilation events (20 events):
Event: 4.780 Thread 0x00000193d9943b30 6368       3       org.objectweb.asm.ClassWriter::getClassLoader (8 bytes)
Event: 4.780 Thread 0x00000193d9943b30 nmethod 6368 0x00000193c77ed410 code [0x00000193c77ed5e0, 0x00000193c77ed8c8]
Event: 4.780 Thread 0x00000193d9943b30 6369       3       org.gradle.internal.instantiation.generator.DependencyInjectingInstantiator::verifyParameters (175 bytes)
Event: 4.781 Thread 0x00000193d9943b30 nmethod 6369 0x00000193c77eda10 code [0x00000193c77edd60, 0x00000193c77eefa8]
Event: 4.786 Thread 0x00000193d9943b30 6371       3       sun.reflect.generics.tree.TypeVariableSignature::make (9 bytes)
Event: 4.786 Thread 0x00000193d9943b30 nmethod 6371 0x00000193c77ef610 code [0x00000193c77ef7c0, 0x00000193c77efa20]
Event: 4.786 Thread 0x00000193d9943b30 6373       3       sun.reflect.generics.parser.SignatureParser::parseTypeVariableSignature (95 bytes)
Event: 4.787 Thread 0x00000193d9943b30 nmethod 6373 0x00000193c77efb10 code [0x00000193c77efde0, 0x00000193c77f0840]
Event: 4.787 Thread 0x00000193d9943b30 6372       3       sun.reflect.generics.tree.TypeVariableSignature::<init> (10 bytes)
Event: 4.787 Thread 0x00000193d9943b30 nmethod 6372 0x00000193c77f0c90 code [0x00000193c77f0e40, 0x00000193c77f0ff8]
Event: 4.787 Thread 0x00000193d9943b30 6375       3       org.objectweb.asm.SymbolTable::addMergedType (164 bytes)
Event: 4.787 Thread 0x00000193d9943b30 nmethod 6375 0x00000193c77f1090 code [0x00000193c77f12c0, 0x00000193c77f18b0]
Event: 4.787 Thread 0x00000193d9943b30 6379       3       org.gradle.internal.instantiation.generator.AbstractClassGenerator$DslMixInPropertyType::findClosureOverload (109 bytes)
Event: 4.788 Thread 0x00000193d9943b30 nmethod 6379 0x00000193c77f1c90 code [0x00000193c77f1f00, 0x00000193c77f2b68]
Event: 4.788 Thread 0x00000193d9943b30 6377       3       com.google.common.collect.LinkedHashMultimap$ValueSet::iterator (9 bytes)
Event: 4.788 Thread 0x00000193d9943b30 nmethod 6377 0x00000193c77f2f90 code [0x00000193c77f3140, 0x00000193c77f3450]
Event: 4.788 Thread 0x00000193d9943b30 6378       3       com.google.common.collect.LinkedHashMultimap$ValueSet$1::<init> (32 bytes)
Event: 4.788 Thread 0x00000193d9943b30 nmethod 6378 0x00000193c77f3590 code [0x00000193c77f3740, 0x00000193c77f3998]
Event: 4.788 Thread 0x00000193d9943b30 6380       1       org.gradle.internal.instantiation.generator.AbstractClassGenerator::getRoleHandler (5 bytes)
Event: 4.788 Thread 0x00000193d9943b30 nmethod 6380 0x00000193cebd6b10 code [0x00000193cebd6ca0, 0x00000193cebd6d68]

GC Heap History (16 events):
Event: 0.220 GC heap before
{Heap before GC invocations=0 (full 0):
 garbage-first heap   total 262144K, used 23552K [0x00000000e0000000, 0x0000000100000000)
  region size 1024K, 23 young (23552K), 0 survivors (0K)
 Metaspace       used 897K, committed 1024K, reserved 393216K
  class space    used 72K, committed 128K, reserved 327680K
}
Event: 0.223 GC heap after
{Heap after GC invocations=1 (full 0):
 garbage-first heap   total 262144K, used 1663K [0x00000000e0000000, 0x0000000100000000)
  region size 1024K, 2 young (2048K), 2 survivors (2048K)
 Metaspace       used 897K, committed 1024K, reserved 393216K
  class space    used 72K, committed 128K, reserved 327680K
}
Event: 0.566 GC heap before
{Heap before GC invocations=1 (full 0):
 garbage-first heap   total 262144K, used 40575K [0x00000000e0000000, 0x0000000100000000)
  region size 1024K, 38 young (38912K), 2 survivors (2048K)
 Metaspace       used 4389K, committed 4544K, reserved 393216K
  class space    used 557K, committed 640K, reserved 327680K
}
Event: 0.569 GC heap after
{Heap after GC invocations=2 (full 0):
 garbage-first heap   total 262144K, used 10682K [0x00000000e0000000, 0x0000000100000000)
  region size 1024K, 5 young (5120K), 5 survivors (5120K)
 Metaspace       used 4389K, committed 4544K, reserved 393216K
  class space    used 557K, committed 640K, reserved 327680K
}
Event: 1.036 GC heap before
{Heap before GC invocations=2 (full 0):
 garbage-first heap   total 262144K, used 70074K [0x00000000e0000000, 0x0000000100000000)
  region size 1024K, 61 young (62464K), 5 survivors (5120K)
 Metaspace       used 7021K, committed 7232K, reserved 393216K
  class space    used 938K, committed 1024K, reserved 327680K
}
Event: 1.042 GC heap after
{Heap after GC invocations=3 (full 0):
 garbage-first heap   total 262144K, used 18243K [0x00000000e0000000, 0x0000000100000000)
  region size 1024K, 6 young (6144K), 6 survivors (6144K)
 Metaspace       used 7021K, committed 7232K, reserved 393216K
  class space    used 938K, committed 1024K, reserved 327680K
}
Event: 2.069 GC heap before
{Heap before GC invocations=3 (full 0):
 garbage-first heap   total 262144K, used 102211K [0x00000000e0000000, 0x0000000100000000)
  region size 1024K, 89 young (91136K), 6 survivors (6144K)
 Metaspace       used 20881K, committed 21504K, reserved 393216K
  class space    used 3077K, committed 3392K, reserved 327680K
}
Event: 2.080 GC heap after
{Heap after GC invocations=4 (full 0):
 garbage-first heap   total 262144K, used 24086K [0x00000000e0000000, 0x0000000100000000)
  region size 1024K, 12 young (12288K), 12 survivors (12288K)
 Metaspace       used 20881K, committed 21504K, reserved 393216K
  class space    used 3077K, committed 3392K, reserved 327680K
}
Event: 3.101 GC heap before
{Heap before GC invocations=5 (full 0):
 garbage-first heap   total 262144K, used 133654K [0x00000000e0000000, 0x0000000100000000)
  region size 1024K, 116 young (118784K), 12 survivors (12288K)
 Metaspace       used 34944K, committed 35968K, reserved 393216K
  class space    used 4916K, committed 5440K, reserved 327680K
}
Event: 3.115 GC heap after
{Heap after GC invocations=6 (full 0):
 garbage-first heap   total 262144K, used 32757K [0x00000000e0000000, 0x0000000100000000)
  region size 1024K, 15 young (15360K), 15 survivors (15360K)
 Metaspace       used 34944K, committed 35968K, reserved 393216K
  class space    used 4916K, committed 5440K, reserved 327680K
}
Event: 3.138 GC heap before
{Heap before GC invocations=6 (full 0):
 garbage-first heap   total 262144K, used 33781K [0x00000000e0000000, 0x0000000100000000)
  region size 1024K, 17 young (17408K), 15 survivors (15360K)
 Metaspace       used 35258K, committed 36288K, reserved 393216K
  class space    used 4947K, committed 5440K, reserved 327680K
}
Event: 3.146 GC heap after
{Heap after GC invocations=7 (full 0):
 garbage-first heap   total 262144K, used 32874K [0x00000000e0000000, 0x0000000100000000)
  region size 1024K, 9 young (9216K), 9 survivors (9216K)
 Metaspace       used 35258K, committed 36288K, reserved 393216K
  class space    used 4947K, committed 5440K, reserved 327680K
}
Event: 3.186 GC heap before
{Heap before GC invocations=7 (full 0):
 garbage-first heap   total 262144K, used 35946K [0x00000000e0000000, 0x0000000100000000)
  region size 1024K, 13 young (13312K), 9 survivors (9216K)
 Metaspace       used 35578K, committed 36608K, reserved 393216K
  class space    used 4989K, committed 5504K, reserved 327680K
}
Event: 3.192 GC heap after
{Heap after GC invocations=8 (full 0):
 garbage-first heap   total 262144K, used 32724K [0x00000000e0000000, 0x0000000100000000)
  region size 1024K, 9 young (9216K), 9 survivors (9216K)
 Metaspace       used 35578K, committed 36608K, reserved 393216K
  class space    used 4989K, committed 5504K, reserved 327680K
}
Event: 4.543 GC heap before
{Heap before GC invocations=9 (full 0):
 garbage-first heap   total 262144K, used 181204K [0x00000000e0000000, 0x0000000100000000)
  region size 1024K, 153 young (156672K), 9 survivors (9216K)
 Metaspace       used 52010K, committed 53760K, reserved 393216K
  class space    used 7546K, committed 8448K, reserved 327680K
}
Event: 4.554 GC heap after
{Heap after GC invocations=10 (full 0):
 garbage-first heap   total 262144K, used 40870K [0x00000000e0000000, 0x0000000100000000)
  region size 1024K, 17 young (17408K), 17 survivors (17408K)
 Metaspace       used 52010K, committed 53760K, reserved 393216K
  class space    used 7546K, committed 8448K, reserved 327680K
}

Dll operation events (15 events):
Event: 0.006 Loaded shared library C:\Users\vuquo\.jdks\ms-21.0.9\bin\java.dll
Event: 0.032 Loaded shared library C:\Users\vuquo\.jdks\ms-21.0.9\bin\jsvml.dll
Event: 0.062 Loaded shared library C:\Users\vuquo\.jdks\ms-21.0.9\bin\zip.dll
Event: 0.065 Loaded shared library C:\Users\vuquo\.jdks\ms-21.0.9\bin\instrument.dll
Event: 0.069 Loaded shared library C:\Users\vuquo\.jdks\ms-21.0.9\bin\net.dll
Event: 0.070 Loaded shared library C:\Users\vuquo\.jdks\ms-21.0.9\bin\nio.dll
Event: 0.072 Loaded shared library C:\Users\vuquo\.jdks\ms-21.0.9\bin\zip.dll
Event: 0.215 Loaded shared library C:\Users\vuquo\.jdks\ms-21.0.9\bin\jimage.dll
Event: 0.289 Loaded shared library C:\Users\vuquo\.jdks\ms-21.0.9\bin\verify.dll
Event: 0.343 Loaded shared library C:\Users\vuquo\.gradle\native\1def1411415f61bf3af743bc5b6707747c0891f09f0c88961ee8f79bc544acac\windows-amd64\native-platform.dll
Event: 0.350 Loaded shared library C:\Users\vuquo\.gradle\native\0.2.7\x86_64-windows-gnu\gradle-fileevents.dll
Event: 0.988 Loaded shared library C:\Users\vuquo\.jdks\ms-21.0.9\bin\management.dll
Event: 0.990 Loaded shared library C:\Users\vuquo\.jdks\ms-21.0.9\bin\management_ext.dll
Event: 1.085 Loaded shared library C:\Users\vuquo\.jdks\ms-21.0.9\bin\extnet.dll
Event: 1.213 Loaded shared library C:\Users\vuquo\.jdks\ms-21.0.9\bin\sunmscapi.dll

Deoptimization events (20 events):
Event: 4.644 Thread 0x00000193f4b18740 Uncommon trap: trap_request=0xffffff45 fr.pc=0x00000193ceb996f4 relative=0x0000000000000434
Event: 4.644 Thread 0x00000193f4b18740 Uncommon trap: reason=unstable_if action=reinterpret pc=0x00000193ceb996f4 method=com.esotericsoftware.kryo.io.Input.readUtf8(I)V @ 79 c2
Event: 4.644 Thread 0x00000193f4b18740 DEOPT PACKING pc=0x00000193ceb996f4 sp=0x00000017293f7da0
Event: 4.644 Thread 0x00000193f4b18740 DEOPT UNPACKING pc=0x00000193ce2c7ba2 sp=0x00000017293f7d38 mode 2
Event: 4.671 Thread 0x00000193f63ed360 DEOPT PACKING pc=0x00000193c7528c4e sp=0x000000172c6fc670
Event: 4.671 Thread 0x00000193f63ed360 DEOPT UNPACKING pc=0x00000193ce2c86e2 sp=0x000000172c6fbbf0 mode 0
Event: 4.680 Thread 0x00000193f4b18740 Uncommon trap: trap_request=0xffffff45 fr.pc=0x00000193cebb01c8 relative=0x0000000000000088
Event: 4.680 Thread 0x00000193f4b18740 Uncommon trap: reason=unstable_if action=reinterpret pc=0x00000193cebb01c8 method=org.gradle.internal.snapshot.PathUtil.compareCharsIgnoringCase(CC)I @ 33 c2
Event: 4.680 Thread 0x00000193f4b18740 DEOPT PACKING pc=0x00000193cebb01c8 sp=0x00000017293f3e90
Event: 4.680 Thread 0x00000193f4b18740 DEOPT UNPACKING pc=0x00000193ce2c7ba2 sp=0x00000017293f3e30 mode 2
Event: 4.694 Thread 0x00000193f91a5100 DEOPT PACKING pc=0x00000193c7528c4e sp=0x000000172d2fc640
Event: 4.694 Thread 0x00000193f91a5100 DEOPT UNPACKING pc=0x00000193ce2c86e2 sp=0x000000172d2fbbc0 mode 0
Event: 4.701 Thread 0x00000193f4ad0020 DEOPT PACKING pc=0x00000193c6e39af9 sp=0x00000017299fe890
Event: 4.701 Thread 0x00000193f4ad0020 DEOPT UNPACKING pc=0x00000193ce2c86e2 sp=0x00000017299fdd30 mode 0
Event: 4.704 Thread 0x00000193f91a8580 DEOPT PACKING pc=0x00000193c7528c4e sp=0x000000172d5fd6e0
Event: 4.704 Thread 0x00000193f91a8580 DEOPT UNPACKING pc=0x00000193ce2c86e2 sp=0x000000172d5fcc60 mode 0
Event: 4.710 Thread 0x00000193f4b18740 DEOPT PACKING pc=0x00000193c75de5f3 sp=0x00000017293f5e90
Event: 4.710 Thread 0x00000193f4b18740 DEOPT UNPACKING pc=0x00000193ce2c86e2 sp=0x00000017293f5330 mode 3
Event: 4.713 Thread 0x00000193f91a7860 DEOPT PACKING pc=0x00000193c7528c4e sp=0x000000172d8fc260
Event: 4.713 Thread 0x00000193f91a7860 DEOPT UNPACKING pc=0x00000193ce2c86e2 sp=0x000000172d8fb7e0 mode 0

Classes loaded (20 events):
Event: 4.376 Loading class java/util/function/LongUnaryOperator
Event: 4.376 Loading class java/util/function/LongUnaryOperator done
Event: 4.428 Loading class javax/net/ssl/HostnameVerifier
Event: 4.428 Loading class javax/net/ssl/HostnameVerifier done
Event: 4.429 Loading class javax/net/ssl/TrustManager
Event: 4.429 Loading class javax/net/ssl/TrustManager done
Event: 4.429 Loading class javax/net/ssl/X509TrustManager
Event: 4.429 Loading class javax/net/ssl/X509TrustManager done
Event: 4.430 Loading class javax/net/ssl/SSLException
Event: 4.430 Loading class javax/net/ssl/SSLException done
Event: 4.430 Loading class javax/net/ssl/SSLPeerUnverifiedException
Event: 4.430 Loading class javax/net/ssl/SSLPeerUnverifiedException done
Event: 4.430 Loading class javax/naming/NamingException
Event: 4.430 Loading class javax/naming/NamingException done
Event: 4.430 Loading class javax/naming/InvalidNameException
Event: 4.430 Loading class javax/naming/InvalidNameException done
Event: 4.430 Loading class java/security/cert/CertificateParsingException
Event: 4.430 Loading class java/security/cert/CertificateException
Event: 4.430 Loading class java/security/cert/CertificateException done
Event: 4.430 Loading class java/security/cert/CertificateParsingException done

Classes unloaded (0 events):
No events

Classes redefined (0 events):
No events

Internal exceptions (20 events):
Event: 4.323 Thread 0x00000193f4b18740 Exception <a 'java/lang/NoSuchMethodError'{0x00000000e7f612f0}: 'void java.lang.invoke.Invokers$Holder.invokeExact_MT(java.lang.Object, java.lang.Object, long, java.lang.Object)'> (0x00000000e7f612f0) 
thrown [s\src\hotspot\share\interpreter\linkResolver.cpp, line 773]
Event: 4.376 Thread 0x00000193f4b18740 Exception <a 'java/lang/NoSuchMethodError'{0x00000000e7986d38}: 'long java.lang.invoke.DirectMethodHandle$Holder.invokeStatic(java.lang.Object, long)'> (0x00000000e7986d38) 
thrown [s\src\hotspot\share\interpreter\linkResolver.cpp, line 773]
Event: 4.405 Thread 0x00000193f4b18740 Implicit null exception at 0x00000193cead9243 to 0x00000193cead957c
Event: 4.425 Thread 0x00000193f4b18740 Exception <a 'java/lang/NoSuchMethodError'{0x00000000e7400948}: 'java.lang.Object java.lang.invoke.DirectMethodHandle$Holder.invokeVirtual(java.lang.Object, java.lang.Object, java.lang.Object, java.lang.Object, java.lang.Object, java.lang.Object, java.lang.Object, java.lang.Object, java.lang.Object, java.lang.Object, java.lang.Object, java.lang.Object, java.lang.Object, java.lang.Object, java.lang.Object, java.lang.Object, java.lang.Object)'> (0x00000000e7400948) 
thrown [s\src\hotspot\share\interpreter\li
Event: 4.425 Thread 0x00000193f4b18740 Exception <a 'java/lang/NoSuchMethodError'{0x00000000e7406950}: 'java.lang.Object java.lang.invoke.DirectMethodHandle$Holder.invokeSpecial(java.lang.Object, java.lang.Object, java.lang.Object, java.lang.Object, java.lang.Object, java.lang.Object, java.lang.Object, java.lang.Object, java.lang.Object, java.lang.Object, java.lang.Object, java.lang.Object, java.lang.Object, java.lang.Object, java.lang.Object, java.lang.Object, java.lang.Object, java.lang.Object)'> (0x00000000e7406950) 
thrown [s\src\hotspot\sh
Event: 4.425 Thread 0x00000193f4b18740 Exception <a 'java/lang/NoSuchMethodError'{0x00000000e740bea8}: 'java.lang.Object java.lang.invoke.DelegatingMethodHandle$Holder.reinvoke_L(java.lang.Object, java.lang.Object, java.lang.Object, java.lang.Object, java.lang.Object, java.lang.Object, java.lang.Object, java.lang.Object, java.lang.Object, java.lang.Object, java.lang.Object, java.lang.Object, java.lang.Object, java.lang.Object, java.lang.Object, java.lang.Object, java.lang.Object)'> (0x00000000e740bea8) 
thrown [s\src\hotspot\share\interpreter\l
Event: 4.475 Thread 0x00000193f4b18740 Exception <a 'java/lang/ClassNotFoundException'{0x00000000e6e69768}: build_cj84y87tsfudyb0dgwtb8dfvrBeanInfo> (0x00000000e6e69768) 
thrown [s\src\hotspot\share\classfile\systemDictionary.cpp, line 312]
Event: 4.476 Thread 0x00000193f4b18740 Exception <a 'java/lang/ClassNotFoundException'{0x00000000e6e73550}: org/gradle/api/internal/project/ProjectScriptBeanInfo> (0x00000000e6e73550) 
thrown [s\src\hotspot\share\classfile\systemDictionary.cpp, line 312]
Event: 4.476 Thread 0x00000193f4b18740 Exception <a 'java/lang/ClassNotFoundException'{0x00000000e6e7d488}: org/gradle/api/internal/project/ProjectScriptCustomizer> (0x00000000e6e7d488) 
thrown [s\src\hotspot\share\classfile\systemDictionary.cpp, line 312]
Event: 4.476 Thread 0x00000193f4b18740 Exception <a 'java/lang/ClassNotFoundException'{0x00000000e6e94fd8}: build_cj84y87tsfudyb0dgwtb8dfvrCustomizer> (0x00000000e6e94fd8) 
thrown [s\src\hotspot\share\classfile\systemDictionary.cpp, line 312]
Event: 4.481 Thread 0x00000193f4b18740 Exception <a 'java/lang/ClassNotFoundException'{0x00000000e6eede00}: org/gradle/plugin/use/internal/PluginRequestCollector$PluginDependenciesSpecImplBeanInfo> (0x00000000e6eede00) 
thrown [s\src\hotspot\share\classfile\systemDictionary.cpp, line 312]
Event: 4.481 Thread 0x00000193f4b18740 Exception <a 'java/lang/ClassNotFoundException'{0x00000000e6efdf58}: org/gradle/plugin/use/internal/PluginRequestCollector$PluginDependenciesSpecImplCustomizer> (0x00000000e6efdf58) 
thrown [s\src\hotspot\share\classfile\systemDictionary.cpp, line 312]
Event: 4.482 Thread 0x00000193f4b18740 Exception <a 'java/lang/NoSuchMethodError'{0x00000000e6d0c298}: 'java.lang.Object java.lang.invoke.DirectMethodHandle$Holder.invokeVirtual(java.lang.Object, java.lang.Object, java.lang.Object, int)'> (0x00000000e6d0c298) 
thrown [s\src\hotspot\share\interpreter\linkResolver.cpp, line 773]
Event: 4.485 Thread 0x00000193f4b18740 Exception <a 'java/lang/ClassNotFoundException'{0x00000000e6d55730}: org/gradle/plugin/use/internal/PluginRequestCollector$PluginDependencySpecImplBeanInfo> (0x00000000e6d55730) 
thrown [s\src\hotspot\share\classfile\systemDictionary.cpp, line 312]
Event: 4.485 Thread 0x00000193f4b18740 Exception <a 'java/lang/ClassNotFoundException'{0x00000000e6d65838}: org/gradle/plugin/use/internal/PluginRequestCollector$PluginDependencySpecImplCustomizer> (0x00000000e6d65838) 
thrown [s\src\hotspot\share\classfile\systemDictionary.cpp, line 312]
Event: 4.574 Thread 0x00000193f4b18740 Exception <a 'java/lang/NoSuchMethodError'{0x00000000efd66e98}: 'int java.lang.invoke.DirectMethodHandle$Holder.invokeSpecialIFC(java.lang.Object, java.lang.Object, java.lang.Object)'> (0x00000000efd66e98) 
thrown [s\src\hotspot\share\interpreter\linkResolver.cpp, line 773]
Event: 4.602 Thread 0x00000193f4b18740 Exception <a 'java/lang/NoSuchMethodError'{0x00000000efae0170}: 'java.lang.Object java.lang.invoke.DirectMethodHandle$Holder.newInvokeSpecial(java.lang.Object, java.lang.Object, long, java.lang.Object)'> (0x00000000efae0170) 
thrown [s\src\hotspot\share\interpreter\linkResolver.cpp, line 773]
Event: 4.602 Thread 0x00000193f4b18740 Exception <a 'java/lang/NoSuchMethodError'{0x00000000efae4c18}: 'java.lang.Object java.lang.invoke.DirectMethodHandle$Holder.invokeSpecial(java.lang.Object, java.lang.Object, java.lang.Object, long, java.lang.Object)'> (0x00000000efae4c18) 
thrown [s\src\hotspot\share\interpreter\linkResolver.cpp, line 773]
Event: 4.603 Thread 0x00000193f4b18740 Exception <a 'java/lang/NoSuchMethodError'{0x00000000efae9040}: 'java.lang.Object java.lang.invoke.Invokers$Holder.linkToTargetMethod(java.lang.Object, long, java.lang.Object, java.lang.Object)'> (0x00000000efae9040) 
thrown [s\src\hotspot\share\interpreter\linkResolver.cpp, line 773]
Event: 4.604 Thread 0x00000193f4b18740 Exception <a 'java/lang/NoSuchMethodError'{0x00000000ef907c60}: 'void java.lang.invoke.DirectMethodHandle$Holder.invokeStatic(java.lang.Object, java.lang.Object, java.lang.Object, int, java.lang.Object)'> (0x00000000ef907c60) 
thrown [s\src\hotspot\share\interpreter\linkResolver.cpp, line 773]

ZGC Phase Switch (0 events):
No events

VM Operations (20 events):
Event: 3.959 Executing VM operation: ICBufferFull
Event: 3.959 Executing VM operation: ICBufferFull done
Event: 3.967 Executing VM operation: HandshakeAllThreads (Deoptimize)
Event: 3.967 Executing VM operation: HandshakeAllThreads (Deoptimize) done
Event: 4.001 Executing VM operation: HandshakeAllThreads (Deoptimize)
Event: 4.001 Executing VM operation: HandshakeAllThreads (Deoptimize) done
Event: 4.112 Executing VM operation: HandshakeAllThreads (Deoptimize)
Event: 4.112 Executing VM operation: HandshakeAllThreads (Deoptimize) done
Event: 4.149 Executing VM operation: ICBufferFull
Event: 4.149 Executing VM operation: ICBufferFull done
Event: 4.200 Executing VM operation: HandshakeAllThreads (Deoptimize)
Event: 4.200 Executing VM operation: HandshakeAllThreads (Deoptimize) done
Event: 4.519 Executing VM operation: ICBufferFull
Event: 4.519 Executing VM operation: ICBufferFull done
Event: 4.543 Executing VM operation: G1CollectForAllocation (G1 Evacuation Pause)
Event: 4.554 Executing VM operation: G1CollectForAllocation (G1 Evacuation Pause) done
Event: 4.582 Executing VM operation: HandshakeAllThreads (Deoptimize)
Event: 4.582 Executing VM operation: HandshakeAllThreads (Deoptimize) done
Event: 4.689 Executing VM operation: ICBufferFull
Event: 4.689 Executing VM operation: ICBufferFull done

Memory protections (0 events):
No events

Nmethod flushes (20 events):
Event: 3.204 Thread 0x00000193d991bf30 flushing  nmethod 0x00000193c6e34b90
Event: 3.204 Thread 0x00000193d991bf30 flushing  nmethod 0x00000193c6e36790
Event: 3.204 Thread 0x00000193d991bf30 flushing  nmethod 0x00000193c6e39010
Event: 3.204 Thread 0x00000193d991bf30 flushing  nmethod 0x00000193c6e39a10
Event: 3.204 Thread 0x00000193d991bf30 flushing  nmethod 0x00000193c6e39f10
Event: 3.204 Thread 0x00000193d991bf30 flushing  nmethod 0x00000193c6e42690
Event: 3.204 Thread 0x00000193d991bf30 flushing  nmethod 0x00000193c6e44190
Event: 3.204 Thread 0x00000193d991bf30 flushing  nmethod 0x00000193c6ee9c10
Event: 3.204 Thread 0x00000193d991bf30 flushing  nmethod 0x00000193c6eea610
Event: 3.204 Thread 0x00000193d991bf30 flushing  nmethod 0x00000193c6eed190
Event: 3.204 Thread 0x00000193d991bf30 flushing  nmethod 0x00000193c6eed790
Event: 3.204 Thread 0x00000193d991bf30 flushing  nmethod 0x00000193c6eedf90
Event: 3.204 Thread 0x00000193d991bf30 flushing  nmethod 0x00000193c6eefe10
Event: 3.204 Thread 0x00000193d991bf30 flushing  nmethod 0x00000193c6ef5010
Event: 3.204 Thread 0x00000193d991bf30 flushing  nmethod 0x00000193c7013710
Event: 3.204 Thread 0x00000193d991bf30 flushing  nmethod 0x00000193c712da90
Event: 3.204 Thread 0x00000193d991bf30 flushing  nmethod 0x00000193c7176410
Event: 3.204 Thread 0x00000193d991bf30 flushing  nmethod 0x00000193c7177710
Event: 3.204 Thread 0x00000193d991bf30 flushing  nmethod 0x00000193c717b110
Event: 3.204 Thread 0x00000193d991bf30 flushing  nmethod 0x00000193c7205090

Events (20 events):
Event: 4.671 Thread 0x00000193f4b18740 Thread added: 0x00000193f63f4980
Event: 4.672 Thread 0x00000193f4b18740 Thread added: 0x00000193f63ed9f0
Event: 4.672 Thread 0x00000193f4b18740 Thread added: 0x00000193f63ee080
Event: 4.673 Thread 0x00000193f4b18740 Thread added: 0x00000193f63ee710
Event: 4.673 Thread 0x00000193f4b18740 Thread added: 0x00000193f63eeda0
Event: 4.675 Thread 0x00000193f4b18740 Thread added: 0x00000193f91a5790
Event: 4.675 Thread 0x00000193f4b18740 Thread added: 0x00000193f91aa650
Event: 4.676 Thread 0x00000193f4b18740 Thread added: 0x00000193f91a4a70
Event: 4.677 Thread 0x00000193f4b18740 Thread added: 0x00000193f91a92a0
Event: 4.688 Thread 0x00000193f4b18740 Thread added: 0x00000193f91a5e20
Event: 4.688 Thread 0x00000193f4b18740 Thread added: 0x00000193f91a64b0
Event: 4.689 Thread 0x00000193f4b18740 Thread added: 0x00000193f91a5100
Event: 4.689 Thread 0x00000193f4b18740 Thread added: 0x00000193f91a6b40
Event: 4.689 Thread 0x00000193f4b18740 Thread added: 0x00000193f91a71d0
Event: 4.690 Thread 0x00000193f4b18740 Thread added: 0x00000193f91a8580
Event: 4.690 Thread 0x00000193f4b18740 Thread added: 0x00000193f91a8c10
Event: 4.690 Thread 0x00000193f4b18740 Thread added: 0x00000193f91a43e0
Event: 4.691 Thread 0x00000193f4b18740 Thread added: 0x00000193f91a7860
Event: 4.691 Thread 0x00000193f4b18740 Thread added: 0x00000193f91a9930
Event: 4.691 Thread 0x00000193f4b18740 Thread added: 0x00000193f91a36c0


Dynamic libraries:
0x00007ff6de360000 - 0x00007ff6de36e000 	C:\Users\vuquo\.jdks\ms-21.0.9\bin\java.exe
0x00007ffaafa70000 - 0x00007ffaafc87000 	C:\Windows\SYSTEM32\ntdll.dll
0x00007ffaaf190000 - 0x00007ffaaf254000 	C:\Windows\System32\KERNEL32.DLL
0x00007ffaacfe0000 - 0x00007ffaad38d000 	C:\Windows\System32\KERNELBASE.dll
0x00007ffaacda0000 - 0x00007ffaaceb1000 	C:\Windows\System32\ucrtbase.dll
0x00007ffa8c2a0000 - 0x00007ffa8c2be000 	C:\Users\vuquo\.jdks\ms-21.0.9\bin\VCRUNTIME140.dll
0x00007ffa8b4b0000 - 0x00007ffa8b4c8000 	C:\Users\vuquo\.jdks\ms-21.0.9\bin\jli.dll
0x00007ffaaec30000 - 0x00007ffaaedde000 	C:\Windows\System32\USER32.dll
0x00007ffaad6e0000 - 0x00007ffaad706000 	C:\Windows\System32\win32u.dll
0x00007ffaa1430000 - 0x00007ffaa16c3000 	C:\Windows\WinSxS\amd64_microsoft.windows.common-controls_6595b64144ccf1df_6.0.22621.3672_none_2713b9d173822955\COMCTL32.dll
0x00007ffaae6a0000 - 0x00007ffaae6c9000 	C:\Windows\System32\GDI32.dll
0x00007ffaaf980000 - 0x00007ffaafa27000 	C:\Windows\System32\msvcrt.dll
0x00007ffaacec0000 - 0x00007ffaacfd9000 	C:\Windows\System32\gdi32full.dll
0x00007ffaad390000 - 0x00007ffaad42a000 	C:\Windows\System32\msvcp_win.dll
0x00007ffaaddf0000 - 0x00007ffaade21000 	C:\Windows\System32\IMM32.DLL
0x00007ffa90700000 - 0x00007ffa9070c000 	C:\Users\vuquo\.jdks\ms-21.0.9\bin\vcruntime140_1.dll
0x00007ffa5c490000 - 0x00007ffa5c519000 	C:\Users\vuquo\.jdks\ms-21.0.9\bin\msvcp140.dll
0x00007ffa48c40000 - 0x00007ffa499ed000 	C:\Users\vuquo\.jdks\ms-21.0.9\bin\server\jvm.dll
0x00007ffaad7b0000 - 0x00007ffaad862000 	C:\Windows\System32\ADVAPI32.dll
0x00007ffaadbb0000 - 0x00007ffaadc59000 	C:\Windows\System32\sechost.dll
0x00007ffaad710000 - 0x00007ffaad738000 	C:\Windows\System32\bcrypt.dll
0x00007ffaaee00000 - 0x00007ffaaef14000 	C:\Windows\System32\RPCRT4.dll
0x00007ffaad950000 - 0x00007ffaad9c1000 	C:\Windows\System32\WS2_32.dll
0x00007ffaabc00000 - 0x00007ffaabc4d000 	C:\Windows\SYSTEM32\POWRPROF.dll
0x00007ffaa3500000 - 0x00007ffaa3534000 	C:\Windows\SYSTEM32\WINMM.dll
0x00007ffaa3a80000 - 0x00007ffaa3a8a000 	C:\Windows\SYSTEM32\VERSION.dll
0x00007ffaabbe0000 - 0x00007ffaabbf3000 	C:\Windows\SYSTEM32\UMPDC.dll
0x00007ffaabea0000 - 0x00007ffaabeb8000 	C:\Windows\SYSTEM32\kernel.appcore.dll
0x00007ffa8f000000 - 0x00007ffa8f00a000 	C:\Users\vuquo\.jdks\ms-21.0.9\bin\jimage.dll
0x00007ffaa9e80000 - 0x00007ffaaa0b2000 	C:\Windows\SYSTEM32\DBGHELP.DLL
0x00007ffaae6d0000 - 0x00007ffaaea58000 	C:\Windows\System32\combase.dll
0x00007ffaad870000 - 0x00007ffaad947000 	C:\Windows\System32\OLEAUT32.dll
0x00007ffaa10b0000 - 0x00007ffaa10e2000 	C:\Windows\SYSTEM32\dbgcore.DLL
0x00007ffaad4f0000 - 0x00007ffaad56b000 	C:\Windows\System32\bcryptPrimitives.dll
0x00007ffa8ed00000 - 0x00007ffa8ed10000 	C:\Users\vuquo\.jdks\ms-21.0.9\bin\instrument.dll
0x00007ffa777d0000 - 0x00007ffa777f1000 	C:\Users\vuquo\.jdks\ms-21.0.9\bin\java.dll
0x00007ffaade40000 - 0x00007ffaae69f000 	C:\Windows\System32\SHELL32.dll
0x00007ffaaacb0000 - 0x00007ffaab5ac000 	C:\Windows\SYSTEM32\windows.storage.dll
0x00007ffaaab70000 - 0x00007ffaaacaf000 	C:\Windows\SYSTEM32\wintypes.dll
0x00007ffaadcf0000 - 0x00007ffaadde4000 	C:\Windows\System32\SHCORE.dll
0x00007ffaaebb0000 - 0x00007ffaaec0e000 	C:\Windows\System32\shlwapi.dll
0x00007ffaaccd0000 - 0x00007ffaaccf1000 	C:\Windows\SYSTEM32\profapi.dll
0x00007ffa5a9e0000 - 0x00007ffa5aab6000 	C:\Users\vuquo\.jdks\ms-21.0.9\bin\jsvml.dll
0x00007ffa8a700000 - 0x00007ffa8a718000 	C:\Users\vuquo\.jdks\ms-21.0.9\bin\zip.dll
0x00007ffa89ae0000 - 0x00007ffa89af1000 	C:\Users\vuquo\.jdks\ms-21.0.9\bin\net.dll
0x00007ffaa4fb0000 - 0x00007ffaa50e6000 	C:\Windows\SYSTEM32\WINHTTP.dll
0x00007ffaac310000 - 0x00007ffaac379000 	C:\Windows\system32\mswsock.dll
0x00007ffa88f90000 - 0x00007ffa88fa6000 	C:\Users\vuquo\.jdks\ms-21.0.9\bin\nio.dll
0x00007ffa8e720000 - 0x00007ffa8e730000 	C:\Users\vuquo\.jdks\ms-21.0.9\bin\verify.dll
0x00007ffa8e730000 - 0x00007ffa8e757000 	C:\Users\vuquo\.gradle\native\1def1411415f61bf3af743bc5b6707747c0891f09f0c88961ee8f79bc544acac\windows-amd64\native-platform.dll
0x00007ffa5a960000 - 0x00007ffa5a9d8000 	C:\Users\vuquo\.gradle\native\0.2.7\x86_64-windows-gnu\gradle-fileevents.dll
0x00007ffa8e650000 - 0x00007ffa8e65a000 	C:\Users\vuquo\.jdks\ms-21.0.9\bin\management.dll
0x00007ffa8e3b0000 - 0x00007ffa8e3bc000 	C:\Users\vuquo\.jdks\ms-21.0.9\bin\management_ext.dll
0x00007ffaadce0000 - 0x00007ffaadce8000 	C:\Windows\System32\PSAPI.DLL
0x00007ffaab880000 - 0x00007ffaab8ad000 	C:\Windows\SYSTEM32\IPHLPAPI.DLL
0x00007ffaade30000 - 0x00007ffaade39000 	C:\Windows\System32\NSI.dll
0x00007ffa8db80000 - 0x00007ffa8db89000 	C:\Users\vuquo\.jdks\ms-21.0.9\bin\extnet.dll
0x00007ffaac5a0000 - 0x00007ffaac5bb000 	C:\Windows\SYSTEM32\CRYPTSP.dll
0x00007ffaabe00000 - 0x00007ffaabe35000 	C:\Windows\system32\rsaenh.dll
0x00007ffaac410000 - 0x00007ffaac438000 	C:\Windows\SYSTEM32\USERENV.dll
0x00007ffaac590000 - 0x00007ffaac59c000 	C:\Windows\SYSTEM32\CRYPTBASE.dll
0x00007ffa8c310000 - 0x00007ffa8c31e000 	C:\Users\vuquo\.jdks\ms-21.0.9\bin\sunmscapi.dll
0x00007ffaad570000 - 0x00007ffaad6d7000 	C:\Windows\System32\CRYPT32.dll
0x00007ffaac750000 - 0x00007ffaac77e000 	C:\Windows\SYSTEM32\ncrypt.dll
0x00007ffaac710000 - 0x00007ffaac747000 	C:\Windows\SYSTEM32\NTASN1.dll
0x00007ffa5ec30000 - 0x00007ffa5ec38000 	C:\Windows\system32\wshunix.dll

JVMTI agents:
C:\Users\vuquo\.gradle\wrapper\dists\gradle-8.14.4-bin\92wwslzcyst3phie3o264zltu\gradle-8.14.4\lib\agents\gradle-instrumentation-agent-8.14.4.jar path:C:\Users\vuquo\.jdks\ms-21.0.9\bin\instrument.dll, loaded, initialized, instrumentlib options:none

dbghelp: loaded successfully - version: 4.0.5 - missing functions: none
symbol engine: initialized successfully - sym options: 0x614 - pdb path: .;C:\Users\vuquo\.jdks\ms-21.0.9\bin;C:\Windows\SYSTEM32;C:\Windows\WinSxS\amd64_microsoft.windows.common-controls_6595b64144ccf1df_6.0.22621.3672_none_2713b9d173822955;C:\Users\vuquo\.jdks\ms-21.0.9\bin\server;C:\Users\vuquo\.gradle\native\1def1411415f61bf3af743bc5b6707747c0891f09f0c88961ee8f79bc544acac\windows-amd64;C:\Users\vuquo\.gradle\native\0.2.7\x86_64-windows-gnu

VM Arguments:
jvm_args: --add-opens=java.base/java.lang=ALL-UNNAMED --add-opens=java.base/java.lang.invoke=ALL-UNNAMED --add-opens=java.base/java.util=ALL-UNNAMED --add-opens=java.prefs/java.util.prefs=ALL-UNNAMED --add-exports=jdk.compiler/com.sun.tools.javac.api=ALL-UNNAMED --add-exports=jdk.compiler/com.sun.tools.javac.util=ALL-UNNAMED --add-opens=java.base/java.util=ALL-UNNAMED --add-opens=java.prefs/java.util.prefs=ALL-UNNAMED --add-opens=java.base/java.nio.charset=ALL-UNNAMED --add-opens=java.base/java.net=ALL-UNNAMED --add-opens=java.base/java.util.concurrent.atomic=ALL-UNNAMED --add-opens=java.xml/javax.xml.namespace=ALL-UNNAMED -XX:MaxMetaspaceSize=384m -XX:+HeapDumpOnOutOfMemoryError -Xms256m -Xmx512m -Dfile.encoding=UTF-8 -Duser.country=US -Duser.language=en -Duser.variant -javaagent:C:\Users\vuquo\.gradle\wrapper\dists\gradle-8.14.4-bin\92wwslzcyst3phie3o264zltu\gradle-8.14.4\lib\agents\gradle-instrumentation-agent-8.14.4.jar 
java_command: org.gradle.launcher.daemon.bootstrap.GradleDaemon 8.14.4
java_class_path (initial): C:\Users\vuquo\.gradle\wrapper\dists\gradle-8.14.4-bin\92wwslzcyst3phie3o264zltu\gradle-8.14.4\lib\gradle-daemon-main-8.14.4.jar
Launcher Type: SUN_STANDARD

[Global flags]
     intx CICompilerCount                          = 4                                         {product} {ergonomic}
   size_t CompressedClassSpaceSize                 = 335544320                                 {product} {ergonomic}
     uint ConcGCThreads                            = 3                                         {product} {ergonomic}
     uint G1ConcRefinementThreads                  = 10                                        {product} {ergonomic}
   size_t G1HeapRegionSize                         = 1048576                                   {product} {ergonomic}
    uintx GCDrainStackTargetSize                   = 64                                        {product} {ergonomic}
     bool HeapDumpOnOutOfMemoryError               = true                                   {manageable} {command line}
   size_t InitialHeapSize                          = 268435456                                 {product} {command line}
   size_t MarkStackSize                            = 4194304                                   {product} {ergonomic}
   size_t MaxHeapSize                              = 536870912                                 {product} {command line}
   size_t MaxMetaspaceSize                         = 402653184                                 {product} {command line}
   size_t MaxNewSize                               = 321912832                                 {product} {ergonomic}
   size_t MinHeapDeltaBytes                        = 1048576                                   {product} {ergonomic}
   size_t MinHeapSize                              = 268435456                                 {product} {command line}
    uintx NonNMethodCodeHeapSize                   = 5839372                                {pd product} {ergonomic}
    uintx NonProfiledCodeHeapSize                  = 122909434                              {pd product} {ergonomic}
    uintx ProfiledCodeHeapSize                     = 122909434                              {pd product} {ergonomic}
    uintx ReservedCodeCacheSize                    = 251658240                              {pd product} {ergonomic}
     bool SegmentedCodeCache                       = true                                      {product} {ergonomic}
   size_t SoftMaxHeapSize                          = 536870912                              {manageable} {ergonomic}
     bool UseCompressedOops                        = true                           {product lp64_product} {ergonomic}
     bool UseG1GC                                  = true                                      {product} {ergonomic}
     bool UseLargePagesIndividualAllocation        = false                                  {pd product} {ergonomic}

Logging:
Log output configuration:
 #0: stdout all=warning uptime,level,tags foldmultilines=false
 #1: stderr all=off uptime,level,tags foldmultilines=false

Release file:
IMPLEMENTOR="Microsoft" 
IMPLEMENTOR_VERSION="Microsoft-12574459" 
JAVA_RUNTIME_VERSION="21.0.9+10-LTS" 
JAVA_VERSION="21.0.9" 
JAVA_VERSION_DATE="2025-10-21" 
LIBC="default" 
MODULES="java.base java.compiler java.datatransfer java.xml java.prefs java.desktop java.instrument java.logging java.management java.security.sasl java.naming java.rmi java.management.rmi java.net.http java.scripting java.security.jgss java.transaction.xa java.sql java.sql.rowset java.xml.crypto java.se java.smartcardio jdk.accessibility jdk.internal.jvmstat jdk.attach jdk.charsets jdk.internal.opt jdk.zipfs jdk.compiler jdk.crypto.ec jdk.crypto.cryptoki jdk.crypto.mscapi jdk.dynalink jdk.internal.ed jdk.editpad jdk.hotspot.agent jdk.httpserver jdk.incubator.vector jdk.internal.le jdk.internal.vm.ci jdk.internal.vm.compiler jdk.internal.vm.compiler.management jdk.jartool jdk.javadoc jdk.jcmd jdk.management jdk.management.agent jdk.jconsole jdk.jdeps jdk.jdwp.agent jdk.jdi jdk.jfr jdk.jlink jdk.jpackage jdk.jshell jdk.jsobject jdk.jstatd jdk.localedata jdk.management.jfr jdk.naming.dns jdk.naming.rmi jdk.net jdk.nio.mapmode jdk.random jdk.sctp jdk.security.auth jdk.security.jgss jdk.unsupported jdk.unsupported.desktop jdk.xml.dom" 
OS_ARCH="x86_64" 
OS_NAME="Windows" 
SOURCE=".:git:e0bc49609000" 

Environment Variables:
PATH=C:\Program Files\Common Files\Oracle\Java\javapath;C:\u01\app\oracle\product\21c\db_home\bin;D:\u01\app\oracle\product\21c\db_home\bin;D:\orcl21\app\oracle\product\21c\db_home\bin;C:\Program Files (x86)\VMware\VMware Workstation\bin\;C:\Windows\system32;C:\Windows;C:\Windows\System32\Wbem;C:\Windows\System32\WindowsPowerShell\v1.0\;C:\Windows\System32\OpenSSH\;C:\Program Files\dotnet\;C:\Program Files\Git\cmd;C:\Program Files\nodejs\;C:\Users\vuquo\AppData\Local\Programs\Python\Launcher\;C:\Program Files\MySQL\MySQL Shell 8.0\bin\;C:\Users\vuquo\AppData\Local\Microsoft\WindowsApps;C:\Users\vuquo\AppData\Local\Programs\Microsoft VS Code\bin;C:\Users\vuquo\AppData\Roaming\npm;C:\Program Files\JetBrains\IntelliJ IDEA 2025.1.3\bin;;C:\Users\vuquo\.dotnet\tools;D:\Antigravity\bin
USERNAME=vuquo
OS=Windows_NT
PROCESSOR_IDENTIFIER=Intel64 Family 6 Model 141 Stepping 1, GenuineIntel
TMP=C:\Users\vuquo\AppData\Local\Temp
TEMP=C:\Users\vuquo\AppData\Local\Temp




Periodic native trim disabled

---------------  S Y S T E M  ---------------

OS:
 Windows 11 , 64 bit Build 22621 (10.0.22621.3672)
OS uptime: 0 days 5:53 hours
Hyper-V role detected

CPU: total 12 (initial active 12) (6 cores per cpu, 2 threads per core) family 6 model 141 stepping 1 microcode 0x34, cx8, cmov, fxsr, ht, mmx, 3dnowpref, sse, sse2, sse3, ssse3, sse4.1, sse4.2, popcnt, lzcnt, tsc, tscinvbit, avx, avx2, aes, erms, clmul, bmi1, bmi2, adx, avx512f, avx512dq, avx512cd, avx512bw, avx512vl, sha, fma, vzeroupper, avx512_vpopcntdq, avx512_vpclmulqdq, avx512_vaes, avx512_vnni, clflush, clflushopt, clwb, avx512_vbmi2, avx512_vbmi, hv, rdtscp, rdpid, fsrm, gfni, avx512_bitalg, f16c, cet_ibt, cet_ss, avx512_ifma
Processor Information for the first 12 processors :
  Max Mhz: 2611, Current Mhz: 2611, Mhz Limit: 2611

Memory: 4k page, system-wide physical 7913M (442M free)
TotalPageFile size 15913M (AvailPageFile size 5M)
current process WorkingSet (physical memory assigned to process): 409M, peak: 409M
current process commit charge ("private bytes"): 519M, peak: 519M

vm_info: OpenJDK 64-Bit Server VM (21.0.9+10-LTS) for windows-amd64 JRE (21.0.9+10-LTS), built on 2025-10-13T22:04:36Z by "MicrosoftCorporation" with unknown MS VC++:1944

END.
