#
# There is insufficient memory for the Java Runtime Environment to continue.
# Native memory allocation (malloc) failed to allocate 1118896 bytes. Error detail: Chunk::new
# Possible reasons:
#   The system is out of physical RAM or swap space
#   This process is running with CompressedOops enabled, and the Java Heap may be blocking the growth of the native heap
# Possible solutions:
#   Reduce memory load on the system
#   Increase physical memory or swap space
#   Check if swap backing store is full
#   Decrease Java heap size (-Xmx/-Xms)
#   Decrease number of Java threads
#   Decrease Java thread stack sizes (-Xss)
#   Set larger code cache with -XX:ReservedCodeCacheSize=
#   JVM is running with Unscaled Compressed Oops mode in which the Java heap is
#     placed in the first 4GB address space. The Java Heap base address is the
#     maximum limit for the native heap growth. Please use -XX:HeapBaseMinAddress
#     to set the Java Heap base and to place the Java Heap above 4GB virtual address.
# This output file may be truncated or incomplete.
#
#  Out of Memory Error (arena.cpp:168), pid=13144, tid=10544
#
# JRE version: OpenJDK Runtime Environment Microsoft-12574459 (21.0.9+10) (build 21.0.9+10-LTS)
# Java VM: OpenJDK 64-Bit Server VM Microsoft-12574459 (21.0.9+10-LTS, mixed mode, sharing, tiered, compressed oops, compressed class ptrs, g1 gc, windows-amd64)
# No core dump will be written. Minidumps are not enabled by default on client versions of Windows
#

---------------  S U M M A R Y ------------

Command Line: --add-opens=java.base/java.lang=ALL-UNNAMED --add-opens=java.base/java.lang.invoke=ALL-UNNAMED --add-opens=java.base/java.util=ALL-UNNAMED --add-opens=java.prefs/java.util.prefs=ALL-UNNAMED --add-exports=jdk.compiler/com.sun.tools.javac.api=ALL-UNNAMED --add-exports=jdk.compiler/com.sun.tools.javac.util=ALL-UNNAMED --add-opens=java.base/java.util=ALL-UNNAMED --add-opens=java.prefs/java.util.prefs=ALL-UNNAMED --add-opens=java.base/java.nio.charset=ALL-UNNAMED --add-opens=java.base/java.net=ALL-UNNAMED --add-opens=java.base/java.util.concurrent.atomic=ALL-UNNAMED --add-opens=java.xml/javax.xml.namespace=ALL-UNNAMED -XX:MaxMetaspaceSize=384m -XX:+HeapDumpOnOutOfMemoryError -Xms256m -Xmx512m -Dfile.encoding=UTF-8 -Duser.country=US -Duser.language=en -Duser.variant -javaagent:C:\Users\vuquo\.gradle\wrapper\dists\gradle-8.14.4-bin\92wwslzcyst3phie3o264zltu\gradle-8.14.4\lib\agents\gradle-instrumentation-agent-8.14.4.jar org.gradle.launcher.daemon.bootstrap.GradleDaemon 8.14.4

Host: 11th Gen Intel(R) Core(TM) i5-11260H @ 2.60GHz, 12 cores, 7G,  Windows 11 , 64 bit Build 22621 (10.0.22621.3672)
Time: Mon Apr  6 04:07:53 2026 SE Asia Standard Time elapsed time: 26.631636 seconds (0d 0h 0m 26s)

---------------  T H R E A D  ---------------

Current thread (0x000001aa55865f50):  JavaThread "C2 CompilerThread0" daemon [_thread_in_native, id=10544, stack(0x0000008e22e00000,0x0000008e22f00000) (1024K)]


Current CompileTask:
C2:26631 12360 %     4       org.gradle.internal.logging.text.AbstractLineChoppingStyledTextOutput::doAppend @ 10 (43 bytes)

Stack: [0x0000008e22e00000,0x0000008e22f00000]
Native frames: (J=compiled Java code, j=interpreted, Vv=VM code, C=native code)
V  [jvm.dll+0x6df259]  (no source info available)
V  [jvm.dll+0x8bfe4b]  (no source info available)
V  [jvm.dll+0x8c23da]  (no source info available)
V  [jvm.dll+0x8c2ab3]  (no source info available)
V  [jvm.dll+0x28a416]  (no source info available)
V  [jvm.dll+0xc903d]  (no source info available)
V  [jvm.dll+0xc958c]  (no source info available)
V  [jvm.dll+0x3c7cc2]  (no source info available)
V  [jvm.dll+0x394452]  (no source info available)
V  [jvm.dll+0x3938aa]  (no source info available)
V  [jvm.dll+0x2520a0]  (no source info available)
V  [jvm.dll+0x2516c3]  (no source info available)
V  [jvm.dll+0x1d18cf]  (no source info available)
V  [jvm.dll+0x26138a]  (no source info available)
V  [jvm.dll+0x25f6f5]  (no source info available)
V  [jvm.dll+0x401aad]  (no source info available)
V  [jvm.dll+0x869f7d]  (no source info available)
V  [jvm.dll+0x6e080d]  (no source info available)
C  [ucrtbase.dll+0x29333]  (no source info available)
C  [KERNEL32.DLL+0x1257d]  (no source info available)
C  [ntdll.dll+0x5af28]  (no source info available)


---------------  P R O C E S S  ---------------

Threads class SMR info:
_java_thread_list=0x000001aa71d91d00, length=66, elements={
0x000001aa3a52e5a0, 0x000001aa5585f350, 0x000001aa5585ffa0, 0x000001aa55860ce0,
0x000001aa55863930, 0x000001aa55864470, 0x000001aa55864fb0, 0x000001aa55865f50,
0x000001aa55868c10, 0x000001aa55a1dc80, 0x000001aa55b70b40, 0x000001aa707906e0,
0x000001aa707de8e0, 0x000001aa707784d0, 0x000001aa709b47d0, 0x000001aa70872610,
0x000001aa70876c90, 0x000001aa70878d60, 0x000001aa708779b0, 0x000001aa708793f0,
0x000001aa70875f70, 0x000001aa72637570, 0x000001aa72639640, 0x000001aa726361c0,
0x000001aa7263c430, 0x000001aa72638fb0, 0x000001aa72638290, 0x000001aa72e5e450,
0x000001aa72e58f00, 0x000001aa72e5ca10, 0x000001aa72e5bcf0, 0x000001aa72e5f170,
0x000001aa72e5eae0, 0x000001aa55a2ebb0, 0x000001aa55a2f240, 0x000001aa55a319a0,
0x000001aa55a326c0, 0x000001aa55a33a70, 0x000001aa55a32d50, 0x000001aa55a34790,
0x000001aa55a333e0, 0x000001aa55a34e20, 0x000001aa55a2de90, 0x000001aa55a2f8d0,
0x000001aa55a2ff60, 0x000001aa55a305f0, 0x000001aa55a30c80, 0x000001aa71965f80,
0x000001aa719658f0, 0x000001aa55c1d770, 0x000001aa55c20bf0, 0x000001aa55c1d0e0,
0x000001aa55c1eb20, 0x000001aa55c1de00, 0x000001aa55c1e490, 0x000001aa55c1f1b0,
0x000001aa55c20560, 0x000001aa55c1f840, 0x000001aa55c21910, 0x000001aa55c21fa0,
0x000001aa55c22630, 0x000001aa55c22cc0, 0x000001aa55c23350, 0x000001aa55c239e0,
0x000001aa55c1ca50, 0x000001aa55c28210
}

Java Threads: ( => current thread )
  0x000001aa3a52e5a0 JavaThread "main"                              [_thread_blocked, id=9716, stack(0x0000008e22000000,0x0000008e22100000) (1024K)]
  0x000001aa5585f350 JavaThread "Reference Handler"          daemon [_thread_blocked, id=16864, stack(0x0000008e22800000,0x0000008e22900000) (1024K)]
  0x000001aa5585ffa0 JavaThread "Finalizer"                  daemon [_thread_blocked, id=11592, stack(0x0000008e22900000,0x0000008e22a00000) (1024K)]
  0x000001aa55860ce0 JavaThread "Signal Dispatcher"          daemon [_thread_blocked, id=7200, stack(0x0000008e22a00000,0x0000008e22b00000) (1024K)]
  0x000001aa55863930 JavaThread "Attach Listener"            daemon [_thread_blocked, id=18520, stack(0x0000008e22b00000,0x0000008e22c00000) (1024K)]
  0x000001aa55864470 JavaThread "Service Thread"             daemon [_thread_blocked, id=18176, stack(0x0000008e22c00000,0x0000008e22d00000) (1024K)]
  0x000001aa55864fb0 JavaThread "Monitor Deflation Thread"   daemon [_thread_blocked, id=4348, stack(0x0000008e22d00000,0x0000008e22e00000) (1024K)]
=>0x000001aa55865f50 JavaThread "C2 CompilerThread0"         daemon [_thread_in_native, id=10544, stack(0x0000008e22e00000,0x0000008e22f00000) (1024K)]
  0x000001aa55868c10 JavaThread "C1 CompilerThread0"         daemon [_thread_in_vm, id=7648, stack(0x0000008e22f00000,0x0000008e23000000) (1024K)]
  0x000001aa55a1dc80 JavaThread "Common-Cleaner"             daemon [_thread_blocked, id=8272, stack(0x0000008e23000000,0x0000008e23100000) (1024K)]
  0x000001aa55b70b40 JavaThread "Notification Thread"        daemon [_thread_blocked, id=18120, stack(0x0000008e23100000,0x0000008e23200000) (1024K)]
  0x000001aa707906e0 JavaThread "Daemon health stats"               [_thread_blocked, id=13604, stack(0x0000008e23900000,0x0000008e23a00000) (1024K)]
  0x000001aa707de8e0 JavaThread "Incoming local TCP Connector on port 59766"        [_thread_in_native, id=16024, stack(0x0000008e23d00000,0x0000008e23e00000) (1024K)]
  0x000001aa707784d0 JavaThread "Daemon periodic checks"            [_thread_blocked, id=13004, stack(0x0000008e23e00000,0x0000008e23f00000) (1024K)]
  0x000001aa709b47d0 JavaThread "Daemon"                            [_thread_blocked, id=3228, stack(0x0000008e23f00000,0x0000008e24000000) (1024K)]
  0x000001aa70872610 JavaThread "Daemon worker"                     [_thread_in_Java, id=7600, stack(0x0000008e24200000,0x0000008e24300000) (1024K)]
  0x000001aa70876c90 JavaThread "Cache worker for journal cache (C:\Users\vuquo\.gradle\caches\journal-1)"        [_thread_blocked, id=17628, stack(0x0000008e24600000,0x0000008e24700000) (1024K)]
  0x000001aa70878d60 JavaThread "File lock request listener"        [_thread_in_native, id=3704, stack(0x0000008e24700000,0x0000008e24800000) (1024K)]
  0x000001aa708779b0 JavaThread "Cache worker for file hash cache (C:\Users\vuquo\.gradle\caches\8.14.4\fileHashes)"        [_thread_blocked, id=13960, stack(0x0000008e24800000,0x0000008e24900000) (1024K)]
  0x000001aa708793f0 JavaThread "File watcher server"        daemon [_thread_in_native, id=5092, stack(0x0000008e24e00000,0x0000008e24f00000) (1024K)]
  0x000001aa70875f70 JavaThread "File watcher consumer"      daemon [_thread_blocked, id=16988, stack(0x0000008e24f00000,0x0000008e25000000) (1024K)]
  0x000001aa72637570 JavaThread "jar transforms"                    [_thread_blocked, id=2332, stack(0x0000008e25000000,0x0000008e25100000) (1024K)]
  0x000001aa72639640 JavaThread "jar transforms Thread 2"           [_thread_blocked, id=18456, stack(0x0000008e25100000,0x0000008e25200000) (1024K)]
  0x000001aa726361c0 JavaThread "Cache worker for file content cache (C:\Users\vuquo\.gradle\caches\8.14.4\fileContent)"        [_thread_blocked, id=2908, stack(0x0000008e25300000,0x0000008e25400000) (1024K)]
  0x000001aa7263c430 JavaThread "jar transforms Thread 3"           [_thread_blocked, id=11504, stack(0x0000008e25400000,0x0000008e25500000) (1024K)]
  0x000001aa72638fb0 JavaThread "jar transforms Thread 4"           [_thread_blocked, id=17000, stack(0x0000008e25f00000,0x0000008e26000000) (1024K)]
  0x000001aa72638290 JavaThread "jar transforms Thread 5"           [_thread_blocked, id=17052, stack(0x0000008e26000000,0x0000008e26100000) (1024K)]
  0x000001aa72e5e450 JavaThread "jar transforms Thread 6"           [_thread_blocked, id=18036, stack(0x0000008e26500000,0x0000008e26600000) (1024K)]
  0x000001aa72e58f00 JavaThread "jar transforms Thread 7"           [_thread_blocked, id=7260, stack(0x0000008e26600000,0x0000008e26700000) (1024K)]
  0x000001aa72e5ca10 JavaThread "jar transforms Thread 8"           [_thread_blocked, id=3012, stack(0x0000008e26700000,0x0000008e26800000) (1024K)]
  0x000001aa72e5bcf0 JavaThread "jar transforms Thread 9"           [_thread_blocked, id=11228, stack(0x0000008e26800000,0x0000008e26900000) (1024K)]
  0x000001aa72e5f170 JavaThread "jar transforms Thread 10"          [_thread_blocked, id=17048, stack(0x0000008e26900000,0x0000008e26a00000) (1024K)]
  0x000001aa72e5eae0 JavaThread "jar transforms Thread 11"          [_thread_blocked, id=15856, stack(0x0000008e23300000,0x0000008e23400000) (1024K)]
  0x000001aa55a2ebb0 JavaThread "Memory manager"                    [_thread_blocked, id=9820, stack(0x0000008e28b00000,0x0000008e28c00000) (1024K)]
  0x000001aa55a2f240 JavaThread "jar transforms Thread 12"          [_thread_blocked, id=6036, stack(0x0000008e28c00000,0x0000008e28d00000) (1024K)]
  0x000001aa55a319a0 JavaThread "ForkJoinPool.commonPool-worker-1" daemon [_thread_blocked, id=13204, stack(0x0000008e28d00000,0x0000008e28e00000) (1024K)]
  0x000001aa55a326c0 JavaThread "ForkJoinPool.commonPool-worker-2" daemon [_thread_blocked, id=8364, stack(0x0000008e28e00000,0x0000008e28f00000) (1024K)]
  0x000001aa55a33a70 JavaThread "ForkJoinPool.commonPool-worker-3" daemon [_thread_blocked, id=14684, stack(0x0000008e28f00000,0x0000008e29000000) (1024K)]
  0x000001aa55a32d50 JavaThread "ForkJoinPool.commonPool-worker-4" daemon [_thread_blocked, id=16692, stack(0x0000008e29000000,0x0000008e29100000) (1024K)]
  0x000001aa55a34790 JavaThread "ForkJoinPool.commonPool-worker-5" daemon [_thread_blocked, id=10412, stack(0x0000008e29100000,0x0000008e29200000) (1024K)]
  0x000001aa55a333e0 JavaThread "ForkJoinPool.commonPool-worker-6" daemon [_thread_blocked, id=15840, stack(0x0000008e29200000,0x0000008e29300000) (1024K)]
  0x000001aa55a34e20 JavaThread "ForkJoinPool.commonPool-worker-7" daemon [_thread_blocked, id=19312, stack(0x0000008e29300000,0x0000008e29400000) (1024K)]
  0x000001aa55a2de90 JavaThread "ForkJoinPool.commonPool-worker-8" daemon [_thread_blocked, id=8344, stack(0x0000008e29400000,0x0000008e29500000) (1024K)]
  0x000001aa55a2f8d0 JavaThread "ForkJoinPool.commonPool-worker-10" daemon [_thread_blocked, id=16720, stack(0x0000008e29500000,0x0000008e29600000) (1024K)]
  0x000001aa55a2ff60 JavaThread "ForkJoinPool.commonPool-worker-9" daemon [_thread_blocked, id=7064, stack(0x0000008e29600000,0x0000008e29700000) (1024K)]
  0x000001aa55a305f0 JavaThread "ForkJoinPool.commonPool-worker-11" daemon [_thread_blocked, id=11192, stack(0x0000008e29700000,0x0000008e29800000) (1024K)]
  0x000001aa55a30c80 JavaThread "Exec process"               daemon [_thread_blocked, id=17512, stack(0x0000008e29800000,0x0000008e29900000) (1024K)]
  0x000001aa71965f80 JavaThread "Exec process Thread 2"      daemon [_thread_blocked, id=7500, stack(0x0000008e29900000,0x0000008e29a00000) (1024K)]
  0x000001aa719658f0 JavaThread "Exec process Thread 3"      daemon [_thread_blocked, id=12900, stack(0x0000008e29a00000,0x0000008e29b00000) (1024K)]
  0x000001aa55c1d770 JavaThread "included builds"                   [_thread_blocked, id=16540, stack(0x0000008e2e600000,0x0000008e2e700000) (1024K)]
  0x000001aa55c20bf0 JavaThread "Cache worker for Java compile cache (C:\Users\vuquo\.gradle\caches\8.14.4\javaCompile)"        [_thread_blocked, id=7092, stack(0x0000008e2f300000,0x0000008e2f400000) (1024K)]
  0x000001aa55c1d0e0 JavaThread "VFS cleanup"                       [_thread_blocked, id=12324, stack(0x0000008e24300000,0x0000008e24400000) (1024K)]
  0x000001aa55c1eb20 JavaThread "Handler for socket connection from /127.0.0.1:59766 to /127.0.0.1:55161"        [_thread_in_native, id=2180, stack(0x0000008e23200000,0x0000008e23300000) (1024K)]
  0x000001aa55c1de00 JavaThread "Cancel handler"                    [_thread_blocked, id=13080, stack(0x0000008e24000000,0x0000008e24100000) (1024K)]
  0x000001aa55c1e490 JavaThread "Asynchronous log dispatcher for DefaultDaemonConnection: socket connection from /127.0.0.1:59766 to /127.0.0.1:55161"        [_thread_blocked, id=144, stack(0x0000008e24100000,0x0000008e24200000) (1024K)]
  0x000001aa55c1f1b0 JavaThread "Stdin handler"                     [_thread_blocked, id=9840, stack(0x0000008e24400000,0x0000008e24500000) (1024K)]
  0x000001aa55c20560 JavaThread "Daemon client event forwarder"        [_thread_blocked, id=16840, stack(0x0000008e24500000,0x0000008e24600000) (1024K)]
  0x000001aa55c1f840 JavaThread "Cache worker for file hash cache (D:\codegym\module-4\MobileHub\BE\.gradle\8.14.4\fileHashes)"        [_thread_blocked, id=3564, stack(0x0000008e24c00000,0x0000008e24d00000) (1024K)]
  0x000001aa55c21910 JavaThread "Cache worker for Build Output Cleanup Cache (D:\codegym\module-4\MobileHub\BE\.gradle\buildOutputCleanup)"        [_thread_blocked, id=13148, stack(0x0000008e24d00000,0x0000008e24e00000) (1024K)]
  0x000001aa55c21fa0 JavaThread "Cache worker for checksums cache (D:\codegym\module-4\MobileHub\BE\.gradle\8.14.4\checksums)"        [_thread_blocked, id=1296, stack(0x0000008e25200000,0x0000008e25300000) (1024K)]
  0x000001aa55c22630 JavaThread "Cache worker for cache directory md-supplier (C:\Users\vuquo\.gradle\caches\8.14.4\md-supplier)"        [_thread_blocked, id=14200, stack(0x0000008e25500000,0x0000008e25600000) (1024K)]
  0x000001aa55c22cc0 JavaThread "Cache worker for cache directory md-rule (C:\Users\vuquo\.gradle\caches\8.14.4\md-rule)"        [_thread_blocked, id=6300, stack(0x0000008e25600000,0x0000008e25700000) (1024K)]
  0x000001aa55c23350 JavaThread "Unconstrained build operations"        [_thread_blocked, id=3728, stack(0x0000008e25700000,0x0000008e25800000) (1024K)]
  0x000001aa55c239e0 JavaThread "Unconstrained build operations Thread 2"        [_thread_blocked, id=5756, stack(0x0000008e25800000,0x0000008e25900000) (1024K)]
  0x000001aa55c1ca50 JavaThread "Unconstrained build operations Thread 3"        [_thread_blocked, id=17100, stack(0x0000008e25900000,0x0000008e25a00000) (1024K)]
  0x000001aa55c28210 JavaThread "Unconstrained build operations Thread 4"        [_thread_blocked, id=7424, stack(0x0000008e25a00000,0x0000008e25b00000) (1024K)]
Total: 66

Other Threads:
  0x000001aa55845e50 VMThread "VM Thread"                           [id=1680, stack(0x0000008e22700000,0x0000008e22800000) (1024K)]
  0x000001aa55834380 WatcherThread "VM Periodic Task Thread"        [id=1056, stack(0x0000008e22600000,0x0000008e22700000) (1024K)]
  0x000001aa3a557f00 WorkerThread "GC Thread#0"                     [id=13328, stack(0x0000008e22100000,0x0000008e22200000) (1024K)]
  0x000001aa6f0e55e0 WorkerThread "GC Thread#1"                     [id=18812, stack(0x0000008e23400000,0x0000008e23500000) (1024K)]
  0x000001aa6f0cbef0 WorkerThread "GC Thread#2"                     [id=17756, stack(0x0000008e23500000,0x0000008e23600000) (1024K)]
  0x000001aa6f0cc290 WorkerThread "GC Thread#3"                     [id=4024, stack(0x0000008e23600000,0x0000008e23700000) (1024K)]
  0x000001aa6f0cc630 WorkerThread "GC Thread#4"                     [id=14324, stack(0x0000008e23700000,0x0000008e23800000) (1024K)]
  0x000001aa6f01c0a0 WorkerThread "GC Thread#5"                     [id=4092, stack(0x0000008e23800000,0x0000008e23900000) (1024K)]
  0x000001aa7072c280 WorkerThread "GC Thread#6"                     [id=13680, stack(0x0000008e23a00000,0x0000008e23b00000) (1024K)]
  0x000001aa6fa295b0 WorkerThread "GC Thread#7"                     [id=4876, stack(0x0000008e23b00000,0x0000008e23c00000) (1024K)]
  0x000001aa6fa29950 WorkerThread "GC Thread#8"                     [id=4500, stack(0x0000008e23c00000,0x0000008e23d00000) (1024K)]
  0x000001aa70829f60 WorkerThread "GC Thread#9"                     [id=5668, stack(0x0000008e24900000,0x0000008e24a00000) (1024K)]
  0x000001aa3a55cd80 ConcurrentGCThread "G1 Main Marker"            [id=19212, stack(0x0000008e22200000,0x0000008e22300000) (1024K)]
  0x000001aa3a55d8d0 WorkerThread "G1 Conc#0"                       [id=2552, stack(0x0000008e22300000,0x0000008e22400000) (1024K)]
  0x000001aa7082a6a0 WorkerThread "G1 Conc#1"                       [id=17824, stack(0x0000008e24a00000,0x0000008e24b00000) (1024K)]
  0x000001aa7082aa40 WorkerThread "G1 Conc#2"                       [id=17892, stack(0x0000008e24b00000,0x0000008e24c00000) (1024K)]
  0x000001aa55707ab0 ConcurrentGCThread "G1 Refine#0"               [id=10964, stack(0x0000008e22400000,0x0000008e22500000) (1024K)]
  0x000001aa557082d0 ConcurrentGCThread "G1 Service"                [id=16156, stack(0x0000008e22500000,0x0000008e22600000) (1024K)]
Total: 18

Threads with active compile tasks:
C2 CompilerThread0  26655 12360 %     4       org.gradle.internal.logging.text.AbstractLineChoppingStyledTextOutput::doAppend @ 10 (43 bytes)
C1 CompilerThread0  26655 12482       3       org.gradle.api.internal.provider.Providers::of (21 bytes)
Total: 2

VM state: not at safepoint (normal execution)

VM Mutex/Monitor currently owned by a thread: None

Heap address: 0x00000000e0000000, size: 512 MB, Compressed Oops mode: 32-bit

CDS archive(s) mapped at: [0x000001aa56000000-0x000001aa56c80000-0x000001aa56c80000), size 13107200, SharedBaseAddress: 0x000001aa56000000, ArchiveRelocationMode: 1.
Compressed class space mapped at: 0x000001aa57000000-0x000001aa6b000000, reserved size: 335544320
Narrow klass base: 0x000001aa56000000, Narrow klass shift: 0, Narrow klass range: 0x100000000

GC Precious Log:
 CardTable entry size: 512
 Card Set container configuration: InlinePtr #cards 5 size 8 Array Of Cards #cards 12 size 40 Howl #buckets 4 coarsen threshold 1843 Howl Bitmap #cards 512 size 80 coarsen threshold 460 Card regions per heap region 1 cards per card region 2048
 CPUs: 12 total, 12 available
 Memory: 7913M
 Large Page Support: Disabled
 NUMA Support: Disabled
 Compressed Oops: Enabled (32-bit)
 Heap Region Size: 1M
 Heap Min Capacity: 256M
 Heap Initial Capacity: 256M
 Heap Max Capacity: 512M
 Pre-touch: Disabled
 Parallel Workers: 10
 Concurrent Workers: 3
 Concurrent Refinement Workers: 10
 Periodic GC: Disabled

Heap:
 garbage-first heap   total 262144K, used 178472K [0x00000000e0000000, 0x0000000100000000)
  region size 1024K, 116 young (118784K), 20 survivors (20480K)
 Metaspace       used 79048K, committed 81408K, reserved 458752K
  class space    used 11111K, committed 12288K, reserved 327680K

Heap Regions: E=young(eden), S=young(survivor), O=old, HS=humongous(starts), HC=humongous(continues), CS=collection set, F=free, TAMS=top-at-mark-start, PB=parsable bottom
|   0|0x00000000e0000000, 0x00000000e0100000, 0x00000000e0100000|100%|HS|  |TAMS 0x00000000e0000000| PB 0x00000000e0000000| Complete 
|   1|0x00000000e0100000, 0x00000000e0200000, 0x00000000e0200000|100%|HC|  |TAMS 0x00000000e0100000| PB 0x00000000e0100000| Complete 
|   2|0x00000000e0200000, 0x00000000e0300000, 0x00000000e0300000|100%|HC|  |TAMS 0x00000000e0200000| PB 0x00000000e0200000| Complete 
|   3|0x00000000e0300000, 0x00000000e0400000, 0x00000000e0400000|100%| O|  |TAMS 0x00000000e0300000| PB 0x00000000e0300000| Untracked 
|   4|0x00000000e0400000, 0x00000000e0500000, 0x00000000e0500000|100%| O|  |TAMS 0x00000000e0400000| PB 0x00000000e0400000| Untracked 
|   5|0x00000000e0500000, 0x00000000e0600000, 0x00000000e0600000|100%| O|  |TAMS 0x00000000e0500000| PB 0x00000000e0500000| Untracked 
|   6|0x00000000e0600000, 0x00000000e0700000, 0x00000000e0700000|100%|HS|  |TAMS 0x00000000e0600000| PB 0x00000000e0600000| Complete 
|   7|0x00000000e0700000, 0x00000000e0800000, 0x00000000e0800000|100%| O|  |TAMS 0x00000000e0700000| PB 0x00000000e0700000| Untracked 
|   8|0x00000000e0800000, 0x00000000e0900000, 0x00000000e0900000|100%| O|  |TAMS 0x00000000e0800000| PB 0x00000000e0800000| Untracked 
|   9|0x00000000e0900000, 0x00000000e0a00000, 0x00000000e0a00000|100%| O|  |TAMS 0x00000000e0900000| PB 0x00000000e0900000| Untracked 
|  10|0x00000000e0a00000, 0x00000000e0b00000, 0x00000000e0b00000|100%| O|  |TAMS 0x00000000e0a00000| PB 0x00000000e0a00000| Untracked 
|  11|0x00000000e0b00000, 0x00000000e0c00000, 0x00000000e0c00000|100%| O|  |TAMS 0x00000000e0b00000| PB 0x00000000e0b00000| Untracked 
|  12|0x00000000e0c00000, 0x00000000e0d00000, 0x00000000e0d00000|100%| O|  |TAMS 0x00000000e0c00000| PB 0x00000000e0c00000| Untracked 
|  13|0x00000000e0d00000, 0x00000000e0e00000, 0x00000000e0e00000|100%| O|  |TAMS 0x00000000e0d00000| PB 0x00000000e0d00000| Untracked 
|  14|0x00000000e0e00000, 0x00000000e0f00000, 0x00000000e0f00000|100%| O|  |TAMS 0x00000000e0e00000| PB 0x00000000e0e00000| Untracked 
|  15|0x00000000e0f00000, 0x00000000e1000000, 0x00000000e1000000|100%| O|  |TAMS 0x00000000e0f00000| PB 0x00000000e0f00000| Untracked 
|  16|0x00000000e1000000, 0x00000000e1100000, 0x00000000e1100000|100%| O|  |TAMS 0x00000000e1000000| PB 0x00000000e1000000| Untracked 
|  17|0x00000000e1100000, 0x00000000e1200000, 0x00000000e1200000|100%| O|  |TAMS 0x00000000e1100000| PB 0x00000000e1100000| Untracked 
|  18|0x00000000e1200000, 0x00000000e1300000, 0x00000000e1300000|100%| O|  |TAMS 0x00000000e1200000| PB 0x00000000e1200000| Untracked 
|  19|0x00000000e1300000, 0x00000000e1400000, 0x00000000e1400000|100%| O|  |TAMS 0x00000000e1300000| PB 0x00000000e1300000| Untracked 
|  20|0x00000000e1400000, 0x00000000e1500000, 0x00000000e1500000|100%| O|  |TAMS 0x00000000e1400000| PB 0x00000000e1400000| Untracked 
|  21|0x00000000e1500000, 0x00000000e1600000, 0x00000000e1600000|100%| O|  |TAMS 0x00000000e1500000| PB 0x00000000e1500000| Untracked 
|  22|0x00000000e1600000, 0x00000000e1700000, 0x00000000e1700000|100%| O|  |TAMS 0x00000000e1600000| PB 0x00000000e1600000| Untracked 
|  23|0x00000000e1700000, 0x00000000e1700000, 0x00000000e1800000|  0%| F|  |TAMS 0x00000000e1700000| PB 0x00000000e1700000| Untracked 
|  24|0x00000000e1800000, 0x00000000e1900000, 0x00000000e1900000|100%| O|  |TAMS 0x00000000e1800000| PB 0x00000000e1800000| Untracked 
|  25|0x00000000e1900000, 0x00000000e1a00000, 0x00000000e1a00000|100%| O|  |TAMS 0x00000000e1900000| PB 0x00000000e1900000| Untracked 
|  26|0x00000000e1a00000, 0x00000000e1b00000, 0x00000000e1b00000|100%| O|  |TAMS 0x00000000e1a00000| PB 0x00000000e1a00000| Untracked 
|  27|0x00000000e1b00000, 0x00000000e1c00000, 0x00000000e1c00000|100%| O|  |TAMS 0x00000000e1b00000| PB 0x00000000e1b00000| Untracked 
|  28|0x00000000e1c00000, 0x00000000e1d00000, 0x00000000e1d00000|100%| O|  |TAMS 0x00000000e1c00000| PB 0x00000000e1c00000| Untracked 
|  29|0x00000000e1d00000, 0x00000000e1e00000, 0x00000000e1e00000|100%| O|  |TAMS 0x00000000e1d00000| PB 0x00000000e1d00000| Untracked 
|  30|0x00000000e1e00000, 0x00000000e1f00000, 0x00000000e1f00000|100%| O|  |TAMS 0x00000000e1e00000| PB 0x00000000e1e00000| Untracked 
|  31|0x00000000e1f00000, 0x00000000e2000000, 0x00000000e2000000|100%| O|  |TAMS 0x00000000e1f00000| PB 0x00000000e1f00000| Untracked 
|  32|0x00000000e2000000, 0x00000000e2100000, 0x00000000e2100000|100%| O|  |TAMS 0x00000000e2000000| PB 0x00000000e2000000| Untracked 
|  33|0x00000000e2100000, 0x00000000e2200000, 0x00000000e2200000|100%| O|  |TAMS 0x00000000e2100000| PB 0x00000000e2100000| Untracked 
|  34|0x00000000e2200000, 0x00000000e2300000, 0x00000000e2300000|100%| O|  |TAMS 0x00000000e2200000| PB 0x00000000e2200000| Untracked 
|  35|0x00000000e2300000, 0x00000000e2400000, 0x00000000e2400000|100%| O|  |TAMS 0x00000000e2300000| PB 0x00000000e2300000| Untracked 
|  36|0x00000000e2400000, 0x00000000e2500000, 0x00000000e2500000|100%| O|  |TAMS 0x00000000e2400000| PB 0x00000000e2400000| Untracked 
|  37|0x00000000e2500000, 0x00000000e2600000, 0x00000000e2600000|100%| O|  |TAMS 0x00000000e2500000| PB 0x00000000e2500000| Untracked 
|  38|0x00000000e2600000, 0x00000000e2700000, 0x00000000e2700000|100%| O|  |TAMS 0x00000000e2600000| PB 0x00000000e2600000| Untracked 
|  39|0x00000000e2700000, 0x00000000e2800000, 0x00000000e2800000|100%| O|  |TAMS 0x00000000e2700000| PB 0x00000000e2700000| Untracked 
|  40|0x00000000e2800000, 0x00000000e2800000, 0x00000000e2900000|  0%| F|  |TAMS 0x00000000e2800000| PB 0x00000000e2800000| Untracked 
|  41|0x00000000e2900000, 0x00000000e2a00000, 0x00000000e2a00000|100%|HS|  |TAMS 0x00000000e2900000| PB 0x00000000e2900000| Complete 
|  42|0x00000000e2a00000, 0x00000000e2b00000, 0x00000000e2b00000|100%| O|  |TAMS 0x00000000e2a00000| PB 0x00000000e2a00000| Untracked 
|  43|0x00000000e2b00000, 0x00000000e2c00000, 0x00000000e2c00000|100%| O|  |TAMS 0x00000000e2b00000| PB 0x00000000e2b00000| Untracked 
|  44|0x00000000e2c00000, 0x00000000e2d00000, 0x00000000e2d00000|100%| O|  |TAMS 0x00000000e2c00000| PB 0x00000000e2c00000| Untracked 
|  45|0x00000000e2d00000, 0x00000000e2e00000, 0x00000000e2e00000|100%| O|  |TAMS 0x00000000e2d00000| PB 0x00000000e2d00000| Untracked 
|  46|0x00000000e2e00000, 0x00000000e2f00000, 0x00000000e2f00000|100%| O|  |TAMS 0x00000000e2e00000| PB 0x00000000e2e00000| Untracked 
|  47|0x00000000e2f00000, 0x00000000e3000000, 0x00000000e3000000|100%| O|  |TAMS 0x00000000e2f00000| PB 0x00000000e2f00000| Untracked 
|  48|0x00000000e3000000, 0x00000000e3100000, 0x00000000e3100000|100%| O|  |TAMS 0x00000000e3000000| PB 0x00000000e3000000| Untracked 
|  49|0x00000000e3100000, 0x00000000e3200000, 0x00000000e3200000|100%| O|  |TAMS 0x00000000e3100000| PB 0x00000000e3100000| Untracked 
|  50|0x00000000e3200000, 0x00000000e3300000, 0x00000000e3300000|100%| O|  |TAMS 0x00000000e3200000| PB 0x00000000e3200000| Untracked 
|  51|0x00000000e3300000, 0x00000000e3400000, 0x00000000e3400000|100%| O|  |TAMS 0x00000000e3300000| PB 0x00000000e3300000| Untracked 
|  52|0x00000000e3400000, 0x00000000e3500000, 0x00000000e3500000|100%| O|  |TAMS 0x00000000e3400000| PB 0x00000000e3400000| Untracked 
|  53|0x00000000e3500000, 0x00000000e3600000, 0x00000000e3600000|100%| O|  |TAMS 0x00000000e3500000| PB 0x00000000e3500000| Untracked 
|  54|0x00000000e3600000, 0x00000000e3700000, 0x00000000e3700000|100%| O|  |TAMS 0x00000000e3600000| PB 0x00000000e3600000| Untracked 
|  55|0x00000000e3700000, 0x00000000e3800000, 0x00000000e3800000|100%| O|  |TAMS 0x00000000e3700000| PB 0x00000000e3700000| Untracked 
|  56|0x00000000e3800000, 0x00000000e3900000, 0x00000000e3900000|100%| O|  |TAMS 0x00000000e3800000| PB 0x00000000e3800000| Untracked 
|  57|0x00000000e3900000, 0x00000000e3a00000, 0x00000000e3a00000|100%| O|  |TAMS 0x00000000e3900000| PB 0x00000000e3900000| Untracked 
|  58|0x00000000e3a00000, 0x00000000e3b00000, 0x00000000e3b00000|100%| O|  |TAMS 0x00000000e3a00000| PB 0x00000000e3a00000| Untracked 
|  59|0x00000000e3b00000, 0x00000000e3c00000, 0x00000000e3c00000|100%| O|  |TAMS 0x00000000e3b00000| PB 0x00000000e3b00000| Untracked 
|  60|0x00000000e3c00000, 0x00000000e3d00000, 0x00000000e3d00000|100%| O|  |TAMS 0x00000000e3c00000| PB 0x00000000e3c00000| Untracked 
|  61|0x00000000e3d00000, 0x00000000e3e00000, 0x00000000e3e00000|100%| O|  |TAMS 0x00000000e3d00000| PB 0x00000000e3d00000| Untracked 
|  62|0x00000000e3e00000, 0x00000000e3e4a010, 0x00000000e3f00000| 28%| O|  |TAMS 0x00000000e3e00000| PB 0x00000000e3e00000| Untracked 
|  63|0x00000000e3f00000, 0x00000000e3f00000, 0x00000000e4000000|  0%| F|  |TAMS 0x00000000e3f00000| PB 0x00000000e3f00000| Untracked 
|  64|0x00000000e4000000, 0x00000000e4000000, 0x00000000e4100000|  0%| F|  |TAMS 0x00000000e4000000| PB 0x00000000e4000000| Untracked 
|  65|0x00000000e4100000, 0x00000000e4100000, 0x00000000e4200000|  0%| F|  |TAMS 0x00000000e4100000| PB 0x00000000e4100000| Untracked 
|  66|0x00000000e4200000, 0x00000000e4200000, 0x00000000e4300000|  0%| F|  |TAMS 0x00000000e4200000| PB 0x00000000e4200000| Untracked 
|  67|0x00000000e4300000, 0x00000000e4300000, 0x00000000e4400000|  0%| F|  |TAMS 0x00000000e4300000| PB 0x00000000e4300000| Untracked 
|  68|0x00000000e4400000, 0x00000000e4400000, 0x00000000e4500000|  0%| F|  |TAMS 0x00000000e4400000| PB 0x00000000e4400000| Untracked 
|  69|0x00000000e4500000, 0x00000000e4500000, 0x00000000e4600000|  0%| F|  |TAMS 0x00000000e4500000| PB 0x00000000e4500000| Untracked 
|  70|0x00000000e4600000, 0x00000000e4600000, 0x00000000e4700000|  0%| F|  |TAMS 0x00000000e4600000| PB 0x00000000e4600000| Untracked 
|  71|0x00000000e4700000, 0x00000000e4700000, 0x00000000e4800000|  0%| F|  |TAMS 0x00000000e4700000| PB 0x00000000e4700000| Untracked 
|  72|0x00000000e4800000, 0x00000000e4800000, 0x00000000e4900000|  0%| F|  |TAMS 0x00000000e4800000| PB 0x00000000e4800000| Untracked 
|  73|0x00000000e4900000, 0x00000000e4900000, 0x00000000e4a00000|  0%| F|  |TAMS 0x00000000e4900000| PB 0x00000000e4900000| Untracked 
|  74|0x00000000e4a00000, 0x00000000e4a00000, 0x00000000e4b00000|  0%| F|  |TAMS 0x00000000e4a00000| PB 0x00000000e4a00000| Untracked 
|  75|0x00000000e4b00000, 0x00000000e4b00000, 0x00000000e4c00000|  0%| F|  |TAMS 0x00000000e4b00000| PB 0x00000000e4b00000| Untracked 
|  76|0x00000000e4c00000, 0x00000000e4c00000, 0x00000000e4d00000|  0%| F|  |TAMS 0x00000000e4c00000| PB 0x00000000e4c00000| Untracked 
|  77|0x00000000e4d00000, 0x00000000e4d00000, 0x00000000e4e00000|  0%| F|  |TAMS 0x00000000e4d00000| PB 0x00000000e4d00000| Untracked 
|  78|0x00000000e4e00000, 0x00000000e4e00000, 0x00000000e4f00000|  0%| F|  |TAMS 0x00000000e4e00000| PB 0x00000000e4e00000| Untracked 
|  79|0x00000000e4f00000, 0x00000000e4f00000, 0x00000000e5000000|  0%| F|  |TAMS 0x00000000e4f00000| PB 0x00000000e4f00000| Untracked 
|  80|0x00000000e5000000, 0x00000000e5000000, 0x00000000e5100000|  0%| F|  |TAMS 0x00000000e5000000| PB 0x00000000e5000000| Untracked 
|  81|0x00000000e5100000, 0x00000000e5100000, 0x00000000e5200000|  0%| F|  |TAMS 0x00000000e5100000| PB 0x00000000e5100000| Untracked 
|  82|0x00000000e5200000, 0x00000000e5200000, 0x00000000e5300000|  0%| F|  |TAMS 0x00000000e5200000| PB 0x00000000e5200000| Untracked 
|  83|0x00000000e5300000, 0x00000000e5400000, 0x00000000e5400000|100%| S|CS|TAMS 0x00000000e5300000| PB 0x00000000e5300000| Complete 
|  84|0x00000000e5400000, 0x00000000e5500000, 0x00000000e5500000|100%| S|CS|TAMS 0x00000000e5400000| PB 0x00000000e5400000| Complete 
|  85|0x00000000e5500000, 0x00000000e5600000, 0x00000000e5600000|100%| S|CS|TAMS 0x00000000e5500000| PB 0x00000000e5500000| Complete 
|  86|0x00000000e5600000, 0x00000000e5700000, 0x00000000e5700000|100%| S|CS|TAMS 0x00000000e5600000| PB 0x00000000e5600000| Complete 
|  87|0x00000000e5700000, 0x00000000e5700000, 0x00000000e5800000|  0%| F|  |TAMS 0x00000000e5700000| PB 0x00000000e5700000| Untracked 
|  88|0x00000000e5800000, 0x00000000e5800000, 0x00000000e5900000|  0%| F|  |TAMS 0x00000000e5800000| PB 0x00000000e5800000| Untracked 
|  89|0x00000000e5900000, 0x00000000e5900000, 0x00000000e5a00000|  0%| F|  |TAMS 0x00000000e5900000| PB 0x00000000e5900000| Untracked 
|  90|0x00000000e5a00000, 0x00000000e5a00000, 0x00000000e5b00000|  0%| F|  |TAMS 0x00000000e5a00000| PB 0x00000000e5a00000| Untracked 
|  91|0x00000000e5b00000, 0x00000000e5b00000, 0x00000000e5c00000|  0%| F|  |TAMS 0x00000000e5b00000| PB 0x00000000e5b00000| Untracked 
|  92|0x00000000e5c00000, 0x00000000e5c00000, 0x00000000e5d00000|  0%| F|  |TAMS 0x00000000e5c00000| PB 0x00000000e5c00000| Untracked 
|  93|0x00000000e5d00000, 0x00000000e5d00000, 0x00000000e5e00000|  0%| F|  |TAMS 0x00000000e5d00000| PB 0x00000000e5d00000| Untracked 
|  94|0x00000000e5e00000, 0x00000000e5e00000, 0x00000000e5f00000|  0%| F|  |TAMS 0x00000000e5e00000| PB 0x00000000e5e00000| Untracked 
|  95|0x00000000e5f00000, 0x00000000e5f00000, 0x00000000e6000000|  0%| F|  |TAMS 0x00000000e5f00000| PB 0x00000000e5f00000| Untracked 
|  96|0x00000000e6000000, 0x00000000e6000000, 0x00000000e6100000|  0%| F|  |TAMS 0x00000000e6000000| PB 0x00000000e6000000| Untracked 
|  97|0x00000000e6100000, 0x00000000e6100000, 0x00000000e6200000|  0%| F|  |TAMS 0x00000000e6100000| PB 0x00000000e6100000| Untracked 
|  98|0x00000000e6200000, 0x00000000e6200000, 0x00000000e6300000|  0%| F|  |TAMS 0x00000000e6200000| PB 0x00000000e6200000| Untracked 
|  99|0x00000000e6300000, 0x00000000e6300000, 0x00000000e6400000|  0%| F|  |TAMS 0x00000000e6300000| PB 0x00000000e6300000| Untracked 
| 100|0x00000000e6400000, 0x00000000e6400000, 0x00000000e6500000|  0%| F|  |TAMS 0x00000000e6400000| PB 0x00000000e6400000| Untracked 
| 101|0x00000000e6500000, 0x00000000e6500000, 0x00000000e6600000|  0%| F|  |TAMS 0x00000000e6500000| PB 0x00000000e6500000| Untracked 
| 102|0x00000000e6600000, 0x00000000e6600000, 0x00000000e6700000|  0%| F|  |TAMS 0x00000000e6600000| PB 0x00000000e6600000| Untracked 
| 103|0x00000000e6700000, 0x00000000e6800000, 0x00000000e6800000|100%| S|CS|TAMS 0x00000000e6700000| PB 0x00000000e6700000| Complete 
| 104|0x00000000e6800000, 0x00000000e6900000, 0x00000000e6900000|100%| S|CS|TAMS 0x00000000e6800000| PB 0x00000000e6800000| Complete 
| 105|0x00000000e6900000, 0x00000000e6a00000, 0x00000000e6a00000|100%| S|CS|TAMS 0x00000000e6900000| PB 0x00000000e6900000| Complete 
| 106|0x00000000e6a00000, 0x00000000e6b00000, 0x00000000e6b00000|100%| S|CS|TAMS 0x00000000e6a00000| PB 0x00000000e6a00000| Complete 
| 107|0x00000000e6b00000, 0x00000000e6c00000, 0x00000000e6c00000|100%| S|CS|TAMS 0x00000000e6b00000| PB 0x00000000e6b00000| Complete 
| 108|0x00000000e6c00000, 0x00000000e6d00000, 0x00000000e6d00000|100%| S|CS|TAMS 0x00000000e6c00000| PB 0x00000000e6c00000| Complete 
| 109|0x00000000e6d00000, 0x00000000e6e00000, 0x00000000e6e00000|100%| S|CS|TAMS 0x00000000e6d00000| PB 0x00000000e6d00000| Complete 
| 110|0x00000000e6e00000, 0x00000000e6f00000, 0x00000000e6f00000|100%| S|CS|TAMS 0x00000000e6e00000| PB 0x00000000e6e00000| Complete 
| 111|0x00000000e6f00000, 0x00000000e7000000, 0x00000000e7000000|100%| S|CS|TAMS 0x00000000e6f00000| PB 0x00000000e6f00000| Complete 
| 112|0x00000000e7000000, 0x00000000e7100000, 0x00000000e7100000|100%| S|CS|TAMS 0x00000000e7000000| PB 0x00000000e7000000| Complete 
| 113|0x00000000e7100000, 0x00000000e7200000, 0x00000000e7200000|100%| S|CS|TAMS 0x00000000e7100000| PB 0x00000000e7100000| Complete 
| 114|0x00000000e7200000, 0x00000000e7300000, 0x00000000e7300000|100%| S|CS|TAMS 0x00000000e7200000| PB 0x00000000e7200000| Complete 
| 115|0x00000000e7300000, 0x00000000e7400000, 0x00000000e7400000|100%| S|CS|TAMS 0x00000000e7300000| PB 0x00000000e7300000| Complete 
| 116|0x00000000e7400000, 0x00000000e7500000, 0x00000000e7500000|100%| S|CS|TAMS 0x00000000e7400000| PB 0x00000000e7400000| Complete 
| 117|0x00000000e7500000, 0x00000000e7600000, 0x00000000e7600000|100%| S|CS|TAMS 0x00000000e7500000| PB 0x00000000e7500000| Complete 
| 118|0x00000000e7600000, 0x00000000e7700000, 0x00000000e7700000|100%| S|CS|TAMS 0x00000000e7600000| PB 0x00000000e7600000| Complete 
| 119|0x00000000e7700000, 0x00000000e7700000, 0x00000000e7800000|  0%| F|  |TAMS 0x00000000e7700000| PB 0x00000000e7700000| Untracked 
| 120|0x00000000e7800000, 0x00000000e7800000, 0x00000000e7900000|  0%| F|  |TAMS 0x00000000e7800000| PB 0x00000000e7800000| Untracked 
| 121|0x00000000e7900000, 0x00000000e7900000, 0x00000000e7a00000|  0%| F|  |TAMS 0x00000000e7900000| PB 0x00000000e7900000| Untracked 
| 122|0x00000000e7a00000, 0x00000000e7a00000, 0x00000000e7b00000|  0%| F|  |TAMS 0x00000000e7a00000| PB 0x00000000e7a00000| Untracked 
| 123|0x00000000e7b00000, 0x00000000e7b00000, 0x00000000e7c00000|  0%| F|  |TAMS 0x00000000e7b00000| PB 0x00000000e7b00000| Untracked 
| 124|0x00000000e7c00000, 0x00000000e7c00000, 0x00000000e7d00000|  0%| F|  |TAMS 0x00000000e7c00000| PB 0x00000000e7c00000| Untracked 
| 125|0x00000000e7d00000, 0x00000000e7d00000, 0x00000000e7e00000|  0%| F|  |TAMS 0x00000000e7d00000| PB 0x00000000e7d00000| Untracked 
| 126|0x00000000e7e00000, 0x00000000e7e00000, 0x00000000e7f00000|  0%| F|  |TAMS 0x00000000e7e00000| PB 0x00000000e7e00000| Untracked 
| 127|0x00000000e7f00000, 0x00000000e7f00000, 0x00000000e8000000|  0%| F|  |TAMS 0x00000000e7f00000| PB 0x00000000e7f00000| Untracked 
| 128|0x00000000e8000000, 0x00000000e8000000, 0x00000000e8100000|  0%| F|  |TAMS 0x00000000e8000000| PB 0x00000000e8000000| Untracked 
| 129|0x00000000e8100000, 0x00000000e8100000, 0x00000000e8200000|  0%| F|  |TAMS 0x00000000e8100000| PB 0x00000000e8100000| Untracked 
| 130|0x00000000e8200000, 0x00000000e8200000, 0x00000000e8300000|  0%| F|  |TAMS 0x00000000e8200000| PB 0x00000000e8200000| Untracked 
| 131|0x00000000e8300000, 0x00000000e8300000, 0x00000000e8400000|  0%| F|  |TAMS 0x00000000e8300000| PB 0x00000000e8300000| Untracked 
| 132|0x00000000e8400000, 0x00000000e8400000, 0x00000000e8500000|  0%| F|  |TAMS 0x00000000e8400000| PB 0x00000000e8400000| Untracked 
| 133|0x00000000e8500000, 0x00000000e8500000, 0x00000000e8600000|  0%| F|  |TAMS 0x00000000e8500000| PB 0x00000000e8500000| Untracked 
| 134|0x00000000e8600000, 0x00000000e8600000, 0x00000000e8700000|  0%| F|  |TAMS 0x00000000e8600000| PB 0x00000000e8600000| Untracked 
| 135|0x00000000e8700000, 0x00000000e8700000, 0x00000000e8800000|  0%| F|  |TAMS 0x00000000e8700000| PB 0x00000000e8700000| Untracked 
| 136|0x00000000e8800000, 0x00000000e8800000, 0x00000000e8900000|  0%| F|  |TAMS 0x00000000e8800000| PB 0x00000000e8800000| Untracked 
| 137|0x00000000e8900000, 0x00000000e8900000, 0x00000000e8a00000|  0%| F|  |TAMS 0x00000000e8900000| PB 0x00000000e8900000| Untracked 
| 138|0x00000000e8a00000, 0x00000000e8a00000, 0x00000000e8b00000|  0%| F|  |TAMS 0x00000000e8a00000| PB 0x00000000e8a00000| Untracked 
| 139|0x00000000e8b00000, 0x00000000e8b00000, 0x00000000e8c00000|  0%| F|  |TAMS 0x00000000e8b00000| PB 0x00000000e8b00000| Untracked 
| 140|0x00000000e8c00000, 0x00000000e8c00000, 0x00000000e8d00000|  0%| F|  |TAMS 0x00000000e8c00000| PB 0x00000000e8c00000| Untracked 
| 141|0x00000000e8d00000, 0x00000000e8d00000, 0x00000000e8e00000|  0%| F|  |TAMS 0x00000000e8d00000| PB 0x00000000e8d00000| Untracked 
| 142|0x00000000e8e00000, 0x00000000e8e00000, 0x00000000e8f00000|  0%| F|  |TAMS 0x00000000e8e00000| PB 0x00000000e8e00000| Untracked 
| 143|0x00000000e8f00000, 0x00000000e8f00000, 0x00000000e9000000|  0%| F|  |TAMS 0x00000000e8f00000| PB 0x00000000e8f00000| Untracked 
| 144|0x00000000e9000000, 0x00000000e9000000, 0x00000000e9100000|  0%| F|  |TAMS 0x00000000e9000000| PB 0x00000000e9000000| Untracked 
| 145|0x00000000e9100000, 0x00000000e9100000, 0x00000000e9200000|  0%| F|  |TAMS 0x00000000e9100000| PB 0x00000000e9100000| Untracked 
| 146|0x00000000e9200000, 0x00000000e9200000, 0x00000000e9300000|  0%| F|  |TAMS 0x00000000e9200000| PB 0x00000000e9200000| Untracked 
| 147|0x00000000e9300000, 0x00000000e9300000, 0x00000000e9400000|  0%| F|  |TAMS 0x00000000e9300000| PB 0x00000000e9300000| Untracked 
| 148|0x00000000e9400000, 0x00000000e9400000, 0x00000000e9500000|  0%| F|  |TAMS 0x00000000e9400000| PB 0x00000000e9400000| Untracked 
| 149|0x00000000e9500000, 0x00000000e9500000, 0x00000000e9600000|  0%| F|  |TAMS 0x00000000e9500000| PB 0x00000000e9500000| Untracked 
| 150|0x00000000e9600000, 0x00000000e9600000, 0x00000000e9700000|  0%| F|  |TAMS 0x00000000e9600000| PB 0x00000000e9600000| Untracked 
| 151|0x00000000e9700000, 0x00000000e9700000, 0x00000000e9800000|  0%| F|  |TAMS 0x00000000e9700000| PB 0x00000000e9700000| Untracked 
| 152|0x00000000e9800000, 0x00000000e9800000, 0x00000000e9900000|  0%| F|  |TAMS 0x00000000e9800000| PB 0x00000000e9800000| Untracked 
| 153|0x00000000e9900000, 0x00000000e9900000, 0x00000000e9a00000|  0%| F|  |TAMS 0x00000000e9900000| PB 0x00000000e9900000| Untracked 
| 154|0x00000000e9a00000, 0x00000000e9a00000, 0x00000000e9b00000|  0%| F|  |TAMS 0x00000000e9a00000| PB 0x00000000e9a00000| Untracked 
| 155|0x00000000e9b00000, 0x00000000e9b00000, 0x00000000e9c00000|  0%| F|  |TAMS 0x00000000e9b00000| PB 0x00000000e9b00000| Untracked 
| 156|0x00000000e9c00000, 0x00000000e9c00000, 0x00000000e9d00000|  0%| F|  |TAMS 0x00000000e9c00000| PB 0x00000000e9c00000| Untracked 
| 157|0x00000000e9d00000, 0x00000000e9d00000, 0x00000000e9e00000|  0%| F|  |TAMS 0x00000000e9d00000| PB 0x00000000e9d00000| Untracked 
| 158|0x00000000e9e00000, 0x00000000e9e00000, 0x00000000e9f00000|  0%| F|  |TAMS 0x00000000e9e00000| PB 0x00000000e9e00000| Untracked 
| 159|0x00000000e9f00000, 0x00000000e9f00000, 0x00000000ea000000|  0%| F|  |TAMS 0x00000000e9f00000| PB 0x00000000e9f00000| Untracked 
| 160|0x00000000ea000000, 0x00000000ea0e8ed0, 0x00000000ea100000| 90%| E|  |TAMS 0x00000000ea000000| PB 0x00000000ea000000| Complete 
| 161|0x00000000ea100000, 0x00000000ea200000, 0x00000000ea200000|100%| E|CS|TAMS 0x00000000ea100000| PB 0x00000000ea100000| Complete 
| 162|0x00000000ea200000, 0x00000000ea300000, 0x00000000ea300000|100%| E|CS|TAMS 0x00000000ea200000| PB 0x00000000ea200000| Complete 
| 163|0x00000000ea300000, 0x00000000ea400000, 0x00000000ea400000|100%| E|CS|TAMS 0x00000000ea300000| PB 0x00000000ea300000| Complete 
| 164|0x00000000ea400000, 0x00000000ea500000, 0x00000000ea500000|100%| E|CS|TAMS 0x00000000ea400000| PB 0x00000000ea400000| Complete 
| 165|0x00000000ea500000, 0x00000000ea600000, 0x00000000ea600000|100%| E|CS|TAMS 0x00000000ea500000| PB 0x00000000ea500000| Complete 
| 166|0x00000000ea600000, 0x00000000ea700000, 0x00000000ea700000|100%| E|CS|TAMS 0x00000000ea600000| PB 0x00000000ea600000| Complete 
| 167|0x00000000ea700000, 0x00000000ea800000, 0x00000000ea800000|100%| E|CS|TAMS 0x00000000ea700000| PB 0x00000000ea700000| Complete 
| 168|0x00000000ea800000, 0x00000000ea900000, 0x00000000ea900000|100%| E|CS|TAMS 0x00000000ea800000| PB 0x00000000ea800000| Complete 
| 169|0x00000000ea900000, 0x00000000eaa00000, 0x00000000eaa00000|100%| E|CS|TAMS 0x00000000ea900000| PB 0x00000000ea900000| Complete 
| 170|0x00000000eaa00000, 0x00000000eab00000, 0x00000000eab00000|100%| E|CS|TAMS 0x00000000eaa00000| PB 0x00000000eaa00000| Complete 
| 171|0x00000000eab00000, 0x00000000eac00000, 0x00000000eac00000|100%| E|CS|TAMS 0x00000000eab00000| PB 0x00000000eab00000| Complete 
| 172|0x00000000eac00000, 0x00000000ead00000, 0x00000000ead00000|100%| E|CS|TAMS 0x00000000eac00000| PB 0x00000000eac00000| Complete 
| 173|0x00000000ead00000, 0x00000000eae00000, 0x00000000eae00000|100%| E|CS|TAMS 0x00000000ead00000| PB 0x00000000ead00000| Complete 
| 174|0x00000000eae00000, 0x00000000eaf00000, 0x00000000eaf00000|100%| E|CS|TAMS 0x00000000eae00000| PB 0x00000000eae00000| Complete 
| 175|0x00000000eaf00000, 0x00000000eb000000, 0x00000000eb000000|100%| E|CS|TAMS 0x00000000eaf00000| PB 0x00000000eaf00000| Complete 
| 176|0x00000000eb000000, 0x00000000eb100000, 0x00000000eb100000|100%| E|CS|TAMS 0x00000000eb000000| PB 0x00000000eb000000| Complete 
| 177|0x00000000eb100000, 0x00000000eb200000, 0x00000000eb200000|100%| E|CS|TAMS 0x00000000eb100000| PB 0x00000000eb100000| Complete 
| 178|0x00000000eb200000, 0x00000000eb300000, 0x00000000eb300000|100%| E|CS|TAMS 0x00000000eb200000| PB 0x00000000eb200000| Complete 
| 179|0x00000000eb300000, 0x00000000eb400000, 0x00000000eb400000|100%| E|CS|TAMS 0x00000000eb300000| PB 0x00000000eb300000| Complete 
| 180|0x00000000eb400000, 0x00000000eb500000, 0x00000000eb500000|100%| E|CS|TAMS 0x00000000eb400000| PB 0x00000000eb400000| Complete 
| 181|0x00000000eb500000, 0x00000000eb600000, 0x00000000eb600000|100%| E|CS|TAMS 0x00000000eb500000| PB 0x00000000eb500000| Complete 
| 182|0x00000000eb600000, 0x00000000eb700000, 0x00000000eb700000|100%| E|CS|TAMS 0x00000000eb600000| PB 0x00000000eb600000| Complete 
| 183|0x00000000eb700000, 0x00000000eb800000, 0x00000000eb800000|100%| E|CS|TAMS 0x00000000eb700000| PB 0x00000000eb700000| Complete 
| 184|0x00000000eb800000, 0x00000000eb900000, 0x00000000eb900000|100%| E|CS|TAMS 0x00000000eb800000| PB 0x00000000eb800000| Complete 
| 185|0x00000000eb900000, 0x00000000eba00000, 0x00000000eba00000|100%| E|CS|TAMS 0x00000000eb900000| PB 0x00000000eb900000| Complete 
| 186|0x00000000eba00000, 0x00000000ebb00000, 0x00000000ebb00000|100%| E|CS|TAMS 0x00000000eba00000| PB 0x00000000eba00000| Complete 
| 187|0x00000000ebb00000, 0x00000000ebc00000, 0x00000000ebc00000|100%| E|CS|TAMS 0x00000000ebb00000| PB 0x00000000ebb00000| Complete 
| 188|0x00000000ebc00000, 0x00000000ebd00000, 0x00000000ebd00000|100%| E|CS|TAMS 0x00000000ebc00000| PB 0x00000000ebc00000| Complete 
| 189|0x00000000ebd00000, 0x00000000ebe00000, 0x00000000ebe00000|100%| E|CS|TAMS 0x00000000ebd00000| PB 0x00000000ebd00000| Complete 
| 190|0x00000000ebe00000, 0x00000000ebf00000, 0x00000000ebf00000|100%| E|CS|TAMS 0x00000000ebe00000| PB 0x00000000ebe00000| Complete 
| 191|0x00000000ebf00000, 0x00000000ec000000, 0x00000000ec000000|100%| E|CS|TAMS 0x00000000ebf00000| PB 0x00000000ebf00000| Complete 
| 192|0x00000000ec000000, 0x00000000ec100000, 0x00000000ec100000|100%| E|CS|TAMS 0x00000000ec000000| PB 0x00000000ec000000| Complete 
| 193|0x00000000ec100000, 0x00000000ec200000, 0x00000000ec200000|100%| E|CS|TAMS 0x00000000ec100000| PB 0x00000000ec100000| Complete 
| 194|0x00000000ec200000, 0x00000000ec300000, 0x00000000ec300000|100%| E|CS|TAMS 0x00000000ec200000| PB 0x00000000ec200000| Complete 
| 195|0x00000000ec300000, 0x00000000ec400000, 0x00000000ec400000|100%| E|CS|TAMS 0x00000000ec300000| PB 0x00000000ec300000| Complete 
| 196|0x00000000ec400000, 0x00000000ec500000, 0x00000000ec500000|100%| E|CS|TAMS 0x00000000ec400000| PB 0x00000000ec400000| Complete 
| 197|0x00000000ec500000, 0x00000000ec600000, 0x00000000ec600000|100%| E|CS|TAMS 0x00000000ec500000| PB 0x00000000ec500000| Complete 
| 198|0x00000000ec600000, 0x00000000ec700000, 0x00000000ec700000|100%| E|CS|TAMS 0x00000000ec600000| PB 0x00000000ec600000| Complete 
| 199|0x00000000ec700000, 0x00000000ec800000, 0x00000000ec800000|100%| E|CS|TAMS 0x00000000ec700000| PB 0x00000000ec700000| Complete 
| 200|0x00000000ec800000, 0x00000000ec900000, 0x00000000ec900000|100%| E|CS|TAMS 0x00000000ec800000| PB 0x00000000ec800000| Complete 
| 201|0x00000000ec900000, 0x00000000eca00000, 0x00000000eca00000|100%| E|CS|TAMS 0x00000000ec900000| PB 0x00000000ec900000| Complete 
| 202|0x00000000eca00000, 0x00000000ecb00000, 0x00000000ecb00000|100%| E|CS|TAMS 0x00000000eca00000| PB 0x00000000eca00000| Complete 
| 203|0x00000000ecb00000, 0x00000000ecc00000, 0x00000000ecc00000|100%| E|CS|TAMS 0x00000000ecb00000| PB 0x00000000ecb00000| Complete 
| 204|0x00000000ecc00000, 0x00000000ecd00000, 0x00000000ecd00000|100%| E|CS|TAMS 0x00000000ecc00000| PB 0x00000000ecc00000| Complete 
| 205|0x00000000ecd00000, 0x00000000ece00000, 0x00000000ece00000|100%| E|CS|TAMS 0x00000000ecd00000| PB 0x00000000ecd00000| Complete 
| 206|0x00000000ece00000, 0x00000000ecf00000, 0x00000000ecf00000|100%| E|CS|TAMS 0x00000000ece00000| PB 0x00000000ece00000| Complete 
| 207|0x00000000ecf00000, 0x00000000ed000000, 0x00000000ed000000|100%| E|CS|TAMS 0x00000000ecf00000| PB 0x00000000ecf00000| Complete 
| 208|0x00000000ed000000, 0x00000000ed100000, 0x00000000ed100000|100%| E|CS|TAMS 0x00000000ed000000| PB 0x00000000ed000000| Complete 
| 209|0x00000000ed100000, 0x00000000ed200000, 0x00000000ed200000|100%| E|CS|TAMS 0x00000000ed100000| PB 0x00000000ed100000| Complete 
| 210|0x00000000ed200000, 0x00000000ed300000, 0x00000000ed300000|100%| E|CS|TAMS 0x00000000ed200000| PB 0x00000000ed200000| Complete 
| 211|0x00000000ed300000, 0x00000000ed400000, 0x00000000ed400000|100%| E|CS|TAMS 0x00000000ed300000| PB 0x00000000ed300000| Complete 
| 212|0x00000000ed400000, 0x00000000ed500000, 0x00000000ed500000|100%| E|CS|TAMS 0x00000000ed400000| PB 0x00000000ed400000| Complete 
| 213|0x00000000ed500000, 0x00000000ed600000, 0x00000000ed600000|100%| E|CS|TAMS 0x00000000ed500000| PB 0x00000000ed500000| Complete 
| 214|0x00000000ed600000, 0x00000000ed700000, 0x00000000ed700000|100%| E|CS|TAMS 0x00000000ed600000| PB 0x00000000ed600000| Complete 
| 215|0x00000000ed700000, 0x00000000ed800000, 0x00000000ed800000|100%| E|CS|TAMS 0x00000000ed700000| PB 0x00000000ed700000| Complete 
| 216|0x00000000ed800000, 0x00000000ed900000, 0x00000000ed900000|100%| E|CS|TAMS 0x00000000ed800000| PB 0x00000000ed800000| Complete 
| 217|0x00000000ed900000, 0x00000000eda00000, 0x00000000eda00000|100%| E|CS|TAMS 0x00000000ed900000| PB 0x00000000ed900000| Complete 
| 218|0x00000000eda00000, 0x00000000edb00000, 0x00000000edb00000|100%| E|CS|TAMS 0x00000000eda00000| PB 0x00000000eda00000| Complete 
| 219|0x00000000edb00000, 0x00000000edc00000, 0x00000000edc00000|100%| E|CS|TAMS 0x00000000edb00000| PB 0x00000000edb00000| Complete 
| 220|0x00000000edc00000, 0x00000000edd00000, 0x00000000edd00000|100%| E|CS|TAMS 0x00000000edc00000| PB 0x00000000edc00000| Complete 
| 221|0x00000000edd00000, 0x00000000ede00000, 0x00000000ede00000|100%| E|CS|TAMS 0x00000000edd00000| PB 0x00000000edd00000| Complete 
| 222|0x00000000ede00000, 0x00000000edf00000, 0x00000000edf00000|100%| E|CS|TAMS 0x00000000ede00000| PB 0x00000000ede00000| Complete 
| 223|0x00000000edf00000, 0x00000000ee000000, 0x00000000ee000000|100%| E|CS|TAMS 0x00000000edf00000| PB 0x00000000edf00000| Complete 
| 224|0x00000000ee000000, 0x00000000ee100000, 0x00000000ee100000|100%| E|CS|TAMS 0x00000000ee000000| PB 0x00000000ee000000| Complete 
| 225|0x00000000ee100000, 0x00000000ee200000, 0x00000000ee200000|100%| E|CS|TAMS 0x00000000ee100000| PB 0x00000000ee100000| Complete 
| 226|0x00000000ee200000, 0x00000000ee300000, 0x00000000ee300000|100%| E|CS|TAMS 0x00000000ee200000| PB 0x00000000ee200000| Complete 
| 227|0x00000000ee300000, 0x00000000ee400000, 0x00000000ee400000|100%| E|CS|TAMS 0x00000000ee300000| PB 0x00000000ee300000| Complete 
| 228|0x00000000ee400000, 0x00000000ee500000, 0x00000000ee500000|100%| E|CS|TAMS 0x00000000ee400000| PB 0x00000000ee400000| Complete 
| 229|0x00000000ee500000, 0x00000000ee600000, 0x00000000ee600000|100%| E|CS|TAMS 0x00000000ee500000| PB 0x00000000ee500000| Complete 
| 230|0x00000000ee600000, 0x00000000ee700000, 0x00000000ee700000|100%| E|CS|TAMS 0x00000000ee600000| PB 0x00000000ee600000| Complete 
| 231|0x00000000ee700000, 0x00000000ee800000, 0x00000000ee800000|100%| E|CS|TAMS 0x00000000ee700000| PB 0x00000000ee700000| Complete 
| 232|0x00000000ee800000, 0x00000000ee900000, 0x00000000ee900000|100%| E|CS|TAMS 0x00000000ee800000| PB 0x00000000ee800000| Complete 
| 233|0x00000000ee900000, 0x00000000eea00000, 0x00000000eea00000|100%| E|CS|TAMS 0x00000000ee900000| PB 0x00000000ee900000| Complete 
| 234|0x00000000eea00000, 0x00000000eeb00000, 0x00000000eeb00000|100%| E|  |TAMS 0x00000000eea00000| PB 0x00000000eea00000| Complete 
| 235|0x00000000eeb00000, 0x00000000eec00000, 0x00000000eec00000|100%| E|CS|TAMS 0x00000000eeb00000| PB 0x00000000eeb00000| Complete 
| 236|0x00000000eec00000, 0x00000000eed00000, 0x00000000eed00000|100%| E|CS|TAMS 0x00000000eec00000| PB 0x00000000eec00000| Complete 
| 237|0x00000000eed00000, 0x00000000eee00000, 0x00000000eee00000|100%| E|CS|TAMS 0x00000000eed00000| PB 0x00000000eed00000| Complete 
| 238|0x00000000eee00000, 0x00000000eef00000, 0x00000000eef00000|100%| E|CS|TAMS 0x00000000eee00000| PB 0x00000000eee00000| Complete 
| 239|0x00000000eef00000, 0x00000000ef000000, 0x00000000ef000000|100%| E|CS|TAMS 0x00000000eef00000| PB 0x00000000eef00000| Complete 
| 240|0x00000000ef000000, 0x00000000ef100000, 0x00000000ef100000|100%| E|CS|TAMS 0x00000000ef000000| PB 0x00000000ef000000| Complete 
| 241|0x00000000ef100000, 0x00000000ef200000, 0x00000000ef200000|100%| E|CS|TAMS 0x00000000ef100000| PB 0x00000000ef100000| Complete 
| 242|0x00000000ef200000, 0x00000000ef300000, 0x00000000ef300000|100%| E|CS|TAMS 0x00000000ef200000| PB 0x00000000ef200000| Complete 
| 243|0x00000000ef300000, 0x00000000ef400000, 0x00000000ef400000|100%| E|CS|TAMS 0x00000000ef300000| PB 0x00000000ef300000| Complete 
| 244|0x00000000ef400000, 0x00000000ef500000, 0x00000000ef500000|100%| E|CS|TAMS 0x00000000ef400000| PB 0x00000000ef400000| Complete 
| 245|0x00000000ef500000, 0x00000000ef600000, 0x00000000ef600000|100%| E|CS|TAMS 0x00000000ef500000| PB 0x00000000ef500000| Complete 
| 246|0x00000000ef600000, 0x00000000ef700000, 0x00000000ef700000|100%| E|CS|TAMS 0x00000000ef600000| PB 0x00000000ef600000| Complete 
| 247|0x00000000ef700000, 0x00000000ef800000, 0x00000000ef800000|100%| E|CS|TAMS 0x00000000ef700000| PB 0x00000000ef700000| Complete 
| 248|0x00000000ef800000, 0x00000000ef900000, 0x00000000ef900000|100%| E|CS|TAMS 0x00000000ef800000| PB 0x00000000ef800000| Complete 
| 249|0x00000000ef900000, 0x00000000efa00000, 0x00000000efa00000|100%| E|CS|TAMS 0x00000000ef900000| PB 0x00000000ef900000| Complete 
| 250|0x00000000efa00000, 0x00000000efb00000, 0x00000000efb00000|100%| E|CS|TAMS 0x00000000efa00000| PB 0x00000000efa00000| Complete 
| 251|0x00000000efb00000, 0x00000000efc00000, 0x00000000efc00000|100%| E|CS|TAMS 0x00000000efb00000| PB 0x00000000efb00000| Complete 
| 252|0x00000000efc00000, 0x00000000efd00000, 0x00000000efd00000|100%| E|CS|TAMS 0x00000000efc00000| PB 0x00000000efc00000| Complete 
| 253|0x00000000efd00000, 0x00000000efe00000, 0x00000000efe00000|100%| E|CS|TAMS 0x00000000efd00000| PB 0x00000000efd00000| Complete 
| 254|0x00000000efe00000, 0x00000000eff00000, 0x00000000eff00000|100%| E|CS|TAMS 0x00000000efe00000| PB 0x00000000efe00000| Complete 
| 255|0x00000000eff00000, 0x00000000f0000000, 0x00000000f0000000|100%| E|CS|TAMS 0x00000000eff00000| PB 0x00000000eff00000| Complete 

Card table byte_map: [0x000001aa52290000,0x000001aa52390000] _byte_map_base: 0x000001aa51b90000

Marking Bits: (CMBitMap*) 0x000001aa3a5584a0
 Bits: [0x000001aa52390000, 0x000001aa52b90000)

Polling page: 0x000001aa383f0000

Metaspace:

Usage:
  Non-class:     66.35 MB used.
      Class:     10.85 MB used.
       Both:     77.20 MB used.

Virtual space:
  Non-class space:      128.00 MB reserved,      67.50 MB ( 53%) committed,  2 nodes.
      Class space:      320.00 MB reserved,      12.00 MB (  4%) committed,  1 nodes.
             Both:      448.00 MB reserved,      79.50 MB ( 18%) committed. 

Chunk freelists:
   Non-Class:  11.81 MB
       Class:  4.06 MB
        Both:  15.87 MB

MaxMetaspaceSize: 384.00 MB
CompressedClassSpaceSize: 320.00 MB
Initial GC threshold: 21.00 MB
Current GC threshold: 99.62 MB
CDS: on
 - commit_granule_bytes: 65536.
 - commit_granule_words: 8192.
 - virtual_space_node_default_size: 8388608.
 - enlarge_chunks_in_place: 1.
 - use_allocation_guard: 0.


Internal statistics:

num_allocs_failed_limit: 15.
num_arena_births: 4172.
num_arena_deaths: 0.
num_vsnodes_births: 3.
num_vsnodes_deaths: 0.
num_space_committed: 1272.
num_space_uncommitted: 0.
num_chunks_returned_to_freelist: 15.
num_chunks_taken_from_freelist: 8038.
num_chunk_merges: 15.
num_chunk_splits: 5196.
num_chunks_enlarged: 3177.
num_inconsistent_stats: 0.

CodeHeap 'non-profiled nmethods': size=120000Kb used=7307Kb max_used=7307Kb free=112692Kb
 bounds [0x000001aa4a710000, 0x000001aa4ae40000, 0x000001aa51c40000]
CodeHeap 'profiled nmethods': size=120000Kb used=23248Kb max_used=23248Kb free=96751Kb
 bounds [0x000001aa42c40000, 0x000001aa44300000, 0x000001aa4a170000]
CodeHeap 'non-nmethods': size=5760Kb used=2888Kb max_used=2942Kb free=2871Kb
 bounds [0x000001aa4a170000, 0x000001aa4a460000, 0x000001aa4a710000]
CodeCache: size=245760Kb, used=33443Kb, max_used=33497Kb, free=212314Kb
 total_blobs=12639, nmethods=11711, adapters=832, full_count=0
Compilation: enabled, stopped_count=0, restarted_count=0

Compilation events (20 events):
Event: 26.624 Thread 0x000001aa55868c10 12405       3       it.unimi.dsi.fastutil.ints.IntSets::emptySet (4 bytes)
Event: 26.624 Thread 0x000001aa55868c10 nmethod 12405 0x000001aa442c9390 code [0x000001aa442c9520, 0x000001aa442c9618]
Event: 26.624 Thread 0x000001aa55868c10 12406       3       org.gradle.api.internal.artifacts.configurations.DefaultConfiguration$$Lambda/0x000001aa576d6d20::execute (8 bytes)
Event: 26.624 Thread 0x000001aa55868c10 nmethod 12406 0x000001aa442c9690 code [0x000001aa442c9840, 0x000001aa442c9a70]
Event: 26.624 Thread 0x000001aa55868c10 12407       3       org.gradle.api.internal.artifacts.configurations.DefaultConfiguration::lambda$runDependencyActions$2 (37 bytes)
Event: 26.624 Thread 0x000001aa55868c10 nmethod 12407 0x000001aa442c9b10 code [0x000001aa442c9d00, 0x000001aa442ca1f0]
Event: 26.624 Thread 0x000001aa55868c10 12408       3       org.gradle.internal.snapshot.impl.IsolatedImmutableManagedValue::isolate (5 bytes)
Event: 26.624 Thread 0x000001aa55868c10 nmethod 12408 0x000001aa442ca390 code [0x000001aa442ca540, 0x000001aa442ca720]
Event: 26.625 Thread 0x000001aa55868c10 12409       2       com.google.common.collect.RegularImmutableMap::makeImmutable (44 bytes)
Event: 26.625 Thread 0x000001aa55868c10 nmethod 12409 0x000001aa442ca810 code [0x000001aa442ca9e0, 0x000001aa442cad60]
Event: 26.625 Thread 0x000001aa55868c10 12410       1       org.gradle.api.internal.artifacts.resolver.DefaultResolutionOutputs$DefaultArtifactViewConfiguration::access$000 (5 bytes)
Event: 26.625 Thread 0x000001aa55868c10 nmethod 12410 0x000001aa4ae2fd10 code [0x000001aa4ae2fea0, 0x000001aa4ae2ff50]
Event: 26.625 Thread 0x000001aa55868c10 12411       1       org.gradle.api.internal.artifacts.resolver.DefaultResolutionOutputs$DefaultArtifactViewConfiguration::access$100 (5 bytes)
Event: 26.626 Thread 0x000001aa55868c10 nmethod 12411 0x000001aa4ae30010 code [0x000001aa4ae301a0, 0x000001aa4ae30250]
Event: 26.626 Thread 0x000001aa55868c10 12412       1       org.gradle.api.internal.artifacts.resolver.DefaultResolutionOutputs$DefaultArtifactViewConfiguration::access$200 (5 bytes)
Event: 26.626 Thread 0x000001aa55868c10 nmethod 12412 0x000001aa4ae30310 code [0x000001aa4ae304a0, 0x000001aa4ae30550]
Event: 26.626 Thread 0x000001aa55868c10 12413       1       org.gradle.api.internal.artifacts.resolver.DefaultResolutionOutputs$DefaultArtifactViewConfiguration::access$300 (5 bytes)
Event: 26.626 Thread 0x000001aa55868c10 nmethod 12413 0x000001aa4ae30610 code [0x000001aa4ae307a0, 0x000001aa4ae30850]
Event: 26.626 Thread 0x000001aa55868c10 12414       3       org.gradle.internal.model.InMemoryCacheFactory$DefaultInterner::intern (9 bytes)
Event: 26.626 Thread 0x000001aa55868c10 nmethod 12414 0x000001aa442cae90 code [0x000001aa442cb060, 0x000001aa442cb3c8]

GC Heap History (20 events):
Event: 0.694 GC heap before
{Heap before GC invocations=1 (full 0):
 garbage-first heap   total 262144K, used 40522K [0x00000000e0000000, 0x0000000100000000)
  region size 1024K, 38 young (38912K), 2 survivors (2048K)
 Metaspace       used 4413K, committed 4608K, reserved 393216K
  class space    used 558K, committed 640K, reserved 327680K
}
Event: 0.699 GC heap after
{Heap after GC invocations=2 (full 0):
 garbage-first heap   total 262144K, used 10905K [0x00000000e0000000, 0x0000000100000000)
  region size 1024K, 5 young (5120K), 5 survivors (5120K)
 Metaspace       used 4413K, committed 4608K, reserved 393216K
  class space    used 558K, committed 640K, reserved 327680K
}
Event: 1.214 GC heap before
{Heap before GC invocations=2 (full 0):
 garbage-first heap   total 262144K, used 70297K [0x00000000e0000000, 0x0000000100000000)
  region size 1024K, 61 young (62464K), 5 survivors (5120K)
 Metaspace       used 7002K, committed 7296K, reserved 393216K
  class space    used 939K, committed 1024K, reserved 327680K
}
Event: 1.220 GC heap after
{Heap after GC invocations=3 (full 0):
 garbage-first heap   total 262144K, used 18165K [0x00000000e0000000, 0x0000000100000000)
  region size 1024K, 6 young (6144K), 6 survivors (6144K)
 Metaspace       used 7002K, committed 7296K, reserved 393216K
  class space    used 939K, committed 1024K, reserved 327680K
}
Event: 2.368 GC heap before
{Heap before GC invocations=3 (full 0):
 garbage-first heap   total 262144K, used 103157K [0x00000000e0000000, 0x0000000100000000)
  region size 1024K, 90 young (92160K), 6 survivors (6144K)
 Metaspace       used 20937K, committed 21504K, reserved 393216K
  class space    used 3078K, committed 3328K, reserved 327680K
}
Event: 2.379 GC heap after
{Heap after GC invocations=4 (full 0):
 garbage-first heap   total 262144K, used 24466K [0x00000000e0000000, 0x0000000100000000)
  region size 1024K, 13 young (13312K), 13 survivors (13312K)
 Metaspace       used 20937K, committed 21504K, reserved 393216K
  class space    used 3078K, committed 3328K, reserved 327680K
}
Event: 3.504 GC heap before
{Heap before GC invocations=5 (full 0):
 garbage-first heap   total 262144K, used 133010K [0x00000000e0000000, 0x0000000100000000)
  region size 1024K, 116 young (118784K), 13 survivors (13312K)
 Metaspace       used 34945K, committed 35968K, reserved 393216K
  class space    used 4916K, committed 5440K, reserved 327680K
}
Event: 3.523 GC heap after
{Heap after GC invocations=6 (full 0):
 garbage-first heap   total 262144K, used 32056K [0x00000000e0000000, 0x0000000100000000)
  region size 1024K, 14 young (14336K), 14 survivors (14336K)
 Metaspace       used 34945K, committed 35968K, reserved 393216K
  class space    used 4916K, committed 5440K, reserved 327680K
}
Event: 3.551 GC heap before
{Heap before GC invocations=6 (full 0):
 garbage-first heap   total 262144K, used 33080K [0x00000000e0000000, 0x0000000100000000)
  region size 1024K, 16 young (16384K), 14 survivors (14336K)
 Metaspace       used 35253K, committed 36288K, reserved 393216K
  class space    used 4943K, committed 5440K, reserved 327680K
}
Event: 3.560 GC heap after
{Heap after GC invocations=7 (full 0):
 garbage-first heap   total 262144K, used 32150K [0x00000000e0000000, 0x0000000100000000)
  region size 1024K, 9 young (9216K), 9 survivors (9216K)
 Metaspace       used 35253K, committed 36288K, reserved 393216K
  class space    used 4943K, committed 5440K, reserved 327680K
}
Event: 3.610 GC heap before
{Heap before GC invocations=7 (full 0):
 garbage-first heap   total 262144K, used 35222K [0x00000000e0000000, 0x0000000100000000)
  region size 1024K, 13 young (13312K), 9 survivors (9216K)
 Metaspace       used 35581K, committed 36608K, reserved 393216K
  class space    used 4985K, committed 5504K, reserved 327680K
}
Event: 3.615 GC heap after
{Heap after GC invocations=8 (full 0):
 garbage-first heap   total 262144K, used 32378K [0x00000000e0000000, 0x0000000100000000)
  region size 1024K, 9 young (9216K), 9 survivors (9216K)
 Metaspace       used 35581K, committed 36608K, reserved 393216K
  class space    used 4985K, committed 5504K, reserved 327680K
}
Event: 5.193 GC heap before
{Heap before GC invocations=9 (full 0):
 garbage-first heap   total 262144K, used 181882K [0x00000000e0000000, 0x0000000100000000)
  region size 1024K, 153 young (156672K), 9 survivors (9216K)
 Metaspace       used 51954K, committed 53696K, reserved 393216K
  class space    used 7528K, committed 8384K, reserved 327680K
}
Event: 5.208 GC heap after
{Heap after GC invocations=10 (full 0):
 garbage-first heap   total 262144K, used 40532K [0x00000000e0000000, 0x0000000100000000)
  region size 1024K, 17 young (17408K), 17 survivors (17408K)
 Metaspace       used 51954K, committed 53696K, reserved 393216K
  class space    used 7528K, committed 8384K, reserved 327680K
}
Event: 6.097 GC heap before
{Heap before GC invocations=10 (full 0):
 garbage-first heap   total 262144K, used 160340K [0x00000000e0000000, 0x0000000100000000)
  region size 1024K, 135 young (138240K), 17 survivors (17408K)
 Metaspace       used 59062K, committed 61120K, reserved 393216K
  class space    used 8635K, committed 9664K, reserved 327680K
}
Event: 6.113 GC heap after
{Heap after GC invocations=11 (full 0):
 garbage-first heap   total 262144K, used 50578K [0x00000000e0000000, 0x0000000100000000)
  region size 1024K, 19 young (19456K), 19 survivors (19456K)
 Metaspace       used 59062K, committed 61120K, reserved 393216K
  class space    used 8635K, committed 9664K, reserved 327680K
}
Event: 7.772 GC heap before
{Heap before GC invocations=12 (full 0):
 garbage-first heap   total 262144K, used 187794K [0x00000000e0000000, 0x0000000100000000)
  region size 1024K, 153 young (156672K), 19 survivors (19456K)
 Metaspace       used 63675K, committed 65856K, reserved 393216K
  class space    used 9128K, committed 10176K, reserved 327680K
}
Event: 7.788 GC heap after
{Heap after GC invocations=13 (full 0):
 garbage-first heap   total 262144K, used 56402K [0x00000000e0000000, 0x0000000100000000)
  region size 1024K, 16 young (16384K), 16 survivors (16384K)
 Metaspace       used 63675K, committed 65856K, reserved 393216K
  class space    used 9128K, committed 10176K, reserved 327680K
}
Event: 8.871 GC heap before
{Heap before GC invocations=13 (full 0):
 garbage-first heap   total 262144K, used 197714K [0x00000000e0000000, 0x0000000100000000)
  region size 1024K, 153 young (156672K), 16 survivors (16384K)
 Metaspace       used 73074K, committed 75328K, reserved 393216K
  class space    used 10384K, committed 11520K, reserved 327680K
}
Event: 8.900 GC heap after
{Heap after GC invocations=14 (full 0):
 garbage-first heap   total 262144K, used 82216K [0x00000000e0000000, 0x0000000100000000)
  region size 1024K, 20 young (20480K), 20 survivors (20480K)
 Metaspace       used 73074K, committed 75328K, reserved 393216K
  class space    used 10384K, committed 11520K, reserved 327680K
}

Dll operation events (15 events):
Event: 0.006 Loaded shared library C:\Users\vuquo\.jdks\ms-21.0.9\bin\java.dll
Event: 0.031 Loaded shared library C:\Users\vuquo\.jdks\ms-21.0.9\bin\jsvml.dll
Event: 0.053 Loaded shared library C:\Users\vuquo\.jdks\ms-21.0.9\bin\zip.dll
Event: 0.055 Loaded shared library C:\Users\vuquo\.jdks\ms-21.0.9\bin\instrument.dll
Event: 0.058 Loaded shared library C:\Users\vuquo\.jdks\ms-21.0.9\bin\net.dll
Event: 0.060 Loaded shared library C:\Users\vuquo\.jdks\ms-21.0.9\bin\nio.dll
Event: 0.061 Loaded shared library C:\Users\vuquo\.jdks\ms-21.0.9\bin\zip.dll
Event: 0.232 Loaded shared library C:\Users\vuquo\.jdks\ms-21.0.9\bin\jimage.dll
Event: 0.360 Loaded shared library C:\Users\vuquo\.jdks\ms-21.0.9\bin\verify.dll
Event: 0.417 Loaded shared library C:\Users\vuquo\.gradle\native\1def1411415f61bf3af743bc5b6707747c0891f09f0c88961ee8f79bc544acac\windows-amd64\native-platform.dll
Event: 0.424 Loaded shared library C:\Users\vuquo\.gradle\native\0.2.7\x86_64-windows-gnu\gradle-fileevents.dll
Event: 1.169 Loaded shared library C:\Users\vuquo\.jdks\ms-21.0.9\bin\management.dll
Event: 1.170 Loaded shared library C:\Users\vuquo\.jdks\ms-21.0.9\bin\management_ext.dll
Event: 1.265 Loaded shared library C:\Users\vuquo\.jdks\ms-21.0.9\bin\extnet.dll
Event: 1.407 Loaded shared library C:\Users\vuquo\.jdks\ms-21.0.9\bin\sunmscapi.dll

Deoptimization events (20 events):
Event: 26.579 Thread 0x000001aa70872610 Uncommon trap: trap_request=0xffffffde fr.pc=0x000001aa4aba5c40 relative=0x0000000000000360
Event: 26.579 Thread 0x000001aa70872610 Uncommon trap: reason=class_check action=maybe_recompile pc=0x000001aa4aba5c40 method=java.lang.AbstractStringBuilder.append(Ljava/lang/CharSequence;)Ljava/lang/AbstractStringBuilder; @ 10 c2
Event: 26.579 Thread 0x000001aa70872610 DEOPT PACKING pc=0x000001aa4aba5c40 sp=0x0000008e242fe8c0
Event: 26.579 Thread 0x000001aa70872610 DEOPT UNPACKING pc=0x000001aa4a1c7ba2 sp=0x0000008e242fe890 mode 2
Event: 26.593 Thread 0x000001aa70872610 Uncommon trap: trap_request=0xffffff45 fr.pc=0x000001aa4ace3e30 relative=0x0000000000000090
Event: 26.593 Thread 0x000001aa70872610 Uncommon trap: reason=unstable_if action=reinterpret pc=0x000001aa4ace3e30 method=com.google.common.math.IntMath.log2(ILjava/math/RoundingMode;)I @ 15 c2
Event: 26.594 Thread 0x000001aa70872610 DEOPT PACKING pc=0x000001aa4ace3e30 sp=0x0000008e242fa960
Event: 26.594 Thread 0x000001aa70872610 DEOPT UNPACKING pc=0x000001aa4a1c7ba2 sp=0x0000008e242fa8e8 mode 2
Event: 26.622 Thread 0x000001aa70872610 Uncommon trap: trap_request=0xffffffde fr.pc=0x000001aa4abc6268 relative=0x00000000000004a8
Event: 26.622 Thread 0x000001aa70872610 Uncommon trap: reason=class_check action=maybe_recompile pc=0x000001aa4abc6268 method=org.gradle.api.internal.artifacts.dependencies.AbstractVersionConstraint.hashCode()I @ 7 c2
Event: 26.622 Thread 0x000001aa70872610 DEOPT PACKING pc=0x000001aa4abc6268 sp=0x0000008e242f91b0
Event: 26.622 Thread 0x000001aa70872610 DEOPT UNPACKING pc=0x000001aa4a1c7ba2 sp=0x0000008e242f9168 mode 2
Event: 26.624 Thread 0x000001aa70872610 Uncommon trap: trap_request=0xffffff45 fr.pc=0x000001aa4abbe0dc relative=0x00000000000018dc
Event: 26.624 Thread 0x000001aa70872610 Uncommon trap: reason=unstable_if action=reinterpret pc=0x000001aa4abbe0dc method=org.gradle.api.internal.artifacts.dependencies.DefaultImmutableVersionConstraint.<init>(Ljava/lang/String;Ljava/lang/String;Ljava/lang/String;Ljava/util/List;Ljava/lang/Stri
Event: 26.624 Thread 0x000001aa70872610 DEOPT PACKING pc=0x000001aa4abbe0dc sp=0x0000008e242f9570
Event: 26.624 Thread 0x000001aa70872610 DEOPT UNPACKING pc=0x000001aa4a1c7ba2 sp=0x0000008e242f9478 mode 2
Event: 26.626 Thread 0x000001aa70872610 Uncommon trap: trap_request=0xffffff45 fr.pc=0x000001aa4abc99b4 relative=0x0000000000000c14
Event: 26.626 Thread 0x000001aa70872610 Uncommon trap: reason=unstable_if action=reinterpret pc=0x000001aa4abc99b4 method=org.gradle.api.internal.artifacts.dependencies.DefaultImmutableVersionConstraint.<init>(Ljava/lang/String;Ljava/lang/String;Ljava/lang/String;Ljava/util/List;Ljava/lang/Stri
Event: 26.626 Thread 0x000001aa70872610 DEOPT PACKING pc=0x000001aa4abc99b4 sp=0x0000008e242f8de0
Event: 26.626 Thread 0x000001aa70872610 DEOPT UNPACKING pc=0x000001aa4a1c7ba2 sp=0x0000008e242f8d90 mode 2

Classes loaded (20 events):
Event: 9.702 Loading class java/io/CharArrayReader
Event: 9.702 Loading class java/io/CharArrayReader done
Event: 9.732 Loading class java/util/PriorityQueue
Event: 9.732 Loading class java/util/PriorityQueue done
Event: 9.839 Loading class java/io/ObjectStreamClass$ExceptionInfo
Event: 9.839 Loading class java/io/ObjectStreamClass$ExceptionInfo done
Event: 9.848 Loading class java/util/concurrent/ConcurrentLinkedQueue$Itr
Event: 9.848 Loading class java/util/concurrent/ConcurrentLinkedQueue$Itr done
Event: 9.865 Loading class sun/nio/fs/WindowsSecurity$Privilege
Event: 9.865 Loading class sun/nio/fs/WindowsSecurity$Privilege done
Event: 9.897 Loading class java/time/Instant$1
Event: 9.897 Loading class java/time/Instant$1 done
Event: 9.917 Loading class java/util/concurrent/LinkedBlockingDeque$Itr
Event: 9.918 Loading class java/util/concurrent/LinkedBlockingDeque$AbstractItr
Event: 9.919 Loading class java/util/concurrent/LinkedBlockingDeque$AbstractItr done
Event: 9.919 Loading class java/util/concurrent/LinkedBlockingDeque$Itr done
Event: 9.934 Loading class java/util/concurrent/CompletableFuture$AsyncRun
Event: 9.934 Loading class java/util/concurrent/CompletableFuture$AsyncRun done
Event: 26.578 Loading class jdk/internal/math/FormattedFPDecimal
Event: 26.578 Loading class jdk/internal/math/FormattedFPDecimal done

Classes unloaded (0 events):
No events

Classes redefined (0 events):
No events

Internal exceptions (20 events):
Event: 9.631 Thread 0x000001aa55c21fa0 Exception <a 'sun/nio/fs/WindowsException'{0x00000000ec2ec830}> (0x00000000ec2ec830) 
thrown [s\src\hotspot\share\prims\jni.cpp, line 520]
Event: 9.632 Thread 0x000001aa55c21fa0 Exception <a 'sun/nio/fs/WindowsException'{0x00000000ec2ed9a0}> (0x00000000ec2ed9a0) 
thrown [s\src\hotspot\share\prims\jni.cpp, line 520]
Event: 9.632 Thread 0x000001aa55c21fa0 Exception <a 'sun/nio/fs/WindowsException'{0x00000000ec2ee178}> (0x00000000ec2ee178) 
thrown [s\src\hotspot\share\prims\jni.cpp, line 520]
Event: 9.756 Thread 0x000001aa55c21fa0 Implicit null exception at 0x000001aa4aaefe0a to 0x000001aa4aaefead
Event: 9.836 Thread 0x000001aa70877320 Exception <a 'java/lang/NoSuchMethodError'{0x00000000eb1f5138}: static Lorg/gradle/internal/build/event/types/DefaultTaskFinishedProgressEvent;.<clinit>()V> (0x00000000eb1f5138) 
thrown [s\src\hotspot\share\prims\jni.cpp, line 1111]
Event: 9.837 Thread 0x000001aa70877320 Exception <a 'java/lang/NoSuchMethodError'{0x00000000eb04d5f8}: static Lorg/gradle/internal/build/event/types/DefaultJavaCompileTaskSuccessResult;.<clinit>()V> (0x00000000eb04d5f8) 
thrown [s\src\hotspot\share\prims\jni.cpp, line 1111]
Event: 9.837 Thread 0x000001aa70877320 Exception <a 'java/lang/NoSuchMethodError'{0x00000000eb04f160}: static Lorg/gradle/internal/build/event/types/DefaultTaskSuccessResult;.<clinit>()V> (0x00000000eb04f160) 
thrown [s\src\hotspot\share\prims\jni.cpp, line 1111]
Event: 9.837 Thread 0x000001aa70877320 Exception <a 'java/lang/NoSuchMethodError'{0x00000000eb050320}: static Lorg/gradle/internal/build/event/types/AbstractTaskResult;.<clinit>()V> (0x00000000eb050320) 
thrown [s\src\hotspot\share\prims\jni.cpp, line 1111]
Event: 9.837 Thread 0x000001aa70877320 Exception <a 'java/lang/NoSuchMethodError'{0x00000000eb051890}: static Lorg/gradle/internal/build/event/types/AbstractResult;.<clinit>()V> (0x00000000eb051890) 
thrown [s\src\hotspot\share\prims\jni.cpp, line 1111]
Event: 9.838 Thread 0x000001aa70877320 Implicit null exception at 0x000001aa4ab8aad1 to 0x000001aa4ab8b090
Event: 9.839 Thread 0x000001aa70877320 Exception <a 'java/lang/NoSuchMethodError'{0x00000000eb08beb8}: static [Ljava/lang/Object;.<clinit>()V> (0x00000000eb08beb8) 
thrown [s\src\hotspot\share\prims\jni.cpp, line 1111]
Event: 9.846 Thread 0x000001aa70877320 Implicit null exception at 0x000001aa4ab75aba to 0x000001aa4ab75af4
Event: 9.855 Thread 0x000001aa70872610 Exception <a 'java/lang/NoSuchMethodError'{0x00000000eb0fe580}: 'void java.lang.invoke.DirectMethodHandle$Holder.invokeInterface(java.lang.Object, java.lang.Object, java.lang.Object, int)'> (0x00000000eb0fe580) 
thrown [s\src\hotspot\share\interpreter\linkResolver.cpp, line 773]
Event: 9.855 Thread 0x000001aa70872610 Exception <a 'java/lang/IncompatibleClassChangeError'{0x00000000eaf02390}: Found class java.lang.Object, but interface was expected> (0x00000000eaf02390) 
thrown [s\src\hotspot\share\interpreter\linkResolver.cpp, line 840]
Event: 9.856 Thread 0x000001aa70872610 Exception <a 'java/lang/NoSuchMethodError'{0x00000000eaf066b8}: 'void java.lang.invoke.DelegatingMethodHandle$Holder.reinvoke_L(java.lang.Object, java.lang.Object, java.lang.Object, int)'> (0x00000000eaf066b8) 
thrown [s\src\hotspot\share\interpreter\linkResolver.cpp, line 773]
Event: 9.857 Thread 0x000001aa70872610 Exception <a 'sun/nio/fs/WindowsException'{0x00000000eaf1ff48}> (0x00000000eaf1ff48) 
thrown [s\src\hotspot\share\prims\jni.cpp, line 520]
Event: 9.863 Thread 0x000001aa55c28f30 Exception <a 'sun/nio/fs/WindowsException'{0x00000000eaf964f0}> (0x00000000eaf964f0) 
thrown [s\src\hotspot\share\prims\jni.cpp, line 520]
Event: 9.865 Thread 0x000001aa55c28f30 Exception <a 'sun/nio/fs/WindowsException'{0x00000000eafdbb98}> (0x00000000eafdbb98) 
thrown [s\src\hotspot\share\prims\jni.cpp, line 520]
Event: 9.879 Thread 0x000001aa70872610 Exception <a 'java/lang/IncompatibleClassChangeError'{0x00000000eae75f10}: Found class java.lang.Object, but interface was expected> (0x00000000eae75f10) 
thrown [s\src\hotspot\share\interpreter\linkResolver.cpp, line 840]
Event: 9.890 Thread 0x000001aa70872610 Exception <a 'java/lang/IncompatibleClassChangeError'{0x00000000eaedd6a8}: Found class java.lang.Object, but interface was expected> (0x00000000eaedd6a8) 
thrown [s\src\hotspot\share\interpreter\linkResolver.cpp, line 840]

ZGC Phase Switch (0 events):
No events

VM Operations (20 events):
Event: 9.764 Executing VM operation: ICBufferFull
Event: 9.764 Executing VM operation: ICBufferFull done
Event: 9.829 Executing VM operation: HandshakeAllThreads (Deoptimize)
Event: 9.829 Executing VM operation: HandshakeAllThreads (Deoptimize) done
Event: 9.830 Executing VM operation: HandshakeAllThreads (Deoptimize)
Event: 9.830 Executing VM operation: HandshakeAllThreads (Deoptimize) done
Event: 9.869 Executing VM operation: HandshakeAllThreads (Deoptimize)
Event: 9.869 Executing VM operation: HandshakeAllThreads (Deoptimize) done
Event: 9.896 Executing VM operation: ICBufferFull
Event: 9.896 Executing VM operation: ICBufferFull done
Event: 10.910 Executing VM operation: Cleanup
Event: 10.911 Executing VM operation: Cleanup done
Event: 11.398 Executing VM operation: HandshakeAllThreads (Deoptimize)
Event: 11.398 Executing VM operation: HandshakeAllThreads (Deoptimize) done
Event: 12.409 Executing VM operation: Cleanup
Event: 12.409 Executing VM operation: Cleanup done
Event: 18.470 Executing VM operation: Cleanup
Event: 18.470 Executing VM operation: Cleanup done
Event: 21.493 Executing VM operation: Cleanup
Event: 21.494 Executing VM operation: Cleanup done

Memory protections (0 events):
No events

Nmethod flushes (20 events):
Event: 6.126 Thread 0x000001aa55845e50 flushing  nmethod 0x000001aa4a8c6e90
Event: 6.126 Thread 0x000001aa55845e50 flushing  nmethod 0x000001aa42c5fe90
Event: 6.126 Thread 0x000001aa55845e50 flushing  nmethod 0x000001aa42c62590
Event: 6.126 Thread 0x000001aa55845e50 flushing  nmethod 0x000001aa42cbac10
Event: 6.126 Thread 0x000001aa55845e50 flushing  nmethod 0x000001aa42cbb090
Event: 6.126 Thread 0x000001aa55845e50 flushing  nmethod 0x000001aa42cbb510
Event: 6.126 Thread 0x000001aa55845e50 flushing  nmethod 0x000001aa42d2d690
Event: 6.126 Thread 0x000001aa55845e50 flushing  nmethod 0x000001aa42d91510
Event: 6.126 Thread 0x000001aa55845e50 flushing  nmethod 0x000001aa42d96190
Event: 6.126 Thread 0x000001aa55845e50 flushing  nmethod 0x000001aa42dcca90
Event: 6.126 Thread 0x000001aa55845e50 flushing  nmethod 0x000001aa42dcd410
Event: 6.126 Thread 0x000001aa55845e50 flushing  nmethod 0x000001aa42e11190
Event: 6.126 Thread 0x000001aa55845e50 flushing  nmethod 0x000001aa42e13b90
Event: 6.126 Thread 0x000001aa55845e50 flushing  nmethod 0x000001aa42f4a790
Event: 6.126 Thread 0x000001aa55845e50 flushing  nmethod 0x000001aa42f7b290
Event: 6.126 Thread 0x000001aa55845e50 flushing  nmethod 0x000001aa42fdc810
Event: 6.126 Thread 0x000001aa55845e50 flushing  nmethod 0x000001aa43026690
Event: 6.126 Thread 0x000001aa55845e50 flushing  nmethod 0x000001aa430ef710
Event: 6.126 Thread 0x000001aa55845e50 flushing  nmethod 0x000001aa431ac410
Event: 6.126 Thread 0x000001aa55845e50 flushing  nmethod 0x000001aa4328d110

Events (20 events):
Event: 9.904 Thread 0x000001aa72e5d0a0 Thread exited: 0x000001aa72e5d0a0
Event: 9.904 Thread 0x000001aa7314ae70 Thread exited: 0x000001aa7314ae70
Event: 9.914 Thread 0x000001aa70877320 Thread exited: 0x000001aa70877320
Event: 9.917 Thread 0x000001aa70876600 Thread exited: 0x000001aa70876600
Event: 9.917 Thread 0x000001aa55c239e0 Thread exited: 0x000001aa55c239e0
Event: 9.928 Thread 0x000001aa70872c70 Thread exited: 0x000001aa70872c70
Event: 9.934 Thread 0x000001aa709b47d0 Thread added: 0x000001aa55c1d0e0
Event: 9.935 Thread 0x000001aa709af860 Thread exited: 0x000001aa709af860
Event: 9.936 Thread 0x000001aa709b5200 Thread exited: 0x000001aa709b5200
Event: 11.393 Thread 0x000001aa55b8e850 Thread exited: 0x000001aa55b8e850
Event: 26.566 Thread 0x000001aa709b47d0 Thread added: 0x000001aa55c1eb20
Event: 26.568 Thread 0x000001aa709b47d0 Thread added: 0x000001aa55c1de00
Event: 26.576 Thread 0x000001aa70872610 Thread added: 0x000001aa55c1e490
Event: 26.580 Thread 0x000001aa70872610 Thread added: 0x000001aa55c1f1b0
Event: 26.580 Thread 0x000001aa70872610 Thread added: 0x000001aa55c20560
Event: 26.591 Thread 0x000001aa70872610 Thread added: 0x000001aa55c1f840
Event: 26.595 Thread 0x000001aa70872610 Thread added: 0x000001aa55c21910
Event: 26.608 Thread 0x000001aa70872610 Thread added: 0x000001aa55c21fa0
Event: 26.616 Thread 0x000001aa70872610 Thread added: 0x000001aa55c22630
Event: 26.619 Thread 0x000001aa70872610 Thread added: 0x000001aa55c22cc0


Dynamic libraries:
0x00007ff6de360000 - 0x00007ff6de36e000 	C:\Users\vuquo\.jdks\ms-21.0.9\bin\java.exe
0x00007ffaafa70000 - 0x00007ffaafc87000 	C:\Windows\SYSTEM32\ntdll.dll
0x00007ffaaf190000 - 0x00007ffaaf254000 	C:\Windows\System32\KERNEL32.DLL
0x00007ffaacfe0000 - 0x00007ffaad38d000 	C:\Windows\System32\KERNELBASE.dll
0x00007ffaacda0000 - 0x00007ffaaceb1000 	C:\Windows\System32\ucrtbase.dll
0x00007ffa8c2a0000 - 0x00007ffa8c2be000 	C:\Users\vuquo\.jdks\ms-21.0.9\bin\VCRUNTIME140.dll
0x00007ffa8b4b0000 - 0x00007ffa8b4c8000 	C:\Users\vuquo\.jdks\ms-21.0.9\bin\jli.dll
0x00007ffaaec30000 - 0x00007ffaaedde000 	C:\Windows\System32\USER32.dll
0x00007ffaa1430000 - 0x00007ffaa16c3000 	C:\Windows\WinSxS\amd64_microsoft.windows.common-controls_6595b64144ccf1df_6.0.22621.3672_none_2713b9d173822955\COMCTL32.dll
0x00007ffaad6e0000 - 0x00007ffaad706000 	C:\Windows\System32\win32u.dll
0x00007ffaaf980000 - 0x00007ffaafa27000 	C:\Windows\System32\msvcrt.dll
0x00007ffaae6a0000 - 0x00007ffaae6c9000 	C:\Windows\System32\GDI32.dll
0x00007ffaacec0000 - 0x00007ffaacfd9000 	C:\Windows\System32\gdi32full.dll
0x00007ffaad390000 - 0x00007ffaad42a000 	C:\Windows\System32\msvcp_win.dll
0x00007ffaaddf0000 - 0x00007ffaade21000 	C:\Windows\System32\IMM32.DLL
0x00007ffa90700000 - 0x00007ffa9070c000 	C:\Users\vuquo\.jdks\ms-21.0.9\bin\vcruntime140_1.dll
0x00007ffa5c490000 - 0x00007ffa5c519000 	C:\Users\vuquo\.jdks\ms-21.0.9\bin\msvcp140.dll
0x00007ffa48c40000 - 0x00007ffa499ed000 	C:\Users\vuquo\.jdks\ms-21.0.9\bin\server\jvm.dll
0x00007ffaad7b0000 - 0x00007ffaad862000 	C:\Windows\System32\ADVAPI32.dll
0x00007ffaadbb0000 - 0x00007ffaadc59000 	C:\Windows\System32\sechost.dll
0x00007ffaad710000 - 0x00007ffaad738000 	C:\Windows\System32\bcrypt.dll
0x00007ffaaee00000 - 0x00007ffaaef14000 	C:\Windows\System32\RPCRT4.dll
0x00007ffaad950000 - 0x00007ffaad9c1000 	C:\Windows\System32\WS2_32.dll
0x00007ffaabc00000 - 0x00007ffaabc4d000 	C:\Windows\SYSTEM32\POWRPROF.dll
0x00007ffaa3a80000 - 0x00007ffaa3a8a000 	C:\Windows\SYSTEM32\VERSION.dll
0x00007ffaa3500000 - 0x00007ffaa3534000 	C:\Windows\SYSTEM32\WINMM.dll
0x00007ffaabbe0000 - 0x00007ffaabbf3000 	C:\Windows\SYSTEM32\UMPDC.dll
0x00007ffaabea0000 - 0x00007ffaabeb8000 	C:\Windows\SYSTEM32\kernel.appcore.dll
0x00007ffa8f000000 - 0x00007ffa8f00a000 	C:\Users\vuquo\.jdks\ms-21.0.9\bin\jimage.dll
0x00007ffaa9e80000 - 0x00007ffaaa0b2000 	C:\Windows\SYSTEM32\DBGHELP.DLL
0x00007ffaae6d0000 - 0x00007ffaaea58000 	C:\Windows\System32\combase.dll
0x00007ffaad870000 - 0x00007ffaad947000 	C:\Windows\System32\OLEAUT32.dll
0x00007ffaa10b0000 - 0x00007ffaa10e2000 	C:\Windows\SYSTEM32\dbgcore.DLL
0x00007ffaad4f0000 - 0x00007ffaad56b000 	C:\Windows\System32\bcryptPrimitives.dll
0x00007ffa8ed00000 - 0x00007ffa8ed10000 	C:\Users\vuquo\.jdks\ms-21.0.9\bin\instrument.dll
0x00007ffa777d0000 - 0x00007ffa777f1000 	C:\Users\vuquo\.jdks\ms-21.0.9\bin\java.dll
0x00007ffaade40000 - 0x00007ffaae69f000 	C:\Windows\System32\SHELL32.dll
0x00007ffaaacb0000 - 0x00007ffaab5ac000 	C:\Windows\SYSTEM32\windows.storage.dll
0x00007ffaaab70000 - 0x00007ffaaacaf000 	C:\Windows\SYSTEM32\wintypes.dll
0x00007ffaadcf0000 - 0x00007ffaadde4000 	C:\Windows\System32\SHCORE.dll
0x00007ffaaebb0000 - 0x00007ffaaec0e000 	C:\Windows\System32\shlwapi.dll
0x00007ffaaccd0000 - 0x00007ffaaccf1000 	C:\Windows\SYSTEM32\profapi.dll
0x00007ffa5a9e0000 - 0x00007ffa5aab6000 	C:\Users\vuquo\.jdks\ms-21.0.9\bin\jsvml.dll
0x00007ffa8a700000 - 0x00007ffa8a718000 	C:\Users\vuquo\.jdks\ms-21.0.9\bin\zip.dll
0x00007ffa89ae0000 - 0x00007ffa89af1000 	C:\Users\vuquo\.jdks\ms-21.0.9\bin\net.dll
0x00007ffaa4fb0000 - 0x00007ffaa50e6000 	C:\Windows\SYSTEM32\WINHTTP.dll
0x00007ffaac310000 - 0x00007ffaac379000 	C:\Windows\system32\mswsock.dll
0x00007ffa88f90000 - 0x00007ffa88fa6000 	C:\Users\vuquo\.jdks\ms-21.0.9\bin\nio.dll
0x00007ffa8e720000 - 0x00007ffa8e730000 	C:\Users\vuquo\.jdks\ms-21.0.9\bin\verify.dll
0x00007ffa8e730000 - 0x00007ffa8e757000 	C:\Users\vuquo\.gradle\native\1def1411415f61bf3af743bc5b6707747c0891f09f0c88961ee8f79bc544acac\windows-amd64\native-platform.dll
0x00007ffa5a960000 - 0x00007ffa5a9d8000 	C:\Users\vuquo\.gradle\native\0.2.7\x86_64-windows-gnu\gradle-fileevents.dll
0x00007ffa8e650000 - 0x00007ffa8e65a000 	C:\Users\vuquo\.jdks\ms-21.0.9\bin\management.dll
0x00007ffa8e3b0000 - 0x00007ffa8e3bc000 	C:\Users\vuquo\.jdks\ms-21.0.9\bin\management_ext.dll
0x00007ffaadce0000 - 0x00007ffaadce8000 	C:\Windows\System32\PSAPI.DLL
0x00007ffaab880000 - 0x00007ffaab8ad000 	C:\Windows\SYSTEM32\IPHLPAPI.DLL
0x00007ffaade30000 - 0x00007ffaade39000 	C:\Windows\System32\NSI.dll
0x00007ffa8db80000 - 0x00007ffa8db89000 	C:\Users\vuquo\.jdks\ms-21.0.9\bin\extnet.dll
0x00007ffaac5a0000 - 0x00007ffaac5bb000 	C:\Windows\SYSTEM32\CRYPTSP.dll
0x00007ffaabe00000 - 0x00007ffaabe35000 	C:\Windows\system32\rsaenh.dll
0x00007ffaac410000 - 0x00007ffaac438000 	C:\Windows\SYSTEM32\USERENV.dll
0x00007ffaac590000 - 0x00007ffaac59c000 	C:\Windows\SYSTEM32\CRYPTBASE.dll
0x00007ffa8c310000 - 0x00007ffa8c31e000 	C:\Users\vuquo\.jdks\ms-21.0.9\bin\sunmscapi.dll
0x00007ffaad570000 - 0x00007ffaad6d7000 	C:\Windows\System32\CRYPT32.dll
0x00007ffaac750000 - 0x00007ffaac77e000 	C:\Windows\SYSTEM32\ncrypt.dll
0x00007ffaac710000 - 0x00007ffaac747000 	C:\Windows\SYSTEM32\NTASN1.dll
0x00007ffa5ec30000 - 0x00007ffa5ec38000 	C:\Windows\system32\wshunix.dll
0x00007ffaabec0000 - 0x00007ffaabef4000 	C:\Windows\SYSTEM32\ntmarta.dll

JVMTI agents:
C:\Users\vuquo\.gradle\wrapper\dists\gradle-8.14.4-bin\92wwslzcyst3phie3o264zltu\gradle-8.14.4\lib\agents\gradle-instrumentation-agent-8.14.4.jar path:C:\Users\vuquo\.jdks\ms-21.0.9\bin\instrument.dll, loaded, initialized, instrumentlib options:none

dbghelp: loaded successfully - version: 4.0.5 - missing functions: none
symbol engine: initialized successfully - sym options: 0x614 - pdb path: .;C:\Users\vuquo\.jdks\ms-21.0.9\bin;C:\Windows\SYSTEM32;C:\Windows\WinSxS\amd64_microsoft.windows.common-controls_6595b64144ccf1df_6.0.22621.3672_none_2713b9d173822955;C:\Users\vuquo\.jdks\ms-21.0.9\bin\server;C:\Users\vuquo\.gradle\native\1def1411415f61bf3af743bc5b6707747c0891f09f0c88961ee8f79bc544acac\windows-amd64;C:\Users\vuquo\.gradle\native\0.2.7\x86_64-windows-gnu

VM Arguments:
jvm_args: --add-opens=java.base/java.lang=ALL-UNNAMED --add-opens=java.base/java.lang.invoke=ALL-UNNAMED --add-opens=java.base/java.util=ALL-UNNAMED --add-opens=java.prefs/java.util.prefs=ALL-UNNAMED --add-exports=jdk.compiler/com.sun.tools.javac.api=ALL-UNNAMED --add-exports=jdk.compiler/com.sun.tools.javac.util=ALL-UNNAMED --add-opens=java.base/java.util=ALL-UNNAMED --add-opens=java.prefs/java.util.prefs=ALL-UNNAMED --add-opens=java.base/java.nio.charset=ALL-UNNAMED --add-opens=java.base/java.net=ALL-UNNAMED --add-opens=java.base/java.util.concurrent.atomic=ALL-UNNAMED --add-opens=java.xml/javax.xml.namespace=ALL-UNNAMED -XX:MaxMetaspaceSize=384m -XX:+HeapDumpOnOutOfMemoryError -Xms256m -Xmx512m -Dfile.encoding=UTF-8 -Duser.country=US -Duser.language=en -Duser.variant -javaagent:C:\Users\vuquo\.gradle\wrapper\dists\gradle-8.14.4-bin\92wwslzcyst3phie3o264zltu\gradle-8.14.4\lib\agents\gradle-instrumentation-agent-8.14.4.jar 
java_command: org.gradle.launcher.daemon.bootstrap.GradleDaemon 8.14.4
java_class_path (initial): C:\Users\vuquo\.gradle\wrapper\dists\gradle-8.14.4-bin\92wwslzcyst3phie3o264zltu\gradle-8.14.4\lib\gradle-daemon-main-8.14.4.jar
Launcher Type: SUN_STANDARD

[Global flags]
     intx CICompilerCount                          = 4                                         {product} {ergonomic}
   size_t CompressedClassSpaceSize                 = 335544320                                 {product} {ergonomic}
     uint ConcGCThreads                            = 3                                         {product} {ergonomic}
     uint G1ConcRefinementThreads                  = 10                                        {product} {ergonomic}
   size_t G1HeapRegionSize                         = 1048576                                   {product} {ergonomic}
    uintx GCDrainStackTargetSize                   = 64                                        {product} {ergonomic}
     bool HeapDumpOnOutOfMemoryError               = true                                   {manageable} {command line}
   size_t InitialHeapSize                          = 268435456                                 {product} {command line}
   size_t MarkStackSize                            = 4194304                                   {product} {ergonomic}
   size_t MaxHeapSize                              = 536870912                                 {product} {command line}
   size_t MaxMetaspaceSize                         = 402653184                                 {product} {command line}
   size_t MaxNewSize                               = 321912832                                 {product} {ergonomic}
   size_t MinHeapDeltaBytes                        = 1048576                                   {product} {ergonomic}
   size_t MinHeapSize                              = 268435456                                 {product} {command line}
    uintx NonNMethodCodeHeapSize                   = 5839372                                {pd product} {ergonomic}
    uintx NonProfiledCodeHeapSize                  = 122909434                              {pd product} {ergonomic}
    uintx ProfiledCodeHeapSize                     = 122909434                              {pd product} {ergonomic}
    uintx ReservedCodeCacheSize                    = 251658240                              {pd product} {ergonomic}
     bool SegmentedCodeCache                       = true                                      {product} {ergonomic}
   size_t SoftMaxHeapSize                          = 536870912                              {manageable} {ergonomic}
     bool UseCompressedOops                        = true                           {product lp64_product} {ergonomic}
     bool UseG1GC                                  = true                                      {product} {ergonomic}
     bool UseLargePagesIndividualAllocation        = false                                  {pd product} {ergonomic}

Logging:
Log output configuration:
 #0: stdout all=warning uptime,level,tags foldmultilines=false
 #1: stderr all=off uptime,level,tags foldmultilines=false

Release file:
IMPLEMENTOR="Microsoft" 
IMPLEMENTOR_VERSION="Microsoft-12574459" 
JAVA_RUNTIME_VERSION="21.0.9+10-LTS" 
JAVA_VERSION="21.0.9" 
JAVA_VERSION_DATE="2025-10-21" 
LIBC="default" 
MODULES="java.base java.compiler java.datatransfer java.xml java.prefs java.desktop java.instrument java.logging java.management java.security.sasl java.naming java.rmi java.management.rmi java.net.http java.scripting java.security.jgss java.transaction.xa java.sql java.sql.rowset java.xml.crypto java.se java.smartcardio jdk.accessibility jdk.internal.jvmstat jdk.attach jdk.charsets jdk.internal.opt jdk.zipfs jdk.compiler jdk.crypto.ec jdk.crypto.cryptoki jdk.crypto.mscapi jdk.dynalink jdk.internal.ed jdk.editpad jdk.hotspot.agent jdk.httpserver jdk.incubator.vector jdk.internal.le jdk.internal.vm.ci jdk.internal.vm.compiler jdk.internal.vm.compiler.management jdk.jartool jdk.javadoc jdk.jcmd jdk.management jdk.management.agent jdk.jconsole jdk.jdeps jdk.jdwp.agent jdk.jdi jdk.jfr jdk.jlink jdk.jpackage jdk.jshell jdk.jsobject jdk.jstatd jdk.localedata jdk.management.jfr jdk.naming.dns jdk.naming.rmi jdk.net jdk.nio.mapmode jdk.random jdk.sctp jdk.security.auth jdk.security.jgss jdk.unsupported jdk.unsupported.desktop jdk.xml.dom" 
OS_ARCH="x86_64" 
OS_NAME="Windows" 
SOURCE=".:git:e0bc49609000" 

Environment Variables:
PATH=C:\Program Files\Common Files\Oracle\Java\javapath;C:\u01\app\oracle\product\21c\db_home\bin;D:\u01\app\oracle\product\21c\db_home\bin;D:\orcl21\app\oracle\product\21c\db_home\bin;C:\Program Files (x86)\VMware\VMware Workstation\bin\;C:\Windows\system32;C:\Windows;C:\Windows\System32\Wbem;C:\Windows\System32\WindowsPowerShell\v1.0\;C:\Windows\System32\OpenSSH\;C:\Program Files\dotnet\;C:\Program Files\Git\cmd;C:\Program Files\nodejs\;C:\Users\vuquo\AppData\Local\Programs\Python\Launcher\;C:\Program Files\MySQL\MySQL Shell 8.0\bin\;C:\Users\vuquo\AppData\Local\Microsoft\WindowsApps;C:\Users\vuquo\AppData\Local\Programs\Microsoft VS Code\bin;C:\Users\vuquo\AppData\Roaming\npm;C:\Program Files\JetBrains\IntelliJ IDEA 2025.1.3\bin;;C:\Users\vuquo\.dotnet\tools;D:\Antigravity\bin
USERNAME=vuquo
OS=Windows_NT
PROCESSOR_IDENTIFIER=Intel64 Family 6 Model 141 Stepping 1, GenuineIntel
TMP=C:\Users\vuquo\AppData\Local\Temp
TEMP=C:\Users\vuquo\AppData\Local\Temp




Periodic native trim disabled

---------------  S Y S T E M  ---------------

OS:
 Windows 11 , 64 bit Build 22621 (10.0.22621.3672)
OS uptime: 0 days 5:52 hours
Hyper-V role detected

CPU: total 12 (initial active 12) (6 cores per cpu, 2 threads per core) family 6 model 141 stepping 1 microcode 0x34, cx8, cmov, fxsr, ht, mmx, 3dnowpref, sse, sse2, sse3, ssse3, sse4.1, sse4.2, popcnt, lzcnt, tsc, tscinvbit, avx, avx2, aes, erms, clmul, bmi1, bmi2, adx, avx512f, avx512dq, avx512cd, avx512bw, avx512vl, sha, fma, vzeroupper, avx512_vpopcntdq, avx512_vpclmulqdq, avx512_vaes, avx512_vnni, clflush, clflushopt, clwb, avx512_vbmi2, avx512_vbmi, hv, rdtscp, rdpid, fsrm, gfni, avx512_bitalg, f16c, cet_ibt, cet_ss, avx512_ifma
Processor Information for the first 12 processors :
  Max Mhz: 2611, Current Mhz: 2611, Mhz Limit: 2611

Memory: 4k page, system-wide physical 7913M (332M free)
TotalPageFile size 15913M (AvailPageFile size 4M)
current process WorkingSet (physical memory assigned to process): 473M, peak: 522M
current process commit charge ("private bytes"): 546M, peak: 587M

vm_info: OpenJDK 64-Bit Server VM (21.0.9+10-LTS) for windows-amd64 JRE (21.0.9+10-LTS), built on 2025-10-13T22:04:36Z by "MicrosoftCorporation" with unknown MS VC++:1944

END.
